2025-04-11 10:00:50,287 - INFO - === INICIANDO ROBÔ PARIS ===
2025-04-11 10:00:50,297 - INFO - Diretório base de destino encontrado: I:\Contabilidade\Banco Online
2025-04-11 10:00:50,297 - INFO - Diretório de download configurado: C:\Users\Administrador\Downloads
2025-04-11 10:00:50,297 - INFO - Período calculado: 01/03/2025 a 31/03/2025 (Ano: 2025, Mês: março)
2025-04-11 10:00:50,297 - INFO - Inicializando o driver do Chrome
2025-04-11 10:00:50,297 - INFO - ====== WebDriver manager ======
2025-04-11 10:00:51,184 - INFO - Get LATEST chromedriver version for google-chrome
2025-04-11 10:00:51,246 - INFO - Get LATEST chromedriver version for google-chrome
2025-04-11 10:00:51,304 - INFO - Driver [C:\Users\Administrador\.wdm\drivers\chromedriver\win64\135.0.7049.84\chromedriver-win32/chromedriver.exe] found in cache
2025-04-11 10:00:52,479 - INFO - Driver inicializado com sucesso
2025-04-11 10:00:52,480 - INFO - Iniciando processo de login
2025-04-11 10:00:54,633 - INFO - Acessando URL de login: https://portal.ssparisi.com.br/prime/login.php
2025-04-11 10:00:54,781 - INFO - Usuário preenchido
2025-04-11 10:00:54,902 - INFO - Senha preenchida
2025-04-11 10:00:54,998 - INFO - Login realizado com sucesso
2025-04-11 10:00:54,998 - INFO - Lendo planilha de empresas: empresas.xlsx
2025-04-11 10:00:55,251 - INFO - Total de empresas na planilha: 3
2025-04-11 10:00:55,251 - INFO - 
==================================================
2025-04-11 10:00:55,251 - INFO - EMPRESA 1/3: LUSITANO
2025-04-11 10:00:55,251 - INFO - ==================================================
2025-04-11 10:00:55,251 - INFO - Tentativa 1/3 para empresa LUSITANO
2025-04-11 10:00:55,251 - INFO - Processando empresa: LUSITANO - Período: 01/03/2025 a 31/03/2025
2025-04-11 10:01:02,763 - INFO - Acessando URL de extrato: https://portal.ssparisi.com.br/prime/app/ctrl/GestaoBankExtratoSS.php
2025-04-11 10:01:02,925 - INFO - Empresa 'LUSITANO' selecionada
2025-04-11 10:01:06,029 - INFO - Botão de bancos clicado
2025-04-11 10:01:08,035 - INFO - Banco sicredi (classe button-34) não encontrado para esta empresa
2025-04-11 10:01:08,083 - INFO - Encontrado(s) 1 conta(s) do banco itau
2025-04-11 10:01:08,098 - INFO - Processando conta 1 do banco itau (ID: account-8050)
2025-04-11 10:01:17,256 - INFO - Data inicial preenchida: 01/03/2025
2025-04-11 10:01:17,341 - INFO - Data final preenchida: 31/03/2025
2025-04-11 10:01:25,598 - INFO - Botão processar clicado, aguardando processamento...
2025-04-11 10:02:02,691 - ERROR - Erro ao processar conta 1 do banco itau: Message: 
Stacktrace:
	GetHandleVerifier [0x008780E3+60707]
	GetHandleVerifier [0x00878124+60772]
	(No symbol) [0x006A0683]
	(No symbol) [0x006E8660]
	(No symbol) [0x006E89FB]
	(No symbol) [0x00731022]
	(No symbol) [0x0070D094]
	(No symbol) [0x0072E824]
	(No symbol) [0x0070CE46]
	(No symbol) [0x006DC5D3]
	(No symbol) [0x006DD424]
	GetHandleVerifier [0x00ABBBC3+2435075]
	GetHandleVerifier [0x00AB7163+2416035]
	GetHandleVerifier [0x00AD350C+2531660]
	GetHandleVerifier [0x0088F1B5+155125]
	GetHandleVerifier [0x00895B5D+182173]
	GetHandleVerifier [0x0087F9B8+91640]
	GetHandleVerifier [0x0087FB60+92064]
	GetHandleVerifier [0x0086A620+4704]
	BaseThreadInitThunk [0x75FE5D49+25]
	RtlInitializeExceptionChain [0x7732CF0B+107]
	RtlGetAppContainerNamedObjectPath [0x7732CE91+561]

2025-04-11 10:02:02,707 - INFO - Banco santander (classe button-32) não encontrado para esta empresa
2025-04-11 10:02:02,712 - INFO - Banco bradesco (classe button-15) não encontrado para esta empresa
2025-04-11 10:02:02,712 - WARNING - Nenhuma conta bancária foi processada para a empresa LUSITANO
2025-04-11 10:02:02,712 - WARNING - Falha ao processar empresa LUSITANO na tentativa 1
2025-04-11 10:02:02,712 - INFO - Aguardando 5 segundos antes da próxima tentativa 2/3...
2025-04-11 10:02:07,722 - INFO - Tentativa 2/3 para empresa LUSITANO
2025-04-11 10:02:07,722 - INFO - Processando empresa: LUSITANO - Período: 01/03/2025 a 31/03/2025
2025-04-11 10:02:09,131 - INFO - Acessando URL de extrato: https://portal.ssparisi.com.br/prime/app/ctrl/GestaoBankExtratoSS.php
2025-04-11 10:02:09,245 - INFO - Empresa 'LUSITANO' selecionada
2025-04-11 10:02:12,326 - INFO - Botão de bancos clicado
2025-04-11 10:02:14,336 - INFO - Banco sicredi (classe button-34) não encontrado para esta empresa
2025-04-11 10:02:14,362 - INFO - Encontrado(s) 1 conta(s) do banco itau
2025-04-11 10:02:14,381 - INFO - Processando conta 1 do banco itau (ID: account-8050)
2025-04-11 10:02:23,519 - INFO - Data inicial preenchida: 01/03/2025
2025-04-11 10:02:23,608 - INFO - Data final preenchida: 31/03/2025
2025-04-11 10:02:32,288 - INFO - Botão processar clicado, aguardando processamento...
2025-04-11 10:03:09,370 - ERROR - Erro ao processar conta 1 do banco itau: Message: 
Stacktrace:
	GetHandleVerifier [0x008780E3+60707]
	GetHandleVerifier [0x00878124+60772]
	(No symbol) [0x006A0683]
	(No symbol) [0x006E8660]
	(No symbol) [0x006E89FB]
	(No symbol) [0x00731022]
	(No symbol) [0x0070D094]
	(No symbol) [0x0072E824]
	(No symbol) [0x0070CE46]
	(No symbol) [0x006DC5D3]
	(No symbol) [0x006DD424]
	GetHandleVerifier [0x00ABBBC3+2435075]
	GetHandleVerifier [0x00AB7163+2416035]
	GetHandleVerifier [0x00AD350C+2531660]
	GetHandleVerifier [0x0088F1B5+155125]
	GetHandleVerifier [0x00895B5D+182173]
	GetHandleVerifier [0x0087F9B8+91640]
	GetHandleVerifier [0x0087FB60+92064]
	GetHandleVerifier [0x0086A620+4704]
	BaseThreadInitThunk [0x75FE5D49+25]
	RtlInitializeExceptionChain [0x7732CF0B+107]
	RtlGetAppContainerNamedObjectPath [0x7732CE91+561]

2025-04-11 10:03:09,378 - INFO - Banco santander (classe button-32) não encontrado para esta empresa
2025-04-11 10:03:09,404 - INFO - Banco bradesco (classe button-15) não encontrado para esta empresa
2025-04-11 10:03:09,405 - WARNING - Nenhuma conta bancária foi processada para a empresa LUSITANO
2025-04-11 10:03:09,406 - WARNING - Falha ao processar empresa LUSITANO na tentativa 2
2025-04-11 10:03:09,406 - INFO - Aguardando 5 segundos antes da próxima tentativa 3/3...
2025-04-11 10:03:14,407 - INFO - Tentativa 3/3 para empresa LUSITANO
2025-04-11 10:03:14,407 - INFO - Processando empresa: LUSITANO - Período: 01/03/2025 a 31/03/2025
2025-04-11 10:03:15,985 - INFO - Acessando URL de extrato: https://portal.ssparisi.com.br/prime/app/ctrl/GestaoBankExtratoSS.php
2025-04-11 10:03:16,110 - INFO - Empresa 'LUSITANO' selecionada
2025-04-11 10:03:19,192 - INFO - Botão de bancos clicado
2025-04-11 10:03:21,202 - INFO - Banco sicredi (classe button-34) não encontrado para esta empresa
2025-04-11 10:03:21,238 - INFO - Encontrado(s) 1 conta(s) do banco itau
2025-04-11 10:03:21,254 - INFO - Processando conta 1 do banco itau (ID: account-8050)
2025-04-11 10:03:30,399 - INFO - Data inicial preenchida: 01/03/2025
2025-04-11 10:03:30,497 - INFO - Data final preenchida: 31/03/2025
2025-04-11 10:03:30,577 - INFO - Botão processar clicado, aguardando processamento...
2025-04-11 10:04:16,045 - INFO - Botão exportar clicado
2025-04-11 10:04:16,080 - INFO - Download iniciado para LUSITANO - itau - conta 1
2025-04-11 10:04:21,083 - INFO - Procurando arquivo baixado (tentativa 1/15)
2025-04-11 10:04:22,085 - INFO - Procurando arquivo baixado (tentativa 2/15)
2025-04-11 10:04:23,086 - INFO - Procurando arquivo baixado (tentativa 3/15)
2025-04-11 10:04:24,088 - INFO - Procurando arquivo baixado (tentativa 4/15)
2025-04-11 10:04:25,089 - INFO - Procurando arquivo baixado (tentativa 5/15)
2025-04-11 10:04:26,091 - INFO - Procurando arquivo baixado (tentativa 6/15)
2025-04-11 10:04:27,092 - INFO - Procurando arquivo baixado (tentativa 7/15)
2025-04-11 10:04:28,094 - INFO - Procurando arquivo baixado (tentativa 8/15)
2025-04-11 10:04:29,096 - INFO - Procurando arquivo baixado (tentativa 9/15)
2025-04-11 10:04:30,098 - INFO - Procurando arquivo baixado (tentativa 10/15)
2025-04-11 10:04:31,099 - INFO - Procurando arquivo baixado (tentativa 11/15)
2025-04-11 10:04:32,101 - INFO - Procurando arquivo baixado (tentativa 12/15)
2025-04-11 10:04:33,103 - INFO - Procurando arquivo baixado (tentativa 13/15)
2025-04-11 10:04:34,104 - INFO - Procurando arquivo baixado (tentativa 14/15)
2025-04-11 10:04:35,106 - INFO - Procurando arquivo baixado (tentativa 15/15)
2025-04-11 10:04:36,108 - WARNING - Arquivo não encontrado para mover
2025-04-11 10:04:36,108 - WARNING - Não foi possível mover o arquivo para LUSITANO - itau - conta 1
2025-04-11 10:04:36,116 - INFO - Banco santander (classe button-32) não encontrado para esta empresa
2025-04-11 10:04:36,125 - INFO - Banco bradesco (classe button-15) não encontrado para esta empresa
2025-04-11 10:04:36,125 - WARNING - Nenhuma conta bancária foi processada para a empresa LUSITANO
2025-04-11 10:04:36,125 - WARNING - Falha ao processar empresa LUSITANO na tentativa 3
2025-04-11 10:04:36,125 - ERROR - Falha ao processar empresa LUSITANO após 3 tentativas
2025-04-11 10:04:36,132 - INFO - Erro registrado no arquivo de log: I:\Contabilidade\Banco Online\2025\março\erros_download_20250411.txt
2025-04-11 10:04:36,133 - ERROR - Todas as 3 tentativas falharam para empresa LUSITANO
2025-04-11 10:04:36,133 - INFO - 
==================================================
2025-04-11 10:04:36,134 - INFO - EMPRESA 2/3: NUTRI
2025-04-11 10:04:36,134 - INFO - ==================================================
2025-04-11 10:04:36,134 - INFO - Tentativa 1/3 para empresa NUTRI
2025-04-11 10:04:36,135 - INFO - Processando empresa: NUTRI - Período: 01/03/2025 a 31/03/2025
2025-04-11 10:04:38,038 - INFO - Acessando URL de extrato: https://portal.ssparisi.com.br/prime/app/ctrl/GestaoBankExtratoSS.php
2025-04-11 10:04:38,173 - INFO - Empresa 'NUTRI' selecionada
2025-04-11 10:04:40,910 - INFO - Fechando o navegador
2025-04-11 10:04:40,910 - WARNING - Retrying (Retry(total=2, connect=None, read=None, redirect=None, status=None)) after connection broken by 'ConnectionResetError(10054, 'Foi forçado o cancelamento de uma conexão existente pelo host remoto', None, 10054, None)': /session/fdcfcc01835280db57c13aca5558793c
2025-04-11 10:04:44,978 - WARNING - Retrying (Retry(total=1, connect=None, read=None, redirect=None, status=None)) after connection broken by 'NewConnectionError('<urllib3.connection.HTTPConnection object at 0x000002AD783E7210>: Failed to establish a new connection: [WinError 10061] Nenhuma conexão pôde ser feita porque a máquina de destino as recusou ativamente')': /session/fdcfcc01835280db57c13aca5558793c
2025-04-11 10:04:49,053 - WARNING - Retrying (Retry(total=0, connect=None, read=None, redirect=None, status=None)) after connection broken by 'NewConnectionError('<urllib3.connection.HTTPConnection object at 0x000002AD782CEA90>: Failed to establish a new connection: [WinError 10061] Nenhuma conexão pôde ser feita porque a máquina de destino as recusou ativamente')': /session/fdcfcc01835280db57c13aca5558793c
