2025-04-11 11:10:41,812 - INFO - === INICIANDO ROBÔ PARIS ===
2025-04-11 11:10:58,185 - INFO - Diretório base de destino encontrado: I:\Contabilidade\Banco Online
2025-04-11 11:10:58,185 - INFO - Diretório de download configurado: C:\Users\Administrador\Downloads
2025-04-11 11:10:58,185 - INFO - Período calculado: 01/03/2025 a 31/03/2025 (Ano: 2025, Mês: março)
2025-04-11 11:10:58,185 - INFO - Inicializando o driver do Chrome
2025-04-11 11:10:58,186 - INFO - ====== WebDriver manager ======
2025-04-11 11:10:59,255 - INFO - Get LATEST chromedriver version for google-chrome
2025-04-11 11:10:59,322 - INFO - Get LATEST chromedriver version for google-chrome
2025-04-11 11:10:59,393 - INFO - Driver [C:\Users\Administrador\.wdm\drivers\chromedriver\win64\135.0.7049.84\chromedriver-win32/chromedriver.exe] found in cache
2025-04-11 11:11:00,667 - INFO - Driver inicializado com sucesso
2025-04-11 11:11:00,668 - INFO - Iniciando processo de login
2025-04-11 11:11:03,309 - INFO - Acessando URL de login: https://portal.ssparisi.com.br/prime/login.php
2025-04-11 11:11:03,448 - INFO - Usuário preenchido
2025-04-11 11:11:03,559 - INFO - Senha preenchida
2025-04-11 11:11:03,669 - INFO - Login realizado com sucesso
2025-04-11 11:11:03,670 - INFO - Lendo planilha de empresas: empresas.xlsx
2025-04-11 11:11:03,943 - INFO - Total de empresas na planilha: 3
2025-04-11 11:11:03,943 - INFO - 
==================================================
2025-04-11 11:11:03,944 - INFO - EMPRESA 1/3: LUSITANO
2025-04-11 11:11:03,944 - INFO - ==================================================
2025-04-11 11:11:03,944 - INFO - Tentativa 1/2 para empresa LUSITANO
2025-04-11 11:11:03,945 - INFO - Processando empresa: LUSITANO - Período: 01/03/2025 a 31/03/2025
2025-04-11 11:11:03,945 - INFO - Identificando bancos disponíveis para a empresa: LUSITANO
2025-04-11 11:11:12,092 - INFO - Acessando URL de extrato: https://portal.ssparisi.com.br/prime/app/ctrl/GestaoBankExtratoSS.php
2025-04-11 11:11:12,252 - INFO - Empresa 'LUSITANO' selecionada
2025-04-11 11:11:15,368 - INFO - Botão de bancos clicado
2025-04-11 11:11:17,381 - INFO - Banco sicredi (classe button-34) não encontrado para esta empresa
2025-04-11 11:11:17,437 - INFO - Encontrado(s) 1 conta(s) do banco itau
2025-04-11 11:11:17,486 - INFO - Encontrado(s) 1 conta(s) do banco santander
2025-04-11 11:11:17,499 - INFO - Banco bradesco (classe button-15) não encontrado para esta empresa
2025-04-11 11:11:17,500 - INFO - Total de bancos encontrados: 2
2025-04-11 11:11:17,500 - INFO - Processando banco itau com 1 conta(s)...
2025-04-11 11:11:19,106 - INFO - Acessando página de extrato para processar conta 1 do banco itau
2025-04-11 11:11:24,359 - INFO - Processando conta 1 do banco itau (ID: account-8050)
2025-04-11 11:11:34,523 - INFO - Data inicial preenchida: 01/03/2025
2025-04-11 11:11:34,618 - INFO - Data final preenchida: 31/03/2025
2025-04-11 11:11:42,728 - INFO - Botão processar clicado, aguardando processamento...
2025-04-11 11:12:19,810 - WARNING - Não foi possível verificar os lançamentos: Message: 
Stacktrace:
	GetHandleVerifier [0x008780E3+60707]
	GetHandleVerifier [0x00878124+60772]
	(No symbol) [0x006A0683]
	(No symbol) [0x006E8660]
	(No symbol) [0x006E89FB]
	(No symbol) [0x00731022]
	(No symbol) [0x0070D094]
	(No symbol) [0x0072E824]
	(No symbol) [0x0070CE46]
	(No symbol) [0x006DC5D3]
	(No symbol) [0x006DD424]
	GetHandleVerifier [0x00ABBBC3+2435075]
	GetHandleVerifier [0x00AB7163+2416035]
	GetHandleVerifier [0x00AD350C+2531660]
	GetHandleVerifier [0x0088F1B5+155125]
	GetHandleVerifier [0x00895B5D+182173]
	GetHandleVerifier [0x0087F9B8+91640]
	GetHandleVerifier [0x0087FB60+92064]
	GetHandleVerifier [0x0086A620+4704]
	BaseThreadInitThunk [0x75FE5D49+25]
	RtlInitializeExceptionChain [0x7732CF0B+107]
	RtlGetAppContainerNamedObjectPath [0x7732CE91+561]

2025-04-11 11:12:49,891 - ERROR - Erro ao processar conta 1 do banco itau: Message: 
Stacktrace:
	GetHandleVerifier [0x008780E3+60707]
	GetHandleVerifier [0x00878124+60772]
	(No symbol) [0x006A0683]
	(No symbol) [0x006E8660]
	(No symbol) [0x006E89FB]
	(No symbol) [0x00731022]
	(No symbol) [0x0070D094]
	(No symbol) [0x0072E824]
	(No symbol) [0x0070CE46]
	(No symbol) [0x006DC5D3]
	(No symbol) [0x006DD424]
	GetHandleVerifier [0x00ABBBC3+2435075]
	GetHandleVerifier [0x00AB7163+2416035]
	GetHandleVerifier [0x00AD350C+2531660]
	GetHandleVerifier [0x0088F1B5+155125]
	GetHandleVerifier [0x00895B5D+182173]
	GetHandleVerifier [0x0087F9B8+91640]
	GetHandleVerifier [0x0087FB60+92064]
	GetHandleVerifier [0x0086A620+4704]
	BaseThreadInitThunk [0x75FE5D49+25]
	RtlInitializeExceptionChain [0x7732CF0B+107]
	RtlGetAppContainerNamedObjectPath [0x7732CE91+561]

2025-04-11 11:12:49,892 - INFO - Processando banco santander com 1 conta(s)...
2025-04-11 11:12:51,683 - INFO - Acessando página de extrato para processar conta 1 do banco santander
2025-04-11 11:12:56,907 - INFO - Processando conta 1 do banco santander (ID: account-8051)
2025-04-11 11:13:07,054 - INFO - Data inicial preenchida: 01/03/2025
2025-04-11 11:13:07,141 - INFO - Data final preenchida: 31/03/2025
2025-04-11 11:13:17,907 - INFO - Botão processar clicado, aguardando processamento...
2025-04-11 11:13:54,963 - WARNING - Não foi possível verificar os lançamentos: Message: 
Stacktrace:
	GetHandleVerifier [0x008780E3+60707]
	GetHandleVerifier [0x00878124+60772]
	(No symbol) [0x006A0683]
	(No symbol) [0x006E8660]
	(No symbol) [0x006E89FB]
	(No symbol) [0x00731022]
	(No symbol) [0x0070D094]
	(No symbol) [0x0072E824]
	(No symbol) [0x0070CE46]
	(No symbol) [0x006DC5D3]
	(No symbol) [0x006DD424]
	GetHandleVerifier [0x00ABBBC3+2435075]
	GetHandleVerifier [0x00AB7163+2416035]
	GetHandleVerifier [0x00AD350C+2531660]
	GetHandleVerifier [0x0088F1B5+155125]
	GetHandleVerifier [0x00895B5D+182173]
	GetHandleVerifier [0x0087F9B8+91640]
	GetHandleVerifier [0x0087FB60+92064]
	GetHandleVerifier [0x0086A620+4704]
	BaseThreadInitThunk [0x75FE5D49+25]
	RtlInitializeExceptionChain [0x7732CF0B+107]
	RtlGetAppContainerNamedObjectPath [0x7732CE91+561]

2025-04-11 11:14:25,004 - ERROR - Erro ao processar conta 1 do banco santander: Message: 
Stacktrace:
	GetHandleVerifier [0x008780E3+60707]
	GetHandleVerifier [0x00878124+60772]
	(No symbol) [0x006A0683]
	(No symbol) [0x006E8660]
	(No symbol) [0x006E89FB]
	(No symbol) [0x00731022]
	(No symbol) [0x0070D094]
	(No symbol) [0x0072E824]
	(No symbol) [0x0070CE46]
	(No symbol) [0x006DC5D3]
	(No symbol) [0x006DD424]
	GetHandleVerifier [0x00ABBBC3+2435075]
	GetHandleVerifier [0x00AB7163+2416035]
	GetHandleVerifier [0x00AD350C+2531660]
	GetHandleVerifier [0x0088F1B5+155125]
	GetHandleVerifier [0x00895B5D+182173]
	GetHandleVerifier [0x0087F9B8+91640]
	GetHandleVerifier [0x0087FB60+92064]
	GetHandleVerifier [0x0086A620+4704]
	BaseThreadInitThunk [0x75FE5D49+25]
	RtlInitializeExceptionChain [0x7732CF0B+107]
	RtlGetAppContainerNamedObjectPath [0x7732CE91+561]

2025-04-11 11:14:25,005 - WARNING - Nenhuma conta bancária foi processada para a empresa LUSITANO
2025-04-11 11:14:25,005 - WARNING - Falha ao processar empresa LUSITANO na tentativa 1
2025-04-11 11:14:25,005 - INFO - Aguardando 5 segundos antes da próxima tentativa 2/2...
2025-04-11 11:14:30,007 - INFO - Tentativa 2/2 para empresa LUSITANO
2025-04-11 11:14:30,007 - INFO - Processando empresa: LUSITANO - Período: 01/03/2025 a 31/03/2025
2025-04-11 11:14:30,007 - INFO - Identificando bancos disponíveis para a empresa: LUSITANO
2025-04-11 11:14:31,912 - INFO - Acessando URL de extrato: https://portal.ssparisi.com.br/prime/app/ctrl/GestaoBankExtratoSS.php
2025-04-11 11:14:32,031 - INFO - Empresa 'LUSITANO' selecionada
2025-04-11 11:14:35,112 - INFO - Botão de bancos clicado
2025-04-11 11:14:37,124 - INFO - Banco sicredi (classe button-34) não encontrado para esta empresa
2025-04-11 11:14:37,175 - INFO - Encontrado(s) 1 conta(s) do banco itau
2025-04-11 11:14:37,216 - INFO - Encontrado(s) 1 conta(s) do banco santander
2025-04-11 11:14:37,226 - INFO - Banco bradesco (classe button-15) não encontrado para esta empresa
2025-04-11 11:14:37,226 - INFO - Total de bancos encontrados: 2
2025-04-11 11:14:37,227 - INFO - Processando banco itau com 1 conta(s)...
2025-04-11 11:14:38,760 - INFO - Acessando página de extrato para processar conta 1 do banco itau
2025-04-11 11:14:44,008 - INFO - Processando conta 1 do banco itau (ID: account-8050)
2025-04-11 11:14:54,150 - INFO - Data inicial preenchida: 01/03/2025
2025-04-11 11:14:54,238 - INFO - Data final preenchida: 31/03/2025
2025-04-11 11:15:05,993 - INFO - Botão processar clicado, aguardando processamento...
2025-04-11 11:15:43,089 - WARNING - Não foi possível verificar os lançamentos: Message: 
Stacktrace:
	GetHandleVerifier [0x008780E3+60707]
	GetHandleVerifier [0x00878124+60772]
	(No symbol) [0x006A0683]
	(No symbol) [0x006E8660]
	(No symbol) [0x006E89FB]
	(No symbol) [0x00731022]
	(No symbol) [0x0070D094]
	(No symbol) [0x0072E824]
	(No symbol) [0x0070CE46]
	(No symbol) [0x006DC5D3]
	(No symbol) [0x006DD424]
	GetHandleVerifier [0x00ABBBC3+2435075]
	GetHandleVerifier [0x00AB7163+2416035]
	GetHandleVerifier [0x00AD350C+2531660]
	GetHandleVerifier [0x0088F1B5+155125]
	GetHandleVerifier [0x00895B5D+182173]
	GetHandleVerifier [0x0087F9B8+91640]
	GetHandleVerifier [0x0087FB60+92064]
	GetHandleVerifier [0x0086A620+4704]
	BaseThreadInitThunk [0x75FE5D49+25]
	RtlInitializeExceptionChain [0x7732CF0B+107]
	RtlGetAppContainerNamedObjectPath [0x7732CE91+561]

2025-04-11 11:16:13,129 - ERROR - Erro ao processar conta 1 do banco itau: Message: 
Stacktrace:
	GetHandleVerifier [0x008780E3+60707]
	GetHandleVerifier [0x00878124+60772]
	(No symbol) [0x006A0683]
	(No symbol) [0x006E8660]
	(No symbol) [0x006E89FB]
	(No symbol) [0x00731022]
	(No symbol) [0x0070D094]
	(No symbol) [0x0072E824]
	(No symbol) [0x0070CE46]
	(No symbol) [0x006DC5D3]
	(No symbol) [0x006DD424]
	GetHandleVerifier [0x00ABBBC3+2435075]
	GetHandleVerifier [0x00AB7163+2416035]
	GetHandleVerifier [0x00AD350C+2531660]
	GetHandleVerifier [0x0088F1B5+155125]
	GetHandleVerifier [0x00895B5D+182173]
	GetHandleVerifier [0x0087F9B8+91640]
	GetHandleVerifier [0x0087FB60+92064]
	GetHandleVerifier [0x0086A620+4704]
	BaseThreadInitThunk [0x75FE5D49+25]
	RtlInitializeExceptionChain [0x7732CF0B+107]
	RtlGetAppContainerNamedObjectPath [0x7732CE91+561]

2025-04-11 11:16:13,130 - INFO - Processando banco santander com 1 conta(s)...
2025-04-11 11:16:17,881 - INFO - Acessando página de extrato para processar conta 1 do banco santander
2025-04-11 11:16:51,455 - ERROR - Erro ao processar conta 1 do banco santander: Message: 

2025-04-11 11:16:51,456 - WARNING - Nenhuma conta bancária foi processada para a empresa LUSITANO
2025-04-11 11:16:51,456 - WARNING - Falha ao processar empresa LUSITANO na tentativa 2
2025-04-11 11:16:51,457 - ERROR - Falha ao processar empresa LUSITANO após 2 tentativas
2025-04-11 11:16:54,188 - INFO - Pasta ano/mês criada: I:\Contabilidade\Banco Online\2025\março
2025-04-11 11:16:54,620 - INFO - Erro registrado no arquivo de log: I:\Contabilidade\Banco Online\2025\março\erros_download_20250411.txt
2025-04-11 11:16:54,620 - ERROR - Todas as 2 tentativas falharam para empresa LUSITANO
2025-04-11 11:16:54,621 - INFO - 
==================================================
2025-04-11 11:16:54,621 - INFO - EMPRESA 2/3: NUTRI
2025-04-11 11:16:54,621 - INFO - ==================================================
2025-04-11 11:16:54,622 - INFO - Tentativa 1/2 para empresa NUTRI
2025-04-11 11:16:54,622 - INFO - Processando empresa: NUTRI - Período: 01/03/2025 a 31/03/2025
2025-04-11 11:16:54,622 - INFO - Identificando bancos disponíveis para a empresa: NUTRI
2025-04-11 11:16:58,709 - INFO - Acessando URL de extrato: https://portal.ssparisi.com.br/prime/app/ctrl/GestaoBankExtratoSS.php
2025-04-11 11:16:58,836 - INFO - Empresa 'NUTRI' selecionada
2025-04-11 11:17:01,927 - INFO - Botão de bancos clicado
2025-04-11 11:17:03,940 - INFO - Banco sicredi (classe button-34) não encontrado para esta empresa
2025-04-11 11:17:03,951 - INFO - Banco itau (classe button-23) não encontrado para esta empresa
2025-04-11 11:17:03,963 - INFO - Banco santander (classe button-32) não encontrado para esta empresa
2025-04-11 11:17:03,973 - INFO - Banco bradesco (classe button-15) não encontrado para esta empresa
2025-04-11 11:17:03,974 - WARNING - Nenhum banco encontrado para a empresa NUTRI
2025-04-11 11:17:03,974 - WARNING - Falha ao processar empresa NUTRI na tentativa 1
2025-04-11 11:17:03,975 - INFO - Aguardando 5 segundos antes da próxima tentativa 2/2...
2025-04-11 11:17:08,976 - INFO - Tentativa 2/2 para empresa NUTRI
2025-04-11 11:17:08,976 - INFO - Processando empresa: NUTRI - Período: 01/03/2025 a 31/03/2025
2025-04-11 11:17:08,976 - INFO - Identificando bancos disponíveis para a empresa: NUTRI
2025-04-11 11:17:13,075 - INFO - Acessando URL de extrato: https://portal.ssparisi.com.br/prime/app/ctrl/GestaoBankExtratoSS.php
2025-04-11 11:17:13,268 - INFO - Empresa 'NUTRI' selecionada
2025-04-11 11:17:16,333 - INFO - Botão de bancos clicado
2025-04-11 11:17:18,343 - INFO - Banco sicredi (classe button-34) não encontrado para esta empresa
2025-04-11 11:17:18,391 - INFO - Encontrado(s) 1 conta(s) do banco itau
2025-04-11 11:17:18,400 - INFO - Banco santander (classe button-32) não encontrado para esta empresa
2025-04-11 11:17:18,407 - INFO - Banco bradesco (classe button-15) não encontrado para esta empresa
2025-04-11 11:17:18,408 - INFO - Total de bancos encontrados: 1
2025-04-11 11:17:18,408 - INFO - Processando banco itau com 1 conta(s)...
2025-04-11 11:17:19,831 - INFO - Acessando página de extrato para processar conta 1 do banco itau
2025-04-11 11:17:25,052 - INFO - Processando conta 1 do banco itau (ID: account-8053)
2025-04-11 11:17:35,203 - INFO - Data inicial preenchida: 01/03/2025
2025-04-11 11:17:35,287 - INFO - Data final preenchida: 31/03/2025
2025-04-11 11:17:46,124 - INFO - Botão processar clicado, aguardando processamento...
2025-04-11 11:17:53,147 - INFO - Informação de lançamentos: NUTRI - ITAU (Conta: 0454990946) - 0/36
2025-04-11 11:17:53,148 - INFO - Lançamentos: 0 de 36
2025-04-11 11:17:53,148 - WARNING - Nem todos os lançamentos foram feitos: 0/36
2025-04-11 11:17:53,151 - INFO - Erro registrado no arquivo de log: I:\Contabilidade\Banco Online\2025\março\erros_download_20250411.txt
2025-04-11 11:17:53,152 - INFO - Pulando para o próximo banco ou empresa...
2025-04-11 11:17:53,152 - WARNING - Nenhuma conta bancária foi processada para a empresa NUTRI
2025-04-11 11:17:53,152 - WARNING - Falha ao processar empresa NUTRI na tentativa 2
2025-04-11 11:17:53,153 - ERROR - Falha ao processar empresa NUTRI após 2 tentativas
2025-04-11 11:17:53,164 - INFO - Erro registrado no arquivo de log: I:\Contabilidade\Banco Online\2025\março\erros_download_20250411.txt
2025-04-11 11:17:53,164 - ERROR - Todas as 2 tentativas falharam para empresa NUTRI
2025-04-11 11:17:53,165 - INFO - 
==================================================
2025-04-11 11:17:53,165 - INFO - EMPRESA 3/3: LACERDA
2025-04-11 11:17:53,165 - INFO - ==================================================
2025-04-11 11:17:53,166 - INFO - Tentativa 1/2 para empresa LACERDA
2025-04-11 11:17:53,166 - INFO - Processando empresa: LACERDA - Período: 01/03/2025 a 31/03/2025
2025-04-11 11:17:53,166 - INFO - Identificando bancos disponíveis para a empresa: LACERDA
2025-04-11 11:17:55,296 - INFO - Acessando URL de extrato: https://portal.ssparisi.com.br/prime/app/ctrl/GestaoBankExtratoSS.php
2025-04-11 11:17:55,420 - INFO - Empresa 'LACERDA' selecionada
2025-04-11 11:17:58,500 - INFO - Botão de bancos clicado
2025-04-11 11:18:00,539 - INFO - Encontrado(s) 1 conta(s) do banco sicredi
2025-04-11 11:18:00,546 - INFO - Banco itau (classe button-23) não encontrado para esta empresa
2025-04-11 11:18:00,555 - INFO - Banco santander (classe button-32) não encontrado para esta empresa
2025-04-11 11:18:00,562 - INFO - Banco bradesco (classe button-15) não encontrado para esta empresa
2025-04-11 11:18:00,563 - INFO - Total de bancos encontrados: 1
2025-04-11 11:18:00,563 - INFO - Processando banco sicredi com 1 conta(s)...
2025-04-11 11:18:01,990 - INFO - Acessando página de extrato para processar conta 1 do banco sicredi
2025-04-11 11:18:07,204 - INFO - Processando conta 1 do banco sicredi (ID: account-7889)
2025-04-11 11:18:17,344 - INFO - Data inicial preenchida: 01/03/2025
2025-04-11 11:18:17,429 - INFO - Data final preenchida: 31/03/2025
2025-04-11 11:18:26,715 - INFO - Botão processar clicado, aguardando processamento...
2025-04-11 11:18:33,730 - INFO - Informação de lançamentos: LACERDA REPRESENTACOES S S LTDA ME (Conta: 485121) - 0/28
2025-04-11 11:18:33,731 - INFO - Lançamentos: 0 de 28
2025-04-11 11:18:33,731 - WARNING - Nem todos os lançamentos foram feitos: 0/28
2025-04-11 11:18:33,735 - INFO - Erro registrado no arquivo de log: I:\Contabilidade\Banco Online\2025\março\erros_download_20250411.txt
2025-04-11 11:18:33,735 - INFO - Pulando para o próximo banco ou empresa...
2025-04-11 11:18:33,736 - WARNING - Nenhuma conta bancária foi processada para a empresa LACERDA
2025-04-11 11:18:33,736 - WARNING - Falha ao processar empresa LACERDA na tentativa 1
2025-04-11 11:18:33,736 - INFO - Aguardando 5 segundos antes da próxima tentativa 2/2...
2025-04-11 11:18:38,737 - INFO - Tentativa 2/2 para empresa LACERDA
2025-04-11 11:18:38,737 - INFO - Processando empresa: LACERDA - Período: 01/03/2025 a 31/03/2025
2025-04-11 11:18:38,737 - INFO - Identificando bancos disponíveis para a empresa: LACERDA
2025-04-11 11:18:40,319 - INFO - Acessando URL de extrato: https://portal.ssparisi.com.br/prime/app/ctrl/GestaoBankExtratoSS.php
2025-04-11 11:18:40,461 - INFO - Empresa 'LACERDA' selecionada
2025-04-11 11:18:43,545 - INFO - Botão de bancos clicado
2025-04-11 11:18:45,586 - INFO - Encontrado(s) 1 conta(s) do banco sicredi
2025-04-11 11:18:45,593 - INFO - Banco itau (classe button-23) não encontrado para esta empresa
2025-04-11 11:18:45,602 - INFO - Banco santander (classe button-32) não encontrado para esta empresa
2025-04-11 11:18:45,611 - INFO - Banco bradesco (classe button-15) não encontrado para esta empresa
2025-04-11 11:18:45,612 - INFO - Total de bancos encontrados: 1
2025-04-11 11:18:45,612 - INFO - Processando banco sicredi com 1 conta(s)...
2025-04-11 11:18:46,843 - INFO - Acessando página de extrato para processar conta 1 do banco sicredi
2025-04-11 11:18:52,074 - INFO - Processando conta 1 do banco sicredi (ID: account-7889)
2025-04-11 11:19:02,214 - INFO - Data inicial preenchida: 01/03/2025
2025-04-11 11:19:02,302 - INFO - Data final preenchida: 31/03/2025
2025-04-11 11:19:12,296 - INFO - Botão processar clicado, aguardando processamento...
2025-04-11 11:19:19,315 - INFO - Informação de lançamentos: LACERDA REPRESENTACOES S S LTDA ME (Conta: 485121) - 0/28
2025-04-11 11:19:19,315 - INFO - Lançamentos: 0 de 28
2025-04-11 11:19:19,316 - WARNING - Nem todos os lançamentos foram feitos: 0/28
2025-04-11 11:19:19,316 - INFO - Pulando para o próximo banco ou empresa...
2025-04-11 11:19:19,316 - WARNING - Nenhuma conta bancária foi processada para a empresa LACERDA
2025-04-11 11:19:19,316 - WARNING - Falha ao processar empresa LACERDA na tentativa 2
2025-04-11 11:19:19,316 - ERROR - Falha ao processar empresa LACERDA após 2 tentativas
2025-04-11 11:19:19,320 - INFO - Erro registrado no arquivo de log: I:\Contabilidade\Banco Online\2025\março\erros_download_20250411.txt
2025-04-11 11:19:19,320 - ERROR - Todas as 2 tentativas falharam para empresa LACERDA
2025-04-11 11:19:19,320 - INFO - 

=== RESUMO DA EXECUÇÃO ===
2025-04-11 11:19:19,320 - INFO - Total de empresas: 3
2025-04-11 11:19:19,321 - INFO - Empresas processadas com sucesso: 0
2025-04-11 11:19:19,322 - INFO - Empresas com erro: 3
2025-04-11 11:19:19,322 - INFO - === FIM DA EXECUÇÃO ===

2025-04-11 11:19:19,322 - INFO - Fechando o navegador
