2025-04-11 11:06:21,095 - INFO - === INICIANDO ROBÔ PARIS ===
2025-04-11 11:06:21,573 - INFO - Diretório base de destino criado: I:\Contabilidade\Banco Online
2025-04-11 11:06:21,574 - INFO - Diretório de download configurado: C:\Users\Administrador\Downloads
2025-04-11 11:06:21,574 - INFO - Período calculado: 01/03/2025 a 31/03/2025 (Ano: 2025, Mês: março)
2025-04-11 11:06:21,574 - INFO - Inicializando o driver do Chrome
2025-04-11 11:06:21,575 - INFO - ====== WebDriver manager ======
2025-04-11 11:06:22,624 - INFO - Get LATEST chromedriver version for google-chrome
2025-04-11 11:06:22,692 - INFO - Get LATEST chromedriver version for google-chrome
2025-04-11 11:06:22,734 - INFO - Driver [C:\Users\Administrador\.wdm\drivers\chromedriver\win64\135.0.7049.84\chromedriver-win32/chromedriver.exe] found in cache
2025-04-11 11:06:23,920 - INFO - Driver inicializado com sucesso
2025-04-11 11:06:23,921 - INFO - Iniciando processo de login
2025-04-11 11:06:25,922 - INFO - Acessando URL de login: https://portal.ssparisi.com.br/prime/login.php
2025-04-11 11:06:26,087 - INFO - Usuário preenchido
2025-04-11 11:06:26,210 - INFO - Senha preenchida
2025-04-11 11:06:32,849 - INFO - Login realizado com sucesso
2025-04-11 11:06:32,849 - INFO - Lendo planilha de empresas: empresas.xlsx
2025-04-11 11:06:33,087 - INFO - Total de empresas na planilha: 3
2025-04-11 11:06:33,088 - INFO - 
==================================================
2025-04-11 11:06:33,088 - INFO - EMPRESA 1/3: LUSITANO
2025-04-11 11:06:33,088 - INFO - ==================================================
2025-04-11 11:06:33,089 - INFO - Tentativa 1/3 para empresa LUSITANO
2025-04-11 11:06:33,089 - INFO - Processando empresa: LUSITANO - Período: 01/03/2025 a 31/03/2025
2025-04-11 11:06:33,089 - INFO - Identificando bancos disponíveis para a empresa: LUSITANO
2025-04-11 11:06:34,613 - INFO - Acessando URL de extrato: https://portal.ssparisi.com.br/prime/app/ctrl/GestaoBankExtratoSS.php
2025-04-11 11:06:34,767 - INFO - Empresa 'LUSITANO' selecionada
2025-04-11 11:06:37,863 - INFO - Botão de bancos clicado
2025-04-11 11:06:39,876 - INFO - Banco sicredi (classe button-34) não encontrado para esta empresa
2025-04-11 11:06:39,928 - INFO - Encontrado(s) 1 conta(s) do banco itau
2025-04-11 11:06:39,973 - INFO - Encontrado(s) 1 conta(s) do banco santander
2025-04-11 11:06:39,987 - INFO - Banco bradesco (classe button-15) não encontrado para esta empresa
2025-04-11 11:06:39,988 - INFO - Total de bancos encontrados: 2
2025-04-11 11:06:39,988 - INFO - Processando banco itau com 1 conta(s)...
2025-04-11 11:06:41,422 - INFO - Acessando página de extrato para processar conta 1 do banco itau
2025-04-11 11:06:46,667 - INFO - Processando conta 1 do banco itau (ID: account-8050)
2025-04-11 11:06:56,823 - INFO - Data inicial preenchida: 01/03/2025
2025-04-11 11:06:56,918 - INFO - Data final preenchida: 31/03/2025
2025-04-11 11:07:04,612 - INFO - Botão processar clicado, aguardando processamento...
2025-04-11 11:07:07,423 - INFO - Fechando o navegador
2025-04-11 11:07:07,427 - WARNING - Retrying (Retry(total=2, connect=None, read=None, redirect=None, status=None)) after connection broken by 'ConnectionResetError(10054, 'Foi forçado o cancelamento de uma conexão existente pelo host remoto', None, 10054, None)': /session/712bf9540d95474d0ee10cd6e5e8c3a7
2025-04-11 11:07:11,546 - WARNING - Retrying (Retry(total=1, connect=None, read=None, redirect=None, status=None)) after connection broken by 'NewConnectionError('<urllib3.connection.HTTPConnection object at 0x00000185FA3FEA50>: Failed to establish a new connection: [WinError 10061] Nenhuma conexão pôde ser feita porque a máquina de destino as recusou ativamente')': /session/712bf9540d95474d0ee10cd6e5e8c3a7
