2025-04-11 11:22:06,093 - INFO - === INICIANDO ROBÔ PARIS ===
2025-04-11 11:22:07,402 - INFO - Diretório base de destino encontrado: I:\Contabilidade\Banco Online
2025-04-11 11:22:07,402 - INFO - Diretório de download configurado: C:\Users\Administrador\Downloads
2025-04-11 11:22:07,402 - INFO - Período calculado: 01/03/2025 a 31/03/2025 (Ano: 2025, Mês: março)
2025-04-11 11:22:07,403 - INFO - Inicializando o driver do Chrome
2025-04-11 11:22:07,403 - INFO - ====== WebDriver manager ======
2025-04-11 11:22:08,305 - INFO - Get LATEST chromedriver version for google-chrome
2025-04-11 11:22:08,348 - INFO - Get LATEST chromedriver version for google-chrome
2025-04-11 11:22:08,404 - INFO - Driver [C:\Users\Administrador\.wdm\drivers\chromedriver\win64\135.0.7049.84\chromedriver-win32/chromedriver.exe] found in cache
2025-04-11 11:22:09,623 - INFO - Driver inicializado com sucesso
2025-04-11 11:22:09,626 - INFO - Iniciando processo de login
2025-04-11 11:22:11,859 - INFO - Acessando URL de login: https://portal.ssparisi.com.br/prime/login.php
2025-04-11 11:22:12,000 - INFO - Usuário preenchido
2025-04-11 11:22:12,115 - INFO - Senha preenchida
2025-04-11 11:22:18,846 - INFO - Login realizado com sucesso
2025-04-11 11:22:18,846 - INFO - Lendo planilha de empresas: empresas.xlsx
2025-04-11 11:22:19,091 - INFO - Total de empresas na planilha: 3
2025-04-11 11:22:19,092 - INFO - 
==================================================
2025-04-11 11:22:19,092 - INFO - EMPRESA 1/3: LUSITANO
2025-04-11 11:22:19,092 - INFO - ==================================================
2025-04-11 11:22:19,093 - INFO - Tentativa 1/2 para empresa LUSITANO
2025-04-11 11:22:19,093 - INFO - Processando empresa: LUSITANO - Período: 01/03/2025 a 31/03/2025
2025-04-11 11:22:19,093 - INFO - Identificando bancos disponíveis para a empresa: LUSITANO
2025-04-11 11:22:20,642 - INFO - Acessando URL de extrato: https://portal.ssparisi.com.br/prime/app/ctrl/GestaoBankExtratoSS.php
2025-04-11 11:22:20,801 - INFO - Empresa 'LUSITANO' selecionada
2025-04-11 11:22:23,899 - INFO - Botão de bancos clicado
2025-04-11 11:22:25,912 - INFO - Banco sicredi (classe button-34) não encontrado para esta empresa
2025-04-11 11:22:25,963 - INFO - Encontrado(s) 1 conta(s) do banco itau
2025-04-11 11:22:26,007 - INFO - Encontrado(s) 1 conta(s) do banco santander
2025-04-11 11:22:26,018 - INFO - Banco bradesco (classe button-15) não encontrado para esta empresa
2025-04-11 11:22:26,018 - INFO - Total de bancos encontrados: 2
2025-04-11 11:22:26,018 - INFO - Processando banco itau com 1 conta(s)...
2025-04-11 11:22:27,505 - INFO - Acessando página de extrato para processar conta 1 do banco itau
2025-04-11 11:22:32,767 - INFO - Processando conta 1 do banco itau (ID: account-8050)
2025-04-11 11:22:42,922 - INFO - Data inicial preenchida: 01/03/2025
2025-04-11 11:22:43,025 - INFO - Data final preenchida: 31/03/2025
2025-04-11 11:22:51,125 - INFO - Botão processar clicado, aguardando processamento...
2025-04-11 11:22:54,139 - WARNING - Sem lançamentos disponíveis para esta conta no período selecionado
2025-04-11 11:22:55,451 - INFO - Erro registrado no arquivo de log: I:\Contabilidade\Banco Online\2025\março\erros_download_20250411.txt
2025-04-11 11:22:55,451 - INFO - Pulando para o próximo banco ou empresa...
2025-04-11 11:22:55,451 - INFO - Processando banco santander com 1 conta(s)...
2025-04-11 11:22:56,928 - INFO - Acessando página de extrato para processar conta 1 do banco santander
2025-04-11 11:23:02,151 - INFO - Processando conta 1 do banco santander (ID: account-8051)
2025-04-11 11:23:12,299 - INFO - Data inicial preenchida: 01/03/2025
2025-04-11 11:23:12,385 - INFO - Data final preenchida: 31/03/2025
2025-04-11 11:23:20,496 - INFO - Botão processar clicado, aguardando processamento...
2025-04-11 11:23:23,506 - WARNING - Sem lançamentos disponíveis para esta conta no período selecionado
2025-04-11 11:23:23,511 - INFO - Erro registrado no arquivo de log: I:\Contabilidade\Banco Online\2025\março\erros_download_20250411.txt
2025-04-11 11:23:23,511 - INFO - Pulando para o próximo banco ou empresa...
2025-04-11 11:23:23,511 - WARNING - Nenhuma conta bancária foi processada para a empresa LUSITANO
2025-04-11 11:23:23,512 - WARNING - Falha ao processar empresa LUSITANO na tentativa 1
2025-04-11 11:23:23,513 - INFO - Aguardando 5 segundos antes da próxima tentativa 2/2...
2025-04-11 11:23:28,513 - INFO - Tentativa 2/2 para empresa LUSITANO
2025-04-11 11:23:28,513 - INFO - Processando empresa: LUSITANO - Período: 01/03/2025 a 31/03/2025
2025-04-11 11:23:28,514 - INFO - Identificando bancos disponíveis para a empresa: LUSITANO
2025-04-11 11:23:29,796 - INFO - Acessando URL de extrato: https://portal.ssparisi.com.br/prime/app/ctrl/GestaoBankExtratoSS.php
2025-04-11 11:23:29,924 - INFO - Empresa 'LUSITANO' selecionada
2025-04-11 11:23:33,025 - INFO - Botão de bancos clicado
2025-04-11 11:23:35,033 - INFO - Banco sicredi (classe button-34) não encontrado para esta empresa
2025-04-11 11:23:35,077 - INFO - Encontrado(s) 1 conta(s) do banco itau
2025-04-11 11:23:35,115 - INFO - Encontrado(s) 1 conta(s) do banco santander
2025-04-11 11:23:35,122 - INFO - Banco bradesco (classe button-15) não encontrado para esta empresa
2025-04-11 11:23:35,122 - INFO - Total de bancos encontrados: 2
2025-04-11 11:23:35,122 - INFO - Processando banco itau com 1 conta(s)...
2025-04-11 11:23:36,592 - INFO - Acessando página de extrato para processar conta 1 do banco itau
2025-04-11 11:23:41,803 - INFO - Processando conta 1 do banco itau (ID: account-8050)
2025-04-11 11:23:51,947 - INFO - Data inicial preenchida: 01/03/2025
2025-04-11 11:23:52,034 - INFO - Data final preenchida: 31/03/2025
2025-04-11 11:24:02,380 - INFO - Botão processar clicado, aguardando processamento...
2025-04-11 11:24:05,391 - WARNING - Sem lançamentos disponíveis para esta conta no período selecionado
2025-04-11 11:24:05,391 - INFO - Pulando para o próximo banco ou empresa...
2025-04-11 11:24:05,392 - INFO - Processando banco santander com 1 conta(s)...
2025-04-11 11:24:09,086 - INFO - Acessando página de extrato para processar conta 1 do banco santander
2025-04-11 11:24:14,334 - INFO - Processando conta 1 do banco santander (ID: account-8051)
2025-04-11 11:24:24,477 - INFO - Data inicial preenchida: 01/03/2025
2025-04-11 11:24:24,563 - INFO - Data final preenchida: 31/03/2025
2025-04-11 11:24:32,537 - INFO - Botão processar clicado, aguardando processamento...
2025-04-11 11:24:35,548 - WARNING - Sem lançamentos disponíveis para esta conta no período selecionado
2025-04-11 11:24:35,548 - INFO - Pulando para o próximo banco ou empresa...
2025-04-11 11:24:35,549 - WARNING - Nenhuma conta bancária foi processada para a empresa LUSITANO
2025-04-11 11:24:35,549 - WARNING - Falha ao processar empresa LUSITANO na tentativa 2
2025-04-11 11:24:35,550 - ERROR - Falha ao processar empresa LUSITANO após 2 tentativas
2025-04-11 11:24:35,553 - INFO - Erro registrado no arquivo de log: I:\Contabilidade\Banco Online\2025\março\erros_download_20250411.txt
2025-04-11 11:24:35,554 - ERROR - Todas as 2 tentativas falharam para empresa LUSITANO
2025-04-11 11:24:35,554 - INFO - 
==================================================
2025-04-11 11:24:35,555 - INFO - EMPRESA 2/3: NUTRI
2025-04-11 11:24:35,556 - INFO - ==================================================
2025-04-11 11:24:35,556 - INFO - Tentativa 1/2 para empresa NUTRI
2025-04-11 11:24:35,556 - INFO - Processando empresa: NUTRI - Período: 01/03/2025 a 31/03/2025
2025-04-11 11:24:35,556 - INFO - Identificando bancos disponíveis para a empresa: NUTRI
2025-04-11 11:24:36,865 - INFO - Acessando URL de extrato: https://portal.ssparisi.com.br/prime/app/ctrl/GestaoBankExtratoSS.php
2025-04-11 11:24:36,989 - INFO - Empresa 'NUTRI' selecionada
2025-04-11 11:24:40,070 - INFO - Botão de bancos clicado
2025-04-11 11:24:42,080 - INFO - Banco sicredi (classe button-34) não encontrado para esta empresa
2025-04-11 11:24:42,132 - INFO - Encontrado(s) 1 conta(s) do banco itau
2025-04-11 11:24:42,143 - INFO - Banco santander (classe button-32) não encontrado para esta empresa
2025-04-11 11:24:42,154 - INFO - Banco bradesco (classe button-15) não encontrado para esta empresa
2025-04-11 11:24:42,155 - INFO - Total de bancos encontrados: 1
2025-04-11 11:24:42,155 - INFO - Processando banco itau com 1 conta(s)...
2025-04-11 11:24:43,452 - INFO - Acessando página de extrato para processar conta 1 do banco itau
2025-04-11 11:24:48,672 - INFO - Processando conta 1 do banco itau (ID: account-8053)
2025-04-11 11:24:58,814 - INFO - Data inicial preenchida: 01/03/2025
2025-04-11 11:24:58,898 - INFO - Data final preenchida: 31/03/2025
2025-04-11 11:25:09,942 - INFO - Botão processar clicado, aguardando processamento...
2025-04-11 11:25:18,048 - INFO - Processando lançamentos...
2025-04-11 11:25:22,068 - INFO - Informação de lançamentos: NUTRI - ITAU (Conta: 0454990946) - 0/36
2025-04-11 11:25:22,069 - INFO - Lançamentos: 0 de 36
2025-04-11 11:25:22,069 - WARNING - Nem todos os lançamentos foram feitos: 0/36
2025-04-11 11:25:22,073 - INFO - Erro registrado no arquivo de log: I:\Contabilidade\Banco Online\2025\março\erros_download_20250411.txt
2025-04-11 11:25:22,073 - INFO - Pulando para o próximo banco ou empresa...
2025-04-11 11:25:22,073 - WARNING - Nenhuma conta bancária foi processada para a empresa NUTRI
2025-04-11 11:25:22,074 - WARNING - Falha ao processar empresa NUTRI na tentativa 1
2025-04-11 11:25:22,074 - INFO - Aguardando 5 segundos antes da próxima tentativa 2/2...
2025-04-11 11:25:27,075 - INFO - Tentativa 2/2 para empresa NUTRI
2025-04-11 11:25:27,075 - INFO - Processando empresa: NUTRI - Período: 01/03/2025 a 31/03/2025
2025-04-11 11:25:27,075 - INFO - Identificando bancos disponíveis para a empresa: NUTRI
2025-04-11 11:25:28,739 - INFO - Acessando URL de extrato: https://portal.ssparisi.com.br/prime/app/ctrl/GestaoBankExtratoSS.php
2025-04-11 11:25:28,856 - INFO - Empresa 'NUTRI' selecionada
2025-04-11 11:25:31,935 - INFO - Botão de bancos clicado
2025-04-11 11:25:33,944 - INFO - Banco sicredi (classe button-34) não encontrado para esta empresa
2025-04-11 11:25:33,980 - INFO - Encontrado(s) 1 conta(s) do banco itau
2025-04-11 11:25:33,987 - INFO - Banco santander (classe button-32) não encontrado para esta empresa
2025-04-11 11:25:33,994 - INFO - Banco bradesco (classe button-15) não encontrado para esta empresa
2025-04-11 11:25:33,994 - INFO - Total de bancos encontrados: 1
2025-04-11 11:25:33,995 - INFO - Processando banco itau com 1 conta(s)...
2025-04-11 11:25:35,465 - INFO - Acessando página de extrato para processar conta 1 do banco itau
2025-04-11 11:25:40,729 - INFO - Processando conta 1 do banco itau (ID: account-8053)
2025-04-11 11:25:50,888 - INFO - Data inicial preenchida: 01/03/2025
2025-04-11 11:25:50,987 - INFO - Data final preenchida: 31/03/2025
2025-04-11 11:25:59,853 - INFO - Botão processar clicado, aguardando processamento...
2025-04-11 11:26:07,961 - INFO - Processando lançamentos...
2025-04-11 11:26:11,978 - INFO - Informação de lançamentos: NUTRI - ITAU (Conta: 0454990946) - 0/36
2025-04-11 11:26:11,978 - INFO - Lançamentos: 0 de 36
2025-04-11 11:26:11,979 - WARNING - Nem todos os lançamentos foram feitos: 0/36
2025-04-11 11:26:11,979 - INFO - Pulando para o próximo banco ou empresa...
2025-04-11 11:26:11,979 - WARNING - Nenhuma conta bancária foi processada para a empresa NUTRI
2025-04-11 11:26:11,980 - WARNING - Falha ao processar empresa NUTRI na tentativa 2
2025-04-11 11:26:11,980 - ERROR - Falha ao processar empresa NUTRI após 2 tentativas
2025-04-11 11:26:12,002 - INFO - Erro registrado no arquivo de log: I:\Contabilidade\Banco Online\2025\março\erros_download_20250411.txt
2025-04-11 11:26:12,002 - ERROR - Todas as 2 tentativas falharam para empresa NUTRI
2025-04-11 11:26:12,003 - INFO - 
==================================================
2025-04-11 11:26:12,004 - INFO - EMPRESA 3/3: LACERDA
2025-04-11 11:26:12,004 - INFO - ==================================================
2025-04-11 11:26:12,005 - INFO - Tentativa 1/2 para empresa LACERDA
2025-04-11 11:26:12,005 - INFO - Processando empresa: LACERDA - Período: 01/03/2025 a 31/03/2025
2025-04-11 11:26:12,006 - INFO - Identificando bancos disponíveis para a empresa: LACERDA
2025-04-11 11:26:14,168 - INFO - Acessando URL de extrato: https://portal.ssparisi.com.br/prime/app/ctrl/GestaoBankExtratoSS.php
2025-04-11 11:26:14,301 - INFO - Empresa 'LACERDA' selecionada
2025-04-11 11:26:17,377 - INFO - Botão de bancos clicado
2025-04-11 11:26:19,412 - INFO - Encontrado(s) 1 conta(s) do banco sicredi
2025-04-11 11:26:19,418 - INFO - Banco itau (classe button-23) não encontrado para esta empresa
2025-04-11 11:26:19,427 - INFO - Banco santander (classe button-32) não encontrado para esta empresa
2025-04-11 11:26:19,435 - INFO - Banco bradesco (classe button-15) não encontrado para esta empresa
2025-04-11 11:26:19,435 - INFO - Total de bancos encontrados: 1
2025-04-11 11:26:19,436 - INFO - Processando banco sicredi com 1 conta(s)...
2025-04-11 11:26:20,912 - INFO - Acessando página de extrato para processar conta 1 do banco sicredi
2025-04-11 11:26:26,123 - INFO - Processando conta 1 do banco sicredi (ID: account-7889)
2025-04-11 11:26:36,268 - INFO - Data inicial preenchida: 01/03/2025
2025-04-11 11:26:36,359 - INFO - Data final preenchida: 31/03/2025
2025-04-11 11:26:45,035 - INFO - Botão processar clicado, aguardando processamento...
2025-04-11 11:26:53,136 - INFO - Processando lançamentos...
2025-04-11 11:26:57,159 - INFO - Informação de lançamentos: LACERDA REPRESENTACOES S S LTDA ME (Conta: 485121) - 0/28
2025-04-11 11:26:57,159 - INFO - Lançamentos: 0 de 28
2025-04-11 11:26:57,159 - WARNING - Nem todos os lançamentos foram feitos: 0/28
2025-04-11 11:26:57,163 - INFO - Erro registrado no arquivo de log: I:\Contabilidade\Banco Online\2025\março\erros_download_20250411.txt
2025-04-11 11:26:57,163 - INFO - Pulando para o próximo banco ou empresa...
2025-04-11 11:26:57,164 - WARNING - Nenhuma conta bancária foi processada para a empresa LACERDA
2025-04-11 11:26:57,164 - WARNING - Falha ao processar empresa LACERDA na tentativa 1
2025-04-11 11:26:57,164 - INFO - Aguardando 5 segundos antes da próxima tentativa 2/2...
2025-04-11 11:27:02,166 - INFO - Tentativa 2/2 para empresa LACERDA
2025-04-11 11:27:02,166 - INFO - Processando empresa: LACERDA - Período: 01/03/2025 a 31/03/2025
2025-04-11 11:27:02,166 - INFO - Identificando bancos disponíveis para a empresa: LACERDA
2025-04-11 11:27:03,631 - INFO - Acessando URL de extrato: https://portal.ssparisi.com.br/prime/app/ctrl/GestaoBankExtratoSS.php
2025-04-11 11:27:03,755 - INFO - Empresa 'LACERDA' selecionada
2025-04-11 11:27:06,828 - INFO - Botão de bancos clicado
2025-04-11 11:27:08,863 - INFO - Encontrado(s) 1 conta(s) do banco sicredi
2025-04-11 11:27:08,870 - INFO - Banco itau (classe button-23) não encontrado para esta empresa
2025-04-11 11:27:08,879 - INFO - Banco santander (classe button-32) não encontrado para esta empresa
2025-04-11 11:27:08,887 - INFO - Banco bradesco (classe button-15) não encontrado para esta empresa
2025-04-11 11:27:08,887 - INFO - Total de bancos encontrados: 1
2025-04-11 11:27:08,887 - INFO - Processando banco sicredi com 1 conta(s)...
2025-04-11 11:27:10,341 - INFO - Acessando página de extrato para processar conta 1 do banco sicredi
2025-04-11 11:27:15,560 - INFO - Processando conta 1 do banco sicredi (ID: account-7889)
2025-04-11 11:27:25,700 - INFO - Data inicial preenchida: 01/03/2025
2025-04-11 11:27:25,791 - INFO - Data final preenchida: 31/03/2025
2025-04-11 11:27:34,031 - INFO - Botão processar clicado, aguardando processamento...
2025-04-11 11:27:42,125 - INFO - Processando lançamentos...
2025-04-11 11:27:46,144 - INFO - Informação de lançamentos: LACERDA REPRESENTACOES S S LTDA ME (Conta: 485121) - 0/28
2025-04-11 11:27:46,145 - INFO - Lançamentos: 0 de 28
2025-04-11 11:27:46,145 - WARNING - Nem todos os lançamentos foram feitos: 0/28
2025-04-11 11:27:46,145 - INFO - Pulando para o próximo banco ou empresa...
2025-04-11 11:27:46,146 - WARNING - Nenhuma conta bancária foi processada para a empresa LACERDA
2025-04-11 11:27:46,146 - WARNING - Falha ao processar empresa LACERDA na tentativa 2
2025-04-11 11:27:46,146 - ERROR - Falha ao processar empresa LACERDA após 2 tentativas
2025-04-11 11:27:47,460 - INFO - Erro registrado no arquivo de log: I:\Contabilidade\Banco Online\2025\março\erros_download_20250411.txt
2025-04-11 11:27:47,461 - ERROR - Todas as 2 tentativas falharam para empresa LACERDA
2025-04-11 11:27:47,461 - INFO - 

=== RESUMO DA EXECUÇÃO ===
2025-04-11 11:27:47,461 - INFO - Total de empresas: 3
2025-04-11 11:27:47,462 - INFO - Empresas processadas com sucesso: 0
2025-04-11 11:27:47,462 - INFO - Empresas com erro: 3
2025-04-11 11:27:47,462 - INFO - === FIM DA EXECUÇÃO ===

2025-04-11 11:27:47,463 - INFO - Fechando o navegador
