2025-04-11 09:51:21,070 - INFO - === INICIANDO ROBÔ PARIS ===
2025-04-11 09:51:21,071 - INFO - Diretório base de destino encontrado: I:\Contabilidade\Banco Online
2025-04-11 09:51:21,072 - INFO - Diretório de download configurado: C:\Users\Administrador\Downloads
2025-04-11 09:51:21,072 - INFO - Período calculado: 01/03/2025 a 31/03/2025 (Ano: 2025, Mês: março)
2025-04-11 09:51:21,072 - INFO - Inicializando o driver do Chrome
2025-04-11 09:51:21,073 - INFO - ====== WebDriver manager ======
2025-04-11 09:51:22,034 - INFO - Get LATEST chromedriver version for google-chrome
2025-04-11 09:51:22,113 - INFO - Get LATEST chromedriver version for google-chrome
2025-04-11 09:51:22,160 - INFO - Driver [C:\Users\Administrador\.wdm\drivers\chromedriver\win64\135.0.7049.84\chromedriver-win32/chromedriver.exe] found in cache
2025-04-11 09:51:23,348 - INFO - Driver inicializado com sucesso
2025-04-11 09:51:23,348 - INFO - Iniciando processo de login
2025-04-11 09:51:25,294 - INFO - Acessando URL de login: https://portal.ssparisi.com.br/prime/login.php
2025-04-11 09:51:25,423 - INFO - Usuário preenchido
2025-04-11 09:51:25,532 - INFO - Senha preenchida
2025-04-11 09:51:25,628 - INFO - Login realizado com sucesso
2025-04-11 09:51:25,629 - INFO - Lendo planilha de empresas: empresas.xlsx
2025-04-11 09:51:25,862 - INFO - Total de empresas na planilha: 3
2025-04-11 09:51:25,862 - INFO - 
==================================================
2025-04-11 09:51:25,863 - INFO - EMPRESA 1/3: LUSITANO
2025-04-11 09:51:25,863 - INFO - ==================================================
2025-04-11 09:51:25,864 - INFO - Tentativa 1/3 para empresa LUSITANO
2025-04-11 09:51:25,864 - INFO - Processando empresa: LUSITANO - Período: 01/03/2025 a 31/03/2025
2025-04-11 09:51:33,637 - INFO - Acessando URL de extrato: https://portal.ssparisi.com.br/prime/app/ctrl/GestaoBankExtratoSS.php
2025-04-11 09:51:33,820 - INFO - Empresa 'LUSITANO' selecionada
2025-04-11 09:51:36,917 - INFO - Botão de bancos clicado
2025-04-11 09:51:38,930 - INFO - Banco sicredi (classe button-34) não encontrado para esta empresa
2025-04-11 09:51:38,980 - INFO - Encontrado(s) 1 conta(s) do banco itau
2025-04-11 09:51:38,988 - INFO - Processando conta 1 do banco itau (ID: account-8050)
2025-04-11 09:51:48,145 - INFO - Data inicial preenchida: 01/03/2025
2025-04-11 09:51:48,243 - INFO - Data final preenchida: 31/03/2025
2025-04-11 09:51:56,231 - INFO - Botão processar clicado, aguardando processamento...
2025-04-11 09:52:33,292 - ERROR - Erro ao processar conta 1 do banco itau: Message: 
Stacktrace:
	GetHandleVerifier [0x008780E3+60707]
	GetHandleVerifier [0x00878124+60772]
	(No symbol) [0x006A0683]
	(No symbol) [0x006E8660]
	(No symbol) [0x006E89FB]
	(No symbol) [0x00731022]
	(No symbol) [0x0070D094]
	(No symbol) [0x0072E824]
	(No symbol) [0x0070CE46]
	(No symbol) [0x006DC5D3]
	(No symbol) [0x006DD424]
	GetHandleVerifier [0x00ABBBC3+2435075]
	GetHandleVerifier [0x00AB7163+2416035]
	GetHandleVerifier [0x00AD350C+2531660]
	GetHandleVerifier [0x0088F1B5+155125]
	GetHandleVerifier [0x00895B5D+182173]
	GetHandleVerifier [0x0087F9B8+91640]
	GetHandleVerifier [0x0087FB60+92064]
	GetHandleVerifier [0x0086A620+4704]
	BaseThreadInitThunk [0x75FE5D49+25]
	RtlInitializeExceptionChain [0x7732CF0B+107]
	RtlGetAppContainerNamedObjectPath [0x7732CE91+561]

2025-04-11 09:52:33,309 - INFO - Banco santander (classe button-32) não encontrado para esta empresa
2025-04-11 09:52:33,323 - INFO - Banco bradesco (classe button-15) não encontrado para esta empresa
2025-04-11 09:52:33,323 - WARNING - Nenhuma conta bancária foi processada para a empresa LUSITANO
2025-04-11 09:52:33,324 - WARNING - Falha ao processar empresa LUSITANO na tentativa 1
2025-04-11 09:52:33,324 - INFO - Aguardando 5 segundos antes da próxima tentativa 2/3...
2025-04-11 09:52:38,325 - INFO - Tentativa 2/3 para empresa LUSITANO
2025-04-11 09:52:38,325 - INFO - Processando empresa: LUSITANO - Período: 01/03/2025 a 31/03/2025
2025-04-11 09:52:39,891 - INFO - Acessando URL de extrato: https://portal.ssparisi.com.br/prime/app/ctrl/GestaoBankExtratoSS.php
2025-04-11 09:52:40,010 - INFO - Empresa 'LUSITANO' selecionada
2025-04-11 09:52:43,090 - INFO - Botão de bancos clicado
2025-04-11 09:52:45,101 - INFO - Banco sicredi (classe button-34) não encontrado para esta empresa
2025-04-11 09:52:45,143 - INFO - Encontrado(s) 1 conta(s) do banco itau
2025-04-11 09:52:45,149 - INFO - Processando conta 1 do banco itau (ID: account-8050)
2025-04-11 09:52:54,295 - INFO - Data inicial preenchida: 01/03/2025
2025-04-11 09:52:54,404 - INFO - Data final preenchida: 31/03/2025
2025-04-11 09:53:02,432 - INFO - Botão processar clicado, aguardando processamento...
2025-04-11 09:53:39,456 - ERROR - Erro ao processar conta 1 do banco itau: Message: 
Stacktrace:
	GetHandleVerifier [0x008780E3+60707]
	GetHandleVerifier [0x00878124+60772]
	(No symbol) [0x006A0683]
	(No symbol) [0x006E8660]
	(No symbol) [0x006E89FB]
	(No symbol) [0x00731022]
	(No symbol) [0x0070D094]
	(No symbol) [0x0072E824]
	(No symbol) [0x0070CE46]
	(No symbol) [0x006DC5D3]
	(No symbol) [0x006DD424]
	GetHandleVerifier [0x00ABBBC3+2435075]
	GetHandleVerifier [0x00AB7163+2416035]
	GetHandleVerifier [0x00AD350C+2531660]
	GetHandleVerifier [0x0088F1B5+155125]
	GetHandleVerifier [0x00895B5D+182173]
	GetHandleVerifier [0x0087F9B8+91640]
	GetHandleVerifier [0x0087FB60+92064]
	GetHandleVerifier [0x0086A620+4704]
	BaseThreadInitThunk [0x75FE5D49+25]
	RtlInitializeExceptionChain [0x7732CF0B+107]
	RtlGetAppContainerNamedObjectPath [0x7732CE91+561]

2025-04-11 09:53:39,464 - INFO - Banco santander (classe button-32) não encontrado para esta empresa
2025-04-11 09:53:39,472 - INFO - Banco bradesco (classe button-15) não encontrado para esta empresa
2025-04-11 09:53:39,472 - WARNING - Nenhuma conta bancária foi processada para a empresa LUSITANO
2025-04-11 09:53:39,473 - WARNING - Falha ao processar empresa LUSITANO na tentativa 2
2025-04-11 09:53:39,473 - INFO - Aguardando 5 segundos antes da próxima tentativa 3/3...
2025-04-11 09:53:44,474 - INFO - Tentativa 3/3 para empresa LUSITANO
2025-04-11 09:53:44,474 - INFO - Processando empresa: LUSITANO - Período: 01/03/2025 a 31/03/2025
2025-04-11 09:53:46,138 - INFO - Acessando URL de extrato: https://portal.ssparisi.com.br/prime/app/ctrl/GestaoBankExtratoSS.php
2025-04-11 09:53:46,265 - INFO - Empresa 'LUSITANO' selecionada
2025-04-11 09:53:49,361 - INFO - Botão de bancos clicado
2025-04-11 09:53:51,371 - INFO - Banco sicredi (classe button-34) não encontrado para esta empresa
2025-04-11 09:53:51,438 - INFO - Encontrado(s) 1 conta(s) do banco itau
2025-04-11 09:53:51,445 - INFO - Processando conta 1 do banco itau (ID: account-8050)
2025-04-11 09:54:00,641 - INFO - Data inicial preenchida: 01/03/2025
2025-04-11 09:54:00,746 - INFO - Data final preenchida: 31/03/2025
2025-04-11 09:54:09,076 - INFO - Botão processar clicado, aguardando processamento...
2025-04-11 09:54:46,132 - ERROR - Erro ao processar conta 1 do banco itau: Message: 
Stacktrace:
	GetHandleVerifier [0x008780E3+60707]
	GetHandleVerifier [0x00878124+60772]
	(No symbol) [0x006A0683]
	(No symbol) [0x006E8660]
	(No symbol) [0x006E89FB]
	(No symbol) [0x00731022]
	(No symbol) [0x0070D094]
	(No symbol) [0x0072E824]
	(No symbol) [0x0070CE46]
	(No symbol) [0x006DC5D3]
	(No symbol) [0x006DD424]
	GetHandleVerifier [0x00ABBBC3+2435075]
	GetHandleVerifier [0x00AB7163+2416035]
	GetHandleVerifier [0x00AD350C+2531660]
	GetHandleVerifier [0x0088F1B5+155125]
	GetHandleVerifier [0x00895B5D+182173]
	GetHandleVerifier [0x0087F9B8+91640]
	GetHandleVerifier [0x0087FB60+92064]
	GetHandleVerifier [0x0086A620+4704]
	BaseThreadInitThunk [0x75FE5D49+25]
	RtlInitializeExceptionChain [0x7732CF0B+107]
	RtlGetAppContainerNamedObjectPath [0x7732CE91+561]

2025-04-11 09:54:46,140 - INFO - Banco santander (classe button-32) não encontrado para esta empresa
2025-04-11 09:54:46,149 - INFO - Banco bradesco (classe button-15) não encontrado para esta empresa
2025-04-11 09:54:46,149 - WARNING - Nenhuma conta bancária foi processada para a empresa LUSITANO
2025-04-11 09:54:46,149 - WARNING - Falha ao processar empresa LUSITANO na tentativa 3
2025-04-11 09:54:46,150 - ERROR - Falha ao processar empresa LUSITANO após 3 tentativas
2025-04-11 09:55:03,854 - INFO - Erro registrado no arquivo de log: I:\Contabilidade\Banco Online\2025\março\erros_download_20250411.txt
2025-04-11 09:55:03,855 - ERROR - Todas as 3 tentativas falharam para empresa LUSITANO
2025-04-11 09:55:03,856 - INFO - 
==================================================
2025-04-11 09:55:03,856 - INFO - EMPRESA 2/3: NUTRI
2025-04-11 09:55:03,856 - INFO - ==================================================
2025-04-11 09:55:03,857 - INFO - Tentativa 1/3 para empresa NUTRI
2025-04-11 09:55:03,857 - INFO - Processando empresa: NUTRI - Período: 01/03/2025 a 31/03/2025
2025-04-11 09:55:05,517 - INFO - Acessando URL de extrato: https://portal.ssparisi.com.br/prime/app/ctrl/GestaoBankExtratoSS.php
2025-04-11 09:55:05,637 - INFO - Empresa 'NUTRI' selecionada
2025-04-11 09:55:06,037 - INFO - Fechando o navegador
2025-04-11 09:55:06,040 - WARNING - Retrying (Retry(total=2, connect=None, read=None, redirect=None, status=None)) after connection broken by 'ConnectionResetError(10054, 'Foi forçado o cancelamento de uma conexão existente pelo host remoto', None, 10054, None)': /session/2b7b23cb66bd910ecedcacd48edc2d94
2025-04-11 09:55:10,106 - WARNING - Retrying (Retry(total=1, connect=None, read=None, redirect=None, status=None)) after connection broken by 'NewConnectionError('<urllib3.connection.HTTPConnection object at 0x00000136E17F2F50>: Failed to establish a new connection: [WinError 10061] Nenhuma conexão pôde ser feita porque a máquina de destino as recusou ativamente')': /session/2b7b23cb66bd910ecedcacd48edc2d94
2025-04-11 09:55:14,162 - WARNING - Retrying (Retry(total=0, connect=None, read=None, redirect=None, status=None)) after connection broken by 'NewConnectionError('<urllib3.connection.HTTPConnection object at 0x00000136E1B77F50>: Failed to establish a new connection: [WinError 10061] Nenhuma conexão pôde ser feita porque a máquina de destino as recusou ativamente')': /session/2b7b23cb66bd910ecedcacd48edc2d94
