2025-04-11 14:43:31,960 - INFO - === INICIANDO ROBÔ PARIS ===
2025-04-11 14:43:33,395 - INFO - Diretório base de destino criado: I:\Contabilidade\Banco Online
2025-04-11 14:43:33,395 - INFO - Diretório de download configurado: C:\Users\Administrador\Downloads
2025-04-11 14:43:33,395 - INFO - Período calculado: 01/03/2025 a 31/03/2025 (Ano: 2025, Mês: março)
2025-04-11 14:43:33,395 - INFO - Inicializando o driver do Chrome em modo headless
2025-04-11 14:43:33,396 - INFO - ====== WebDriver manager ======
2025-04-11 14:43:34,315 - INFO - Get LATEST chromedriver version for google-chrome
2025-04-11 14:43:34,371 - INFO - Get LATEST chromedriver version for google-chrome
2025-04-11 14:43:34,417 - INFO - Driver [C:\Users\Administrador\.wdm\drivers\chromedriver\win64\135.0.7049.84\chromedriver-win32/chromedriver.exe] found in cache
2025-04-11 14:43:35,493 - INFO - Driver inicializado em modo headless com sucesso
2025-04-11 14:43:35,494 - INFO - Iniciando processo de login
2025-04-11 14:43:37,894 - INFO - Acessando URL de login: https://portal.ssparisi.com.br/prime/login.php
2025-04-11 14:43:38,023 - INFO - Usuário preenchido
2025-04-11 14:43:38,120 - INFO - Senha preenchida
2025-04-11 14:43:38,233 - INFO - Login realizado com sucesso
2025-04-11 14:43:38,234 - INFO - Lendo planilha de empresas: empresas.xlsx
2025-04-11 14:43:38,478 - INFO - Total de empresas na planilha: 3
2025-04-11 14:43:38,479 - INFO - 
==================================================
2025-04-11 14:43:38,479 - INFO - EMPRESA 1/3: LUSITANO
2025-04-11 14:43:38,479 - INFO - ==================================================
2025-04-11 14:43:38,479 - INFO - Tentativa 1/2 para empresa LUSITANO
2025-04-11 14:43:38,480 - INFO - Processando empresa: LUSITANO - Período: 01/03/2025 a 31/03/2025
2025-04-11 14:43:38,480 - INFO - Identificando bancos disponíveis para a empresa: LUSITANO
2025-04-11 14:43:46,738 - INFO - Acessando URL de extrato: https://portal.ssparisi.com.br/prime/app/ctrl/GestaoBankExtratoSS.php
2025-04-11 14:43:46,873 - INFO - Empresa 'LUSITANO' selecionada
2025-04-11 14:43:49,967 - INFO - Botão de bancos clicado
2025-04-11 14:43:51,981 - INFO - Banco sicredi (classe button-34) não encontrado para esta empresa
2025-04-11 14:43:52,031 - INFO - Encontrado(s) 1 conta(s) do banco itau
2025-04-11 14:43:52,071 - INFO - Encontrado(s) 1 conta(s) do banco santander
2025-04-11 14:43:52,082 - INFO - Banco bradesco (classe button-15) não encontrado para esta empresa
2025-04-11 14:43:52,082 - INFO - Total de bancos encontrados: 2
2025-04-11 14:43:52,083 - INFO - Processando banco itau com 1 conta(s)...
2025-04-11 14:43:53,620 - INFO - Acessando página de extrato para processar conta 1 do banco itau
2025-04-11 14:43:58,858 - INFO - Processando conta 1 do banco itau (ID: account-8050)
2025-04-11 14:44:09,006 - INFO - Data inicial preenchida: 01/03/2025
2025-04-11 14:44:09,114 - INFO - Data final preenchida: 31/03/2025
2025-04-11 14:44:17,769 - INFO - Botão processar clicado, aguardando processamento...
2025-04-11 14:44:20,784 - WARNING - Sem lançamentos disponíveis para esta conta no período selecionado
2025-04-11 14:44:22,631 - INFO - Pasta ano/mês criada: I:\Contabilidade\Banco Online\2025\março
2025-04-11 14:44:23,100 - INFO - Erro registrado no arquivo de log: I:\Contabilidade\Banco Online\2025\março\erros_download_20250411.txt
2025-04-11 14:44:23,100 - INFO - Pulando para o próximo banco ou empresa...
2025-04-11 14:44:23,100 - INFO - Processando banco santander com 1 conta(s)...
2025-04-11 14:44:24,618 - INFO - Acessando página de extrato para processar conta 1 do banco santander
2025-04-11 14:44:29,822 - INFO - Processando conta 1 do banco santander (ID: account-8051)
2025-04-11 14:44:30,867 - ERROR - Erro ao processar conta 1 do banco santander: Message: element click intercepted: Element is not clickable at point (838, 561)
  (Session info: chrome=135.0.7049.85)
Stacktrace:
	GetHandleVerifier [0x008780E3+60707]
	GetHandleVerifier [0x00878124+60772]
	(No symbol) [0x006A0683]
	(No symbol) [0x006EE940]
	(No symbol) [0x006ECCE4]
	(No symbol) [0x006EA887]
	(No symbol) [0x006E9B8B]
	(No symbol) [0x006DE215]
	(No symbol) [0x0070D04C]
	(No symbol) [0x006DDCA4]
	(No symbol) [0x0070D2C4]
	(No symbol) [0x0072E824]
	(No symbol) [0x0070CE46]
	(No symbol) [0x006DC5D3]
	(No symbol) [0x006DD424]
	GetHandleVerifier [0x00ABBBC3+2435075]
	GetHandleVerifier [0x00AB7163+2416035]
	GetHandleVerifier [0x00AD350C+2531660]
	GetHandleVerifier [0x0088F1B5+155125]
	GetHandleVerifier [0x00895B5D+182173]
	GetHandleVerifier [0x0087F9B8+91640]
	GetHandleVerifier [0x0087FB60+92064]
	GetHandleVerifier [0x0086A620+4704]
	BaseThreadInitThunk [0x75FE5D49+25]
	RtlInitializeExceptionChain [0x7732CF0B+107]
	RtlGetAppContainerNamedObjectPath [0x7732CE91+561]

2025-04-11 14:44:30,868 - WARNING - Nenhuma conta bancária foi processada para a empresa LUSITANO
2025-04-11 14:44:30,868 - WARNING - Falha ao processar empresa LUSITANO na tentativa 1
2025-04-11 14:44:30,869 - INFO - Aguardando 5 segundos antes da próxima tentativa 2/2...
2025-04-11 14:44:32,898 - INFO - Fechando o navegador
2025-04-11 14:44:32,900 - WARNING - Retrying (Retry(total=2, connect=None, read=None, redirect=None, status=None)) after connection broken by 'ConnectionResetError(10054, 'Foi forçado o cancelamento de uma conexão existente pelo host remoto', None, 10054, None)': /session/931caefe22d7a99c5da148a3f0067ba9
2025-04-11 14:44:37,003 - WARNING - Retrying (Retry(total=1, connect=None, read=None, redirect=None, status=None)) after connection broken by 'NewConnectionError('<urllib3.connection.HTTPConnection object at 0x000001B47F3EFE50>: Failed to establish a new connection: [WinError 10061] Nenhuma conexão pôde ser feita porque a máquina de destino as recusou ativamente')': /session/931caefe22d7a99c5da148a3f0067ba9
2025-04-11 14:44:41,102 - WARNING - Retrying (Retry(total=0, connect=None, read=None, redirect=None, status=None)) after connection broken by 'NewConnectionError('<urllib3.connection.HTTPConnection object at 0x000001B47F3EA510>: Failed to establish a new connection: [WinError 10061] Nenhuma conexão pôde ser feita porque a máquina de destino as recusou ativamente')': /session/931caefe22d7a99c5da148a3f0067ba9
