2025-04-11 14:47:32,158 - INFO - === INICIANDO ROBÔ PARIS ===
2025-04-11 14:47:32,158 - INFO - Diretório base de destino encontrado: I:\Contabilidade\Banco Online
2025-04-11 14:47:32,159 - INFO - Diretório de download configurado: C:\Users\Administrador\Downloads
2025-04-11 14:47:32,159 - INFO - Período calculado: 01/03/2025 a 31/03/2025 (Ano: 2025, Mês: março)
2025-04-11 14:47:32,159 - INFO - Inicializando o driver do Chrome
2025-04-11 14:47:32,160 - INFO - ====== WebDriver manager ======
2025-04-11 14:47:33,070 - INFO - Get LATEST chromedriver version for google-chrome
2025-04-11 14:47:33,125 - INFO - Get LATEST chromedriver version for google-chrome
2025-04-11 14:47:33,171 - INFO - Driver [C:\Users\Administrador\.wdm\drivers\chromedriver\win64\135.0.7049.84\chromedriver-win32/chromedriver.exe] found in cache
2025-04-11 14:47:34,290 - INFO - Driver inicializado com sucesso
2025-04-11 14:47:34,291 - INFO - Iniciando processo de login
2025-04-11 14:47:36,775 - INFO - Acessando URL de login: https://portal.ssparisi.com.br/prime/login.php
2025-04-11 14:47:36,903 - INFO - Usuário preenchido
2025-04-11 14:47:37,004 - INFO - Senha preenchida
2025-04-11 14:47:45,952 - INFO - Login realizado com sucesso
2025-04-11 14:47:45,952 - INFO - Lendo planilha de empresas: empresas.xlsx
2025-04-11 14:47:46,186 - INFO - Total de empresas na planilha: 3
2025-04-11 14:47:46,187 - INFO - 
==================================================
2025-04-11 14:47:46,187 - INFO - EMPRESA 1/3: LUSITANO
2025-04-11 14:47:46,187 - INFO - ==================================================
2025-04-11 14:47:46,187 - INFO - Tentativa 1/2 para empresa LUSITANO
2025-04-11 14:47:46,188 - INFO - Processando empresa: LUSITANO - Período: 01/03/2025 a 31/03/2025
2025-04-11 14:47:46,188 - INFO - Identificando bancos disponíveis para a empresa: LUSITANO
2025-04-11 14:47:49,389 - INFO - Acessando URL de extrato: https://portal.ssparisi.com.br/prime/app/ctrl/GestaoBankExtratoSS.php
2025-04-11 14:47:49,550 - INFO - Empresa 'LUSITANO' selecionada
2025-04-11 14:47:52,648 - INFO - Botão de bancos clicado
2025-04-11 14:47:54,661 - INFO - Banco sicredi (classe button-34) não encontrado para esta empresa
2025-04-11 14:47:54,713 - INFO - Encontrado(s) 1 conta(s) do banco itau
2025-04-11 14:47:54,757 - INFO - Encontrado(s) 1 conta(s) do banco santander
2025-04-11 14:47:54,768 - INFO - Banco bradesco (classe button-15) não encontrado para esta empresa
2025-04-11 14:47:54,769 - INFO - Total de bancos encontrados: 2
2025-04-11 14:47:54,769 - INFO - Processando banco itau com 1 conta(s)...
2025-04-11 14:47:56,580 - INFO - Acessando página de extrato para processar conta 1 do banco itau
2025-04-11 14:48:01,859 - INFO - Processando conta 1 do banco itau (ID: account-8050)
2025-04-11 14:48:12,016 - INFO - Data inicial preenchida: 01/03/2025
2025-04-11 14:48:12,112 - INFO - Data final preenchida: 31/03/2025
2025-04-11 14:48:22,214 - INFO - Botão processar clicado, aguardando processamento...
2025-04-11 14:48:25,229 - WARNING - Sem lançamentos disponíveis para esta conta no período selecionado
2025-04-11 14:48:25,232 - INFO - Erro registrado no arquivo de log: I:\Contabilidade\Banco Online\2025\março\erros_download_20250411.txt
2025-04-11 14:48:25,232 - INFO - Pulando para o próximo banco ou empresa...
2025-04-11 14:48:25,232 - INFO - Processando banco santander com 1 conta(s)...
2025-04-11 14:48:28,286 - INFO - Acessando página de extrato para processar conta 1 do banco santander
2025-04-11 14:48:33,517 - INFO - Processando conta 1 do banco santander (ID: account-8051)
2025-04-11 14:48:43,671 - INFO - Data inicial preenchida: 01/03/2025
2025-04-11 14:48:43,760 - INFO - Data final preenchida: 31/03/2025
2025-04-11 14:48:54,301 - INFO - Botão processar clicado, aguardando processamento...
2025-04-11 14:48:57,313 - WARNING - Sem lançamentos disponíveis para esta conta no período selecionado
2025-04-11 14:48:57,316 - INFO - Erro registrado no arquivo de log: I:\Contabilidade\Banco Online\2025\março\erros_download_20250411.txt
2025-04-11 14:48:57,317 - INFO - Pulando para o próximo banco ou empresa...
2025-04-11 14:48:57,317 - WARNING - Nenhuma conta bancária foi processada para a empresa LUSITANO
2025-04-11 14:48:57,317 - WARNING - Falha ao processar empresa LUSITANO na tentativa 1
2025-04-11 14:48:57,318 - INFO - Aguardando 5 segundos antes da próxima tentativa 2/2...
2025-04-11 14:49:02,319 - INFO - Tentativa 2/2 para empresa LUSITANO
2025-04-11 14:49:02,319 - INFO - Processando empresa: LUSITANO - Período: 01/03/2025 a 31/03/2025
2025-04-11 14:49:02,320 - INFO - Identificando bancos disponíveis para a empresa: LUSITANO
2025-04-11 14:49:07,576 - INFO - Acessando URL de extrato: https://portal.ssparisi.com.br/prime/app/ctrl/GestaoBankExtratoSS.php
2025-04-11 14:49:07,714 - INFO - Empresa 'LUSITANO' selecionada
2025-04-11 14:49:10,785 - INFO - Botão de bancos clicado
2025-04-11 14:49:12,795 - INFO - Banco sicredi (classe button-34) não encontrado para esta empresa
2025-04-11 14:49:12,833 - INFO - Encontrado(s) 1 conta(s) do banco itau
2025-04-11 14:49:12,868 - INFO - Encontrado(s) 1 conta(s) do banco santander
2025-04-11 14:49:12,875 - INFO - Banco bradesco (classe button-15) não encontrado para esta empresa
2025-04-11 14:49:12,875 - INFO - Total de bancos encontrados: 2
2025-04-11 14:49:12,876 - INFO - Processando banco itau com 1 conta(s)...
2025-04-11 14:49:14,409 - INFO - Acessando página de extrato para processar conta 1 do banco itau
2025-04-11 14:49:19,644 - INFO - Processando conta 1 do banco itau (ID: account-8050)
2025-04-11 14:49:29,776 - INFO - Data inicial preenchida: 01/03/2025
2025-04-11 14:49:29,857 - INFO - Data final preenchida: 31/03/2025
2025-04-11 14:49:38,267 - INFO - Botão processar clicado, aguardando processamento...
2025-04-11 14:49:41,279 - WARNING - Sem lançamentos disponíveis para esta conta no período selecionado
2025-04-11 14:49:41,279 - INFO - Pulando para o próximo banco ou empresa...
2025-04-11 14:49:41,280 - INFO - Processando banco santander com 1 conta(s)...
2025-04-11 14:49:44,243 - INFO - Acessando página de extrato para processar conta 1 do banco santander
2025-04-11 14:49:49,463 - INFO - Processando conta 1 do banco santander (ID: account-8051)
2025-04-11 14:49:59,592 - INFO - Data inicial preenchida: 01/03/2025
2025-04-11 14:49:59,676 - INFO - Data final preenchida: 31/03/2025
2025-04-11 14:50:11,064 - INFO - Botão processar clicado, aguardando processamento...
2025-04-11 14:50:14,076 - WARNING - Sem lançamentos disponíveis para esta conta no período selecionado
2025-04-11 14:50:14,076 - INFO - Pulando para o próximo banco ou empresa...
2025-04-11 14:50:14,077 - WARNING - Nenhuma conta bancária foi processada para a empresa LUSITANO
2025-04-11 14:50:14,077 - WARNING - Falha ao processar empresa LUSITANO na tentativa 2
2025-04-11 14:50:14,077 - ERROR - Falha ao processar empresa LUSITANO após 2 tentativas
2025-04-11 14:50:30,454 - INFO - Erro registrado no arquivo de log: I:\Contabilidade\Banco Online\2025\março\erros_download_20250411.txt
2025-04-11 14:50:30,455 - ERROR - Todas as 2 tentativas falharam para empresa LUSITANO
2025-04-11 14:50:30,455 - INFO - 
==================================================
2025-04-11 14:50:30,456 - INFO - EMPRESA 2/3: NUTRI
2025-04-11 14:50:30,456 - INFO - ==================================================
2025-04-11 14:50:30,457 - INFO - Tentativa 1/2 para empresa NUTRI
2025-04-11 14:50:30,457 - INFO - Processando empresa: NUTRI - Período: 01/03/2025 a 31/03/2025
2025-04-11 14:50:30,457 - INFO - Identificando bancos disponíveis para a empresa: NUTRI
2025-04-11 14:50:32,223 - INFO - Acessando URL de extrato: https://portal.ssparisi.com.br/prime/app/ctrl/GestaoBankExtratoSS.php
2025-04-11 14:50:32,344 - INFO - Empresa 'NUTRI' selecionada
2025-04-11 14:50:35,416 - INFO - Botão de bancos clicado
2025-04-11 14:50:37,425 - INFO - Banco sicredi (classe button-34) não encontrado para esta empresa
2025-04-11 14:50:37,462 - INFO - Encontrado(s) 1 conta(s) do banco itau
2025-04-11 14:50:37,470 - INFO - Banco santander (classe button-32) não encontrado para esta empresa
2025-04-11 14:50:37,478 - INFO - Banco bradesco (classe button-15) não encontrado para esta empresa
2025-04-11 14:50:37,478 - INFO - Total de bancos encontrados: 1
2025-04-11 14:50:37,478 - INFO - Processando banco itau com 1 conta(s)...
2025-04-11 14:50:39,024 - INFO - Acessando página de extrato para processar conta 1 do banco itau
2025-04-11 14:50:44,231 - INFO - Processando conta 1 do banco itau (ID: account-8053)
2025-04-11 14:50:54,357 - INFO - Data inicial preenchida: 01/03/2025
2025-04-11 14:50:54,453 - INFO - Data final preenchida: 31/03/2025
2025-04-11 14:51:04,229 - INFO - Botão processar clicado, aguardando processamento...
2025-04-11 14:51:12,357 - INFO - Processando lançamentos...
2025-04-11 14:51:16,380 - INFO - Informação de lançamentos: NUTRI - ITAU (Conta: 0454990946) - 0/108
2025-04-11 14:51:16,380 - INFO - Lançamentos: 0 de 108
2025-04-11 14:51:16,381 - WARNING - Nem todos os lançamentos foram feitos: 0/108
2025-04-11 14:51:16,830 - INFO - Erro registrado no arquivo de log: I:\Contabilidade\Banco Online\2025\março\erros_download_20250411.txt
2025-04-11 14:51:16,831 - INFO - Pulando para o próximo banco ou empresa...
2025-04-11 14:51:16,831 - WARNING - Nenhuma conta bancária foi processada para a empresa NUTRI
2025-04-11 14:51:16,831 - WARNING - Falha ao processar empresa NUTRI na tentativa 1
2025-04-11 14:51:16,832 - INFO - Aguardando 5 segundos antes da próxima tentativa 2/2...
2025-04-11 14:51:21,833 - INFO - Tentativa 2/2 para empresa NUTRI
2025-04-11 14:51:21,833 - INFO - Processando empresa: NUTRI - Período: 01/03/2025 a 31/03/2025
2025-04-11 14:51:21,833 - INFO - Identificando bancos disponíveis para a empresa: NUTRI
2025-04-11 14:51:23,603 - INFO - Acessando URL de extrato: https://portal.ssparisi.com.br/prime/app/ctrl/GestaoBankExtratoSS.php
2025-04-11 14:51:23,727 - INFO - Empresa 'NUTRI' selecionada
2025-04-11 14:51:26,798 - INFO - Botão de bancos clicado
2025-04-11 14:51:28,808 - INFO - Banco sicredi (classe button-34) não encontrado para esta empresa
2025-04-11 14:51:28,852 - INFO - Encontrado(s) 1 conta(s) do banco itau
2025-04-11 14:51:28,860 - INFO - Banco santander (classe button-32) não encontrado para esta empresa
2025-04-11 14:51:28,867 - INFO - Banco bradesco (classe button-15) não encontrado para esta empresa
2025-04-11 14:51:28,867 - INFO - Total de bancos encontrados: 1
2025-04-11 14:51:28,868 - INFO - Processando banco itau com 1 conta(s)...
2025-04-11 14:51:30,556 - INFO - Acessando página de extrato para processar conta 1 do banco itau
2025-04-11 14:51:35,764 - INFO - Processando conta 1 do banco itau (ID: account-8053)
2025-04-11 14:51:45,892 - INFO - Data inicial preenchida: 01/03/2025
2025-04-11 14:51:45,980 - INFO - Data final preenchida: 31/03/2025
2025-04-11 14:51:55,036 - INFO - Botão processar clicado, aguardando processamento...
2025-04-11 14:52:03,161 - INFO - Processando lançamentos...
2025-04-11 14:52:07,179 - INFO - Informação de lançamentos: NUTRI - ITAU (Conta: 0454990946) - 0/36
2025-04-11 14:52:07,180 - INFO - Lançamentos: 0 de 36
2025-04-11 14:52:07,180 - WARNING - Nem todos os lançamentos foram feitos: 0/36
2025-04-11 14:52:07,180 - INFO - Pulando para o próximo banco ou empresa...
2025-04-11 14:52:07,180 - WARNING - Nenhuma conta bancária foi processada para a empresa NUTRI
2025-04-11 14:52:07,181 - WARNING - Falha ao processar empresa NUTRI na tentativa 2
2025-04-11 14:52:07,181 - ERROR - Falha ao processar empresa NUTRI após 2 tentativas
2025-04-11 14:52:07,608 - INFO - Erro registrado no arquivo de log: I:\Contabilidade\Banco Online\2025\março\erros_download_20250411.txt
2025-04-11 14:52:07,608 - ERROR - Todas as 2 tentativas falharam para empresa NUTRI
2025-04-11 14:52:07,609 - INFO - 
==================================================
2025-04-11 14:52:07,609 - INFO - EMPRESA 3/3: LACERDA
2025-04-11 14:52:07,610 - INFO - ==================================================
2025-04-11 14:52:07,610 - INFO - Tentativa 1/2 para empresa LACERDA
2025-04-11 14:52:07,610 - INFO - Processando empresa: LACERDA - Período: 01/03/2025 a 31/03/2025
2025-04-11 14:52:07,610 - INFO - Identificando bancos disponíveis para a empresa: LACERDA
2025-04-11 14:52:09,378 - INFO - Acessando URL de extrato: https://portal.ssparisi.com.br/prime/app/ctrl/GestaoBankExtratoSS.php
2025-04-11 14:52:09,503 - INFO - Empresa 'LACERDA' selecionada
2025-04-11 14:52:12,575 - INFO - Botão de bancos clicado
2025-04-11 14:52:14,614 - INFO - Encontrado(s) 1 conta(s) do banco sicredi
2025-04-11 14:52:14,621 - INFO - Banco itau (classe button-23) não encontrado para esta empresa
2025-04-11 14:52:14,628 - INFO - Banco santander (classe button-32) não encontrado para esta empresa
2025-04-11 14:52:14,636 - INFO - Banco bradesco (classe button-15) não encontrado para esta empresa
2025-04-11 14:52:14,636 - INFO - Total de bancos encontrados: 1
2025-04-11 14:52:14,637 - INFO - Processando banco sicredi com 1 conta(s)...
2025-04-11 14:52:16,181 - INFO - Acessando página de extrato para processar conta 1 do banco sicredi
2025-04-11 14:52:21,391 - INFO - Processando conta 1 do banco sicredi (ID: account-7889)
2025-04-11 14:52:31,519 - INFO - Data inicial preenchida: 01/03/2025
2025-04-11 14:52:31,598 - INFO - Data final preenchida: 31/03/2025
2025-04-11 14:52:40,671 - INFO - Botão processar clicado, aguardando processamento...
2025-04-11 14:52:48,794 - INFO - Processando lançamentos...
2025-04-11 14:52:52,812 - INFO - Informação de lançamentos: LACERDA REPRESENTACOES S S LTDA ME (Conta: 485121) - 0/28
2025-04-11 14:52:52,812 - INFO - Lançamentos: 0 de 28
2025-04-11 14:52:52,812 - WARNING - Nem todos os lançamentos foram feitos: 0/28
2025-04-11 14:52:52,815 - INFO - Erro registrado no arquivo de log: I:\Contabilidade\Banco Online\2025\março\erros_download_20250411.txt
2025-04-11 14:52:52,816 - INFO - Pulando para o próximo banco ou empresa...
2025-04-11 14:52:52,816 - WARNING - Nenhuma conta bancária foi processada para a empresa LACERDA
2025-04-11 14:52:52,816 - WARNING - Falha ao processar empresa LACERDA na tentativa 1
2025-04-11 14:52:52,817 - INFO - Aguardando 5 segundos antes da próxima tentativa 2/2...
2025-04-11 14:52:57,817 - INFO - Tentativa 2/2 para empresa LACERDA
2025-04-11 14:52:57,817 - INFO - Processando empresa: LACERDA - Período: 01/03/2025 a 31/03/2025
2025-04-11 14:52:57,817 - INFO - Identificando bancos disponíveis para a empresa: LACERDA
2025-04-11 14:53:01,399 - INFO - Acessando URL de extrato: https://portal.ssparisi.com.br/prime/app/ctrl/GestaoBankExtratoSS.php
2025-04-11 14:53:01,528 - INFO - Empresa 'LACERDA' selecionada
2025-04-11 14:53:04,601 - INFO - Botão de bancos clicado
2025-04-11 14:53:06,637 - INFO - Encontrado(s) 1 conta(s) do banco sicredi
2025-04-11 14:53:06,645 - INFO - Banco itau (classe button-23) não encontrado para esta empresa
2025-04-11 14:53:06,654 - INFO - Banco santander (classe button-32) não encontrado para esta empresa
2025-04-11 14:53:06,663 - INFO - Banco bradesco (classe button-15) não encontrado para esta empresa
2025-04-11 14:53:06,663 - INFO - Total de bancos encontrados: 1
2025-04-11 14:53:06,664 - INFO - Processando banco sicredi com 1 conta(s)...
2025-04-11 14:53:09,957 - INFO - Acessando página de extrato para processar conta 1 do banco sicredi
2025-04-11 14:53:15,179 - INFO - Processando conta 1 do banco sicredi (ID: account-7889)
2025-04-11 14:53:25,311 - INFO - Data inicial preenchida: 01/03/2025
2025-04-11 14:53:25,395 - INFO - Data final preenchida: 31/03/2025
2025-04-11 14:53:35,396 - INFO - Botão processar clicado, aguardando processamento...
2025-04-11 14:53:43,516 - INFO - Processando lançamentos...
2025-04-11 14:53:47,536 - INFO - Informação de lançamentos: LACERDA REPRESENTACOES S S LTDA ME (Conta: 485121) - 0/28
2025-04-11 14:53:47,536 - INFO - Lançamentos: 0 de 28
2025-04-11 14:53:47,537 - WARNING - Nem todos os lançamentos foram feitos: 0/28
2025-04-11 14:53:47,537 - INFO - Pulando para o próximo banco ou empresa...
2025-04-11 14:53:47,537 - WARNING - Nenhuma conta bancária foi processada para a empresa LACERDA
2025-04-11 14:53:47,538 - WARNING - Falha ao processar empresa LACERDA na tentativa 2
2025-04-11 14:53:47,538 - ERROR - Falha ao processar empresa LACERDA após 2 tentativas
2025-04-11 14:53:47,541 - INFO - Erro registrado no arquivo de log: I:\Contabilidade\Banco Online\2025\março\erros_download_20250411.txt
2025-04-11 14:53:47,541 - ERROR - Todas as 2 tentativas falharam para empresa LACERDA
2025-04-11 14:53:47,541 - INFO - 

=== RESUMO DA EXECUÇÃO ===
2025-04-11 14:53:47,542 - INFO - Total de empresas: 3
2025-04-11 14:53:47,542 - INFO - Empresas processadas com sucesso: 0
2025-04-11 14:53:47,542 - INFO - Empresas com erro: 3
2025-04-11 14:53:47,543 - INFO - === FIM DA EXECUÇÃO ===

2025-04-11 14:53:47,543 - INFO - Fechando o navegador
