2025-04-11 11:07:35,415 - INFO - === INICIANDO ROBÔ PARIS ===
2025-04-11 11:07:35,416 - INFO - Diretório base de destino encontrado: I:\Contabilidade\Banco Online
2025-04-11 11:07:35,417 - INFO - Diretório de download configurado: C:\Users\Administrador\Downloads
2025-04-11 11:07:35,417 - INFO - Período calculado: 01/03/2025 a 31/03/2025 (Ano: 2025, Mês: março)
2025-04-11 11:07:35,418 - INFO - Inicializando o driver do Chrome
2025-04-11 11:07:35,418 - INFO - ====== WebDriver manager ======
2025-04-11 11:07:36,319 - INFO - Get LATEST chromedriver version for google-chrome
2025-04-11 11:07:36,397 - INFO - Get LATEST chromedriver version for google-chrome
2025-04-11 11:07:36,451 - INFO - Driver [C:\Users\Administrador\.wdm\drivers\chromedriver\win64\135.0.7049.84\chromedriver-win32/chromedriver.exe] found in cache
2025-04-11 11:07:37,646 - INFO - Driver inicializado com sucesso
2025-04-11 11:07:37,647 - INFO - Iniciando processo de login
2025-04-11 11:07:39,585 - INFO - Acessando URL de login: https://portal.ssparisi.com.br/prime/login.php
2025-04-11 11:07:39,732 - INFO - Usuário preenchido
2025-04-11 11:07:39,867 - INFO - Senha preenchida
2025-04-11 11:07:39,976 - INFO - Login realizado com sucesso
2025-04-11 11:07:39,977 - INFO - Lendo planilha de empresas: empresas.xlsx
2025-04-11 11:07:40,219 - INFO - Total de empresas na planilha: 3
2025-04-11 11:07:40,220 - INFO - 
==================================================
2025-04-11 11:07:40,220 - INFO - EMPRESA 1/3: LUSITANO
2025-04-11 11:07:40,221 - INFO - ==================================================
2025-04-11 11:07:40,221 - INFO - Tentativa 1/2 para empresa LUSITANO
2025-04-11 11:07:40,221 - INFO - Processando empresa: LUSITANO - Período: 01/03/2025 a 31/03/2025
2025-04-11 11:07:40,222 - INFO - Identificando bancos disponíveis para a empresa: LUSITANO
2025-04-11 11:07:48,907 - INFO - Acessando URL de extrato: https://portal.ssparisi.com.br/prime/app/ctrl/GestaoBankExtratoSS.php
2025-04-11 11:07:49,074 - INFO - Empresa 'LUSITANO' selecionada
2025-04-11 11:07:52,168 - INFO - Botão de bancos clicado
2025-04-11 11:07:54,181 - INFO - Banco sicredi (classe button-34) não encontrado para esta empresa
2025-04-11 11:07:54,231 - INFO - Encontrado(s) 1 conta(s) do banco itau
2025-04-11 11:07:54,274 - INFO - Encontrado(s) 1 conta(s) do banco santander
2025-04-11 11:07:54,287 - INFO - Banco bradesco (classe button-15) não encontrado para esta empresa
2025-04-11 11:07:54,287 - INFO - Total de bancos encontrados: 2
2025-04-11 11:07:54,287 - INFO - Processando banco itau com 1 conta(s)...
2025-04-11 11:07:55,707 - INFO - Acessando página de extrato para processar conta 1 do banco itau
2025-04-11 11:08:00,962 - INFO - Processando conta 1 do banco itau (ID: account-8050)
2025-04-11 11:08:11,119 - INFO - Data inicial preenchida: 01/03/2025
2025-04-11 11:08:11,219 - INFO - Data final preenchida: 31/03/2025
2025-04-11 11:08:19,481 - INFO - Botão processar clicado, aguardando processamento...
2025-04-11 11:08:56,525 - WARNING - Não foi possível verificar os lançamentos: Message: 
Stacktrace:
	GetHandleVerifier [0x008780E3+60707]
	GetHandleVerifier [0x00878124+60772]
	(No symbol) [0x006A0683]
	(No symbol) [0x006E8660]
	(No symbol) [0x006E89FB]
	(No symbol) [0x00731022]
	(No symbol) [0x0070D094]
	(No symbol) [0x0072E824]
	(No symbol) [0x0070CE46]
	(No symbol) [0x006DC5D3]
	(No symbol) [0x006DD424]
	GetHandleVerifier [0x00ABBBC3+2435075]
	GetHandleVerifier [0x00AB7163+2416035]
	GetHandleVerifier [0x00AD350C+2531660]
	GetHandleVerifier [0x0088F1B5+155125]
	GetHandleVerifier [0x00895B5D+182173]
	GetHandleVerifier [0x0087F9B8+91640]
	GetHandleVerifier [0x0087FB60+92064]
	GetHandleVerifier [0x0086A620+4704]
	BaseThreadInitThunk [0x75FE5D49+25]
	RtlInitializeExceptionChain [0x7732CF0B+107]
	RtlGetAppContainerNamedObjectPath [0x7732CE91+561]

2025-04-11 11:09:26,629 - ERROR - Erro ao processar conta 1 do banco itau: Message: 
Stacktrace:
	GetHandleVerifier [0x008780E3+60707]
	GetHandleVerifier [0x00878124+60772]
	(No symbol) [0x006A0683]
	(No symbol) [0x006E8660]
	(No symbol) [0x006E89FB]
	(No symbol) [0x00731022]
	(No symbol) [0x0070D094]
	(No symbol) [0x0072E824]
	(No symbol) [0x0070CE46]
	(No symbol) [0x006DC5D3]
	(No symbol) [0x006DD424]
	GetHandleVerifier [0x00ABBBC3+2435075]
	GetHandleVerifier [0x00AB7163+2416035]
	GetHandleVerifier [0x00AD350C+2531660]
	GetHandleVerifier [0x0088F1B5+155125]
	GetHandleVerifier [0x00895B5D+182173]
	GetHandleVerifier [0x0087F9B8+91640]
	GetHandleVerifier [0x0087FB60+92064]
	GetHandleVerifier [0x0086A620+4704]
	BaseThreadInitThunk [0x75FE5D49+25]
	RtlInitializeExceptionChain [0x7732CF0B+107]
	RtlGetAppContainerNamedObjectPath [0x7732CE91+561]

2025-04-11 11:09:26,629 - INFO - Processando banco santander com 1 conta(s)...
2025-04-11 11:09:31,440 - INFO - Acessando página de extrato para processar conta 1 do banco santander
2025-04-11 11:10:04,633 - ERROR - Erro ao processar conta 1 do banco santander: Message: 

2025-04-11 11:10:04,634 - WARNING - Nenhuma conta bancária foi processada para a empresa LUSITANO
2025-04-11 11:10:04,634 - WARNING - Falha ao processar empresa LUSITANO na tentativa 1
2025-04-11 11:10:04,635 - INFO - Aguardando 5 segundos antes da próxima tentativa 2/2...
2025-04-11 11:10:09,636 - INFO - Tentativa 2/2 para empresa LUSITANO
2025-04-11 11:10:09,636 - INFO - Processando empresa: LUSITANO - Período: 01/03/2025 a 31/03/2025
2025-04-11 11:10:09,637 - INFO - Identificando bancos disponíveis para a empresa: LUSITANO
2025-04-11 11:10:14,161 - INFO - Acessando URL de extrato: https://portal.ssparisi.com.br/prime/app/ctrl/GestaoBankExtratoSS.php
2025-04-11 11:10:14,277 - INFO - Empresa 'LUSITANO' selecionada
2025-04-11 11:10:26,001 - INFO - Fechando o navegador
2025-04-11 11:10:26,003 - WARNING - Retrying (Retry(total=2, connect=None, read=None, redirect=None, status=None)) after connection broken by 'ConnectionResetError(10054, 'Foi forçado o cancelamento de uma conexão existente pelo host remoto', None, 10054, None)': /session/795d448ab9671b9d3f64bc65cd658939
2025-04-11 11:10:30,085 - WARNING - Retrying (Retry(total=1, connect=None, read=None, redirect=None, status=None)) after connection broken by 'NewConnectionError('<urllib3.connection.HTTPConnection object at 0x000001B87D3F8490>: Failed to establish a new connection: [WinError 10061] Nenhuma conexão pôde ser feita porque a máquina de destino as recusou ativamente')': /session/795d448ab9671b9d3f64bc65cd658939
2025-04-11 11:10:34,157 - WARNING - Retrying (Retry(total=0, connect=None, read=None, redirect=None, status=None)) after connection broken by 'NewConnectionError('<urllib3.connection.HTTPConnection object at 0x000001B87D3F3CD0>: Failed to establish a new connection: [WinError 10061] Nenhuma conexão pôde ser feita porque a máquina de destino as recusou ativamente')': /session/795d448ab9671b9d3f64bc65cd658939
