2025-04-14 11:05:34,196 - INFO - === INICIANDO ROBÔ PARIS ===
2025-04-14 11:05:36,694 - INFO - Diretório base de destino criado: I:\Contabilidade\Banco Online
2025-04-14 11:05:36,694 - INFO - Diretório de download configurado: C:\Users\Administrador\Downloads
2025-04-14 11:05:36,694 - INFO - Período calculado: 01/03/2025 a 31/03/2025 (Ano: 2025, Mês: março)
2025-04-14 11:05:36,695 - INFO - Inicializando o driver do Chrome
2025-04-14 11:05:36,695 - INFO - ====== WebDriver manager ======
2025-04-14 11:05:37,978 - INFO - Get LATEST chromedriver version for google-chrome
2025-04-14 11:05:38,052 - INFO - Get LATEST chromedriver version for google-chrome
2025-04-14 11:05:38,080 - INFO - Driver [C:\Users\Administrador\.wdm\drivers\chromedriver\win64\135.0.7049.84\chromedriver-win32/chromedriver.exe] found in cache
2025-04-14 11:05:39,870 - INFO - Driver inicializado com sucesso
2025-04-14 11:05:39,873 - INFO - Iniciando processo de login
2025-04-14 11:05:42,224 - INFO - Acessando URL de login: https://portal.ssparisi.com.br/prime/login.php
2025-04-14 11:05:42,363 - INFO - Usuário preenchido
2025-04-14 11:05:42,476 - INFO - Senha preenchida
2025-04-14 11:05:42,575 - INFO - Login realizado com sucesso
2025-04-14 11:05:42,575 - INFO - Lendo planilha de empresas: empresas.xlsx
2025-04-14 11:05:42,940 - INFO - Total de empresas na planilha: 3
2025-04-14 11:05:42,940 - INFO - 
==================================================
2025-04-14 11:05:42,940 - INFO - EMPRESA 1/3: LUSITANO
2025-04-14 11:05:42,940 - INFO - ==================================================
2025-04-14 11:05:42,940 - INFO - Tentativa 1/2 para empresa LUSITANO
2025-04-14 11:05:42,940 - INFO - Processando empresa: LUSITANO - Período: 01/03/2025 a 31/03/2025
2025-04-14 11:05:42,940 - INFO - Identificando bancos disponíveis para a empresa: LUSITANO
2025-04-14 11:05:51,328 - INFO - Acessando URL de extrato: https://portal.ssparisi.com.br/prime/app/ctrl/GestaoBankExtratoSS.php
2025-04-14 11:05:51,487 - INFO - Empresa 'LUSITANO' selecionada
2025-04-14 11:05:54,589 - INFO - Botão de bancos clicado
2025-04-14 11:05:56,592 - INFO - Banco sicredi (classe button-34) não encontrado para esta empresa
2025-04-14 11:05:56,639 - INFO - Encontrado(s) 1 conta(s) do banco itau
2025-04-14 11:05:56,686 - INFO - Encontrado(s) 1 conta(s) do banco santander
2025-04-14 11:05:56,701 - INFO - Banco bradesco (classe button-15) não encontrado para esta empresa
2025-04-14 11:05:56,701 - INFO - Total de bancos encontrados: 2
2025-04-14 11:05:56,701 - INFO - Processando banco itau com 1 conta(s)...
2025-04-14 11:05:58,023 - INFO - Acessando página de extrato para processar conta 1 do banco itau
2025-04-14 11:06:03,268 - INFO - Processando conta 1 do banco itau (ID: account-8050)
2025-04-14 11:06:13,440 - INFO - Data inicial preenchida: 01/03/2025
2025-04-14 11:06:13,552 - INFO - Data final preenchida: 31/03/2025
2025-04-14 11:06:21,616 - INFO - Botão processar clicado, aguardando processamento...
2025-04-14 11:06:24,638 - WARNING - Sem lançamentos disponíveis para esta conta no período selecionado
2025-04-14 11:06:27,115 - INFO - Pasta ano/mês criada: I:\Contabilidade\Banco Online\2025\março
2025-04-14 11:06:27,557 - INFO - Erro registrado no arquivo de log: I:\Contabilidade\Banco Online\2025\março\erros_download_20250414.txt
2025-04-14 11:06:27,558 - INFO - Pulando para o próximo banco ou empresa...
2025-04-14 11:06:27,558 - INFO - Processando banco santander com 1 conta(s)...
2025-04-14 11:06:28,878 - INFO - Acessando página de extrato para processar conta 1 do banco santander
2025-04-14 11:06:34,121 - INFO - Processando conta 1 do banco santander (ID: account-8051)
2025-04-14 11:06:44,281 - INFO - Data inicial preenchida: 01/03/2025
2025-04-14 11:06:44,371 - INFO - Data final preenchida: 31/03/2025
2025-04-14 11:06:54,499 - INFO - Botão processar clicado, aguardando processamento...
2025-04-14 11:06:57,509 - WARNING - Sem lançamentos disponíveis para esta conta no período selecionado
2025-04-14 11:06:57,512 - INFO - Erro registrado no arquivo de log: I:\Contabilidade\Banco Online\2025\março\erros_download_20250414.txt
2025-04-14 11:06:57,513 - INFO - Pulando para o próximo banco ou empresa...
2025-04-14 11:06:57,513 - WARNING - Nenhuma conta bancária foi processada para a empresa LUSITANO
2025-04-14 11:06:57,513 - WARNING - Falha ao processar empresa LUSITANO na tentativa 1
2025-04-14 11:06:57,513 - INFO - Aguardando 5 segundos antes da próxima tentativa 2/2...
2025-04-14 11:07:02,514 - INFO - Tentativa 2/2 para empresa LUSITANO
2025-04-14 11:07:02,514 - INFO - Processando empresa: LUSITANO - Período: 01/03/2025 a 31/03/2025
2025-04-14 11:07:02,514 - INFO - Identificando bancos disponíveis para a empresa: LUSITANO
2025-04-14 11:07:05,717 - INFO - Acessando URL de extrato: https://portal.ssparisi.com.br/prime/app/ctrl/GestaoBankExtratoSS.php
2025-04-14 11:07:05,870 - INFO - Empresa 'LUSITANO' selecionada
2025-04-14 11:07:08,947 - INFO - Botão de bancos clicado
2025-04-14 11:07:10,956 - INFO - Banco sicredi (classe button-34) não encontrado para esta empresa
2025-04-14 11:07:10,994 - INFO - Encontrado(s) 1 conta(s) do banco itau
2025-04-14 11:07:11,031 - INFO - Encontrado(s) 1 conta(s) do banco santander
2025-04-14 11:07:11,040 - INFO - Banco bradesco (classe button-15) não encontrado para esta empresa
2025-04-14 11:07:11,040 - INFO - Total de bancos encontrados: 2
2025-04-14 11:07:11,040 - INFO - Processando banco itau com 1 conta(s)...
2025-04-14 11:07:14,186 - INFO - Acessando página de extrato para processar conta 1 do banco itau
2025-04-14 11:07:19,409 - INFO - Processando conta 1 do banco itau (ID: account-8050)
2025-04-14 11:07:29,562 - INFO - Data inicial preenchida: 01/03/2025
2025-04-14 11:07:29,682 - INFO - Data final preenchida: 31/03/2025
2025-04-14 11:07:39,729 - INFO - Botão processar clicado, aguardando processamento...
2025-04-14 11:07:42,741 - WARNING - Sem lançamentos disponíveis para esta conta no período selecionado
2025-04-14 11:07:42,741 - INFO - Pulando para o próximo banco ou empresa...
2025-04-14 11:07:42,741 - INFO - Processando banco santander com 1 conta(s)...
2025-04-14 11:07:45,706 - INFO - Acessando página de extrato para processar conta 1 do banco santander
2025-04-14 11:07:50,956 - INFO - Processando conta 1 do banco santander (ID: account-8051)
2025-04-14 11:08:01,099 - INFO - Data inicial preenchida: 01/03/2025
2025-04-14 11:08:01,194 - INFO - Data final preenchida: 31/03/2025
2025-04-14 11:08:11,430 - INFO - Botão processar clicado, aguardando processamento...
2025-04-14 11:08:14,441 - WARNING - Sem lançamentos disponíveis para esta conta no período selecionado
2025-04-14 11:08:14,441 - INFO - Pulando para o próximo banco ou empresa...
2025-04-14 11:08:14,441 - WARNING - Nenhuma conta bancária foi processada para a empresa LUSITANO
2025-04-14 11:08:14,441 - WARNING - Falha ao processar empresa LUSITANO na tentativa 2
2025-04-14 11:08:14,441 - ERROR - Falha ao processar empresa LUSITANO após 2 tentativas
2025-04-14 11:08:14,447 - INFO - Erro registrado no arquivo de log: I:\Contabilidade\Banco Online\2025\março\erros_download_20250414.txt
2025-04-14 11:08:14,447 - ERROR - Todas as 2 tentativas falharam para empresa LUSITANO
2025-04-14 11:08:14,448 - INFO - 
==================================================
2025-04-14 11:08:14,448 - INFO - EMPRESA 2/3: NUTRI
2025-04-14 11:08:14,448 - INFO - ==================================================
2025-04-14 11:08:14,449 - INFO - Tentativa 1/2 para empresa NUTRI
2025-04-14 11:08:14,450 - INFO - Processando empresa: NUTRI - Período: 01/03/2025 a 31/03/2025
2025-04-14 11:08:14,450 - INFO - Identificando bancos disponíveis para a empresa: NUTRI
2025-04-14 11:08:18,219 - INFO - Acessando URL de extrato: https://portal.ssparisi.com.br/prime/app/ctrl/GestaoBankExtratoSS.php
2025-04-14 11:08:18,355 - INFO - Empresa 'NUTRI' selecionada
2025-04-14 11:08:21,439 - INFO - Botão de bancos clicado
2025-04-14 11:08:23,448 - INFO - Banco sicredi (classe button-34) não encontrado para esta empresa
2025-04-14 11:08:23,491 - INFO - Encontrado(s) 1 conta(s) do banco itau
2025-04-14 11:08:23,500 - INFO - Banco santander (classe button-32) não encontrado para esta empresa
2025-04-14 11:08:23,507 - INFO - Banco bradesco (classe button-15) não encontrado para esta empresa
2025-04-14 11:08:23,507 - INFO - Total de bancos encontrados: 1
2025-04-14 11:08:23,508 - INFO - Processando banco itau com 1 conta(s)...
2025-04-14 11:08:26,634 - INFO - Acessando página de extrato para processar conta 1 do banco itau
2025-04-14 11:08:31,854 - INFO - Processando conta 1 do banco itau (ID: account-8053)
2025-04-14 11:08:42,014 - INFO - Data inicial preenchida: 01/03/2025
2025-04-14 11:08:42,117 - INFO - Data final preenchida: 31/03/2025
2025-04-14 11:08:52,703 - INFO - Botão processar clicado, aguardando processamento...
2025-04-14 11:09:00,823 - INFO - Processando lançamentos...
2025-04-14 11:09:04,846 - INFO - Informação de lançamentos: NUTRI - ITAU (Conta: 0454990946) - 0/36
2025-04-14 11:09:04,846 - INFO - Lançamentos: 0 de 36
2025-04-14 11:09:04,846 - WARNING - Nem todos os lançamentos foram feitos: 0/36
2025-04-14 11:09:04,851 - INFO - Erro registrado no arquivo de log: I:\Contabilidade\Banco Online\2025\março\erros_download_20250414.txt
2025-04-14 11:09:04,851 - INFO - Pulando para o próximo banco ou empresa...
2025-04-14 11:09:04,851 - WARNING - Nenhuma conta bancária foi processada para a empresa NUTRI
2025-04-14 11:09:04,852 - WARNING - Falha ao processar empresa NUTRI na tentativa 1
2025-04-14 11:09:04,852 - INFO - Aguardando 5 segundos antes da próxima tentativa 2/2...
2025-04-14 11:09:09,854 - INFO - Tentativa 2/2 para empresa NUTRI
2025-04-14 11:09:09,854 - INFO - Processando empresa: NUTRI - Período: 01/03/2025 a 31/03/2025
2025-04-14 11:09:09,854 - INFO - Identificando bancos disponíveis para a empresa: NUTRI
2025-04-14 11:09:12,287 - INFO - Acessando URL de extrato: https://portal.ssparisi.com.br/prime/app/ctrl/GestaoBankExtratoSS.php
2025-04-14 11:09:12,429 - INFO - Empresa 'NUTRI' selecionada
2025-04-14 11:09:15,508 - INFO - Botão de bancos clicado
2025-04-14 11:09:17,519 - INFO - Banco sicredi (classe button-34) não encontrado para esta empresa
2025-04-14 11:09:17,551 - INFO - Encontrado(s) 1 conta(s) do banco itau
2025-04-14 11:09:17,567 - INFO - Banco santander (classe button-32) não encontrado para esta empresa
2025-04-14 11:09:17,567 - INFO - Banco bradesco (classe button-15) não encontrado para esta empresa
2025-04-14 11:09:17,567 - INFO - Total de bancos encontrados: 1
2025-04-14 11:09:17,567 - INFO - Processando banco itau com 1 conta(s)...
2025-04-14 11:09:19,080 - INFO - Acessando página de extrato para processar conta 1 do banco itau
2025-04-14 11:09:24,315 - INFO - Processando conta 1 do banco itau (ID: account-8053)
2025-04-14 11:09:34,476 - INFO - Data inicial preenchida: 01/03/2025
2025-04-14 11:09:34,564 - INFO - Data final preenchida: 31/03/2025
2025-04-14 11:09:43,775 - INFO - Botão processar clicado, aguardando processamento...
2025-04-14 11:09:51,893 - INFO - Processando lançamentos...
2025-04-14 11:09:55,913 - INFO - Informação de lançamentos: NUTRI - ITAU (Conta: 0454990946) - 0/36
2025-04-14 11:09:55,913 - INFO - Lançamentos: 0 de 36
2025-04-14 11:09:55,913 - WARNING - Nem todos os lançamentos foram feitos: 0/36
2025-04-14 11:09:55,914 - INFO - Pulando para o próximo banco ou empresa...
2025-04-14 11:09:55,914 - WARNING - Nenhuma conta bancária foi processada para a empresa NUTRI
2025-04-14 11:09:55,915 - WARNING - Falha ao processar empresa NUTRI na tentativa 2
2025-04-14 11:09:55,915 - ERROR - Falha ao processar empresa NUTRI após 2 tentativas
2025-04-14 11:09:55,918 - INFO - Erro registrado no arquivo de log: I:\Contabilidade\Banco Online\2025\março\erros_download_20250414.txt
2025-04-14 11:09:55,919 - ERROR - Todas as 2 tentativas falharam para empresa NUTRI
2025-04-14 11:09:55,919 - INFO - 
==================================================
2025-04-14 11:09:55,920 - INFO - EMPRESA 3/3: LACERDA
2025-04-14 11:09:55,920 - INFO - ==================================================
2025-04-14 11:09:55,920 - INFO - Tentativa 1/2 para empresa LACERDA
2025-04-14 11:09:55,921 - INFO - Processando empresa: LACERDA - Período: 01/03/2025 a 31/03/2025
2025-04-14 11:09:55,921 - INFO - Identificando bancos disponíveis para a empresa: LACERDA
2025-04-14 11:09:57,622 - INFO - Acessando URL de extrato: https://portal.ssparisi.com.br/prime/app/ctrl/GestaoBankExtratoSS.php
2025-04-14 11:09:57,797 - INFO - Empresa 'LACERDA' selecionada
2025-04-14 11:10:00,880 - INFO - Botão de bancos clicado
2025-04-14 11:10:02,924 - INFO - Encontrado(s) 1 conta(s) do banco sicredi
2025-04-14 11:10:02,933 - INFO - Banco itau (classe button-23) não encontrado para esta empresa
2025-04-14 11:10:02,958 - INFO - Banco santander (classe button-32) não encontrado para esta empresa
2025-04-14 11:10:02,967 - INFO - Banco bradesco (classe button-15) não encontrado para esta empresa
2025-04-14 11:10:02,967 - INFO - Total de bancos encontrados: 1
2025-04-14 11:10:02,968 - INFO - Processando banco sicredi com 1 conta(s)...
2025-04-14 11:10:04,534 - INFO - Acessando página de extrato para processar conta 1 do banco sicredi
2025-04-14 11:10:09,802 - INFO - Processando conta 1 do banco sicredi (ID: account-7889)
2025-04-14 11:10:19,983 - INFO - Data inicial preenchida: 01/03/2025
2025-04-14 11:10:20,068 - INFO - Data final preenchida: 31/03/2025
2025-04-14 11:10:28,972 - INFO - Botão processar clicado, aguardando processamento...
2025-04-14 11:10:37,090 - INFO - Processando lançamentos...
2025-04-14 11:10:41,115 - INFO - Informação de lançamentos: LACERDA REPRESENTACOES S S LTDA ME (Conta: 485121) - 0/28
2025-04-14 11:10:41,116 - INFO - Lançamentos: 0 de 28
2025-04-14 11:10:41,117 - WARNING - Nem todos os lançamentos foram feitos: 0/28
2025-04-14 11:10:42,739 - INFO - Erro registrado no arquivo de log: I:\Contabilidade\Banco Online\2025\março\erros_download_20250414.txt
2025-04-14 11:10:42,739 - INFO - Pulando para o próximo banco ou empresa...
2025-04-14 11:10:42,739 - WARNING - Nenhuma conta bancária foi processada para a empresa LACERDA
2025-04-14 11:10:42,740 - WARNING - Falha ao processar empresa LACERDA na tentativa 1
2025-04-14 11:10:42,740 - INFO - Aguardando 5 segundos antes da próxima tentativa 2/2...
2025-04-14 11:10:47,742 - INFO - Tentativa 2/2 para empresa LACERDA
2025-04-14 11:10:47,742 - INFO - Processando empresa: LACERDA - Período: 01/03/2025 a 31/03/2025
2025-04-14 11:10:47,743 - INFO - Identificando bancos disponíveis para a empresa: LACERDA
2025-04-14 11:10:51,091 - INFO - Acessando URL de extrato: https://portal.ssparisi.com.br/prime/app/ctrl/GestaoBankExtratoSS.php
2025-04-14 11:10:51,258 - INFO - Empresa 'LACERDA' selecionada
2025-04-14 11:10:54,355 - INFO - Botão de bancos clicado
2025-04-14 11:10:56,402 - INFO - Encontrado(s) 1 conta(s) do banco sicredi
2025-04-14 11:10:56,416 - INFO - Banco itau (classe button-23) não encontrado para esta empresa
2025-04-14 11:10:56,427 - INFO - Banco santander (classe button-32) não encontrado para esta empresa
2025-04-14 11:10:56,440 - INFO - Banco bradesco (classe button-15) não encontrado para esta empresa
2025-04-14 11:10:56,440 - INFO - Total de bancos encontrados: 1
2025-04-14 11:10:56,440 - INFO - Processando banco sicredi com 1 conta(s)...
2025-04-14 11:10:59,615 - INFO - Acessando página de extrato para processar conta 1 do banco sicredi
2025-04-14 11:11:04,929 - INFO - Processando conta 1 do banco sicredi (ID: account-7889)
2025-04-14 11:11:15,144 - INFO - Data inicial preenchida: 01/03/2025
2025-04-14 11:11:15,258 - INFO - Data final preenchida: 31/03/2025
2025-04-14 11:11:24,883 - INFO - Botão processar clicado, aguardando processamento...
2025-04-14 11:11:33,004 - INFO - Processando lançamentos...
2025-04-14 11:11:37,025 - INFO - Informação de lançamentos: LACERDA REPRESENTACOES S S LTDA ME (Conta: 485121) - 0/28
2025-04-14 11:11:37,026 - INFO - Lançamentos: 0 de 28
2025-04-14 11:11:37,026 - WARNING - Nem todos os lançamentos foram feitos: 0/28
2025-04-14 11:11:37,026 - INFO - Pulando para o próximo banco ou empresa...
2025-04-14 11:11:37,027 - WARNING - Nenhuma conta bancária foi processada para a empresa LACERDA
2025-04-14 11:11:37,027 - WARNING - Falha ao processar empresa LACERDA na tentativa 2
2025-04-14 11:11:37,028 - ERROR - Falha ao processar empresa LACERDA após 2 tentativas
2025-04-14 11:11:38,682 - INFO - Erro registrado no arquivo de log: I:\Contabilidade\Banco Online\2025\março\erros_download_20250414.txt
2025-04-14 11:11:38,683 - ERROR - Todas as 2 tentativas falharam para empresa LACERDA
2025-04-14 11:11:38,684 - INFO - 

=== RESUMO DA EXECUÇÃO ===
2025-04-14 11:11:38,684 - INFO - Total de empresas: 3
2025-04-14 11:11:38,684 - INFO - Empresas processadas com sucesso: 0
2025-04-14 11:11:38,685 - INFO - Empresas com erro: 3
2025-04-14 11:11:38,685 - INFO - === FIM DA EXECUÇÃO ===

2025-04-14 11:11:38,685 - INFO - Fechando o navegador
