2025-04-10 17:12:14,915 - INFO - === INICIANDO ROBÔ PARIS ===
2025-04-10 17:12:14,915 - INFO - Inicializando o driver do Chrome
2025-04-10 17:12:14,916 - INFO - ====== WebDriver manager ======
2025-04-10 17:12:16,501 - INFO - Get LATEST chromedriver version for google-chrome
2025-04-10 17:12:16,550 - INFO - Get LATEST chromedriver version for google-chrome
2025-04-10 17:12:16,615 - INFO - Driver [C:\Users\Administrador\.wdm\drivers\chromedriver\win64\135.0.7049.84\chromedriver-win32/chromedriver.exe] found in cache
2025-04-10 17:12:18,269 - INFO - Driver inicializado com sucesso
2025-04-10 17:12:18,270 - INFO - Iniciando processo de login
2025-04-10 17:12:20,328 - INFO - Acessando URL de login: https://portal.ssparisi.com.br/prime/login.php
2025-04-10 17:12:20,455 - INFO - Usuário preenchido
2025-04-10 17:12:20,556 - INFO - Senha preenchida
2025-04-10 17:12:20,656 - INFO - Login realizado com sucesso
2025-04-10 17:12:20,657 - INFO - Lendo planilha de empresas: empresas.xlsx
2025-04-10 17:12:20,899 - INFO - Total de empresas na planilha: 2
2025-04-10 17:12:20,900 - INFO - 
==================================================
2025-04-10 17:12:20,901 - INFO - EMPRESA 1/2: LACERDA
2025-04-10 17:12:20,901 - INFO - ==================================================
2025-04-10 17:12:20,901 - INFO - Processando empresa: LACERDA - Período: 01/03/2025 a 31/03/2025
2025-04-10 17:12:28,435 - INFO - Acessando URL de extrato: https://portal.ssparisi.com.br/prime/app/ctrl/GestaoBankExtratoSS.php
2025-04-10 17:12:28,591 - INFO - Empresa 'LACERDA' selecionada
2025-04-10 17:12:31,692 - INFO - Botão de bancos clicado
2025-04-10 17:12:33,706 - INFO - Encontrado(s) 2 conta(s) do banco sicredi
2025-04-10 17:12:33,706 - INFO - Processando conta 1 do banco sicredi
2025-04-10 17:12:41,870 - INFO - Data inicial preenchida: 01/03/2025
2025-04-10 17:12:41,964 - INFO - Data final preenchida: 31/03/2025
2025-04-10 17:12:42,046 - INFO - Checkbox de exportados marcado
2025-04-10 17:12:51,478 - INFO - Botão processar clicado, aguardando processamento...
2025-04-10 17:13:02,172 - INFO - Botão exportar clicado
2025-04-10 17:13:02,209 - INFO - Download iniciado para LACERDA - sicredi - conta 1
2025-04-10 17:13:07,211 - INFO - Pasta criada para empresa: C:\Users\Administrador\Desktop\Projetos\Automações\RoboParis\extratos\LACERDA
2025-04-10 17:13:07,211 - INFO - Procurando arquivo baixado (tentativa 1/15)
2025-04-10 17:13:08,212 - INFO - Procurando arquivo baixado (tentativa 2/15)
2025-04-10 17:13:09,213 - INFO - Procurando arquivo baixado (tentativa 3/15)
2025-04-10 17:13:10,214 - INFO - Procurando arquivo baixado (tentativa 4/15)
2025-04-10 17:13:11,216 - INFO - Procurando arquivo baixado (tentativa 5/15)
2025-04-10 17:13:12,217 - INFO - Procurando arquivo baixado (tentativa 6/15)
2025-04-10 17:13:13,219 - INFO - Procurando arquivo baixado (tentativa 7/15)
2025-04-10 17:13:14,220 - INFO - Procurando arquivo baixado (tentativa 8/15)
2025-04-10 17:13:15,222 - INFO - Procurando arquivo baixado (tentativa 9/15)
2025-04-10 17:13:16,224 - INFO - Procurando arquivo baixado (tentativa 10/15)
2025-04-10 17:13:17,226 - INFO - Procurando arquivo baixado (tentativa 11/15)
2025-04-10 17:13:18,227 - INFO - Procurando arquivo baixado (tentativa 12/15)
2025-04-10 17:13:19,228 - INFO - Procurando arquivo baixado (tentativa 13/15)
2025-04-10 17:13:20,229 - INFO - Procurando arquivo baixado (tentativa 14/15)
2025-04-10 17:13:21,231 - INFO - Procurando arquivo baixado (tentativa 15/15)
2025-04-10 17:13:22,233 - WARNING - Arquivo não encontrado para mover
2025-04-10 17:13:22,233 - INFO - Arquivo processado e movido: None
2025-04-10 17:13:23,868 - INFO - Retornando à página de extrato para processar próxima conta
2025-04-10 17:13:29,076 - INFO - Processando conta 2 do banco sicredi
2025-04-10 17:13:31,035 - INFO - Fechando o navegador
2025-04-10 17:13:31,039 - WARNING - Retrying (Retry(total=2, connect=None, read=None, redirect=None, status=None)) after connection broken by 'ConnectionResetError(10054, 'Foi forçado o cancelamento de uma conexão existente pelo host remoto', None, 10054, None)': /session/9e115823008c97f9b81db68ad0622f31
2025-04-10 17:13:35,134 - WARNING - Retrying (Retry(total=1, connect=None, read=None, redirect=None, status=None)) after connection broken by 'NewConnectionError('<urllib3.connection.HTTPConnection object at 0x00000185912D3610>: Failed to establish a new connection: [WinError 10061] Nenhuma conexão pôde ser feita porque a máquina de destino as recusou ativamente')': /session/9e115823008c97f9b81db68ad0622f31
2025-04-10 17:13:39,207 - WARNING - Retrying (Retry(total=0, connect=None, read=None, redirect=None, status=None)) after connection broken by 'NewConnectionError('<urllib3.connection.HTTPConnection object at 0x00000185912E97D0>: Failed to establish a new connection: [WinError 10061] Nenhuma conexão pôde ser feita porque a máquina de destino as recusou ativamente')': /session/9e115823008c97f9b81db68ad0622f31
