2025-04-11 14:25:15,856 - INFO - === INICIANDO ROBÔ PARIS ===
2025-04-11 14:25:16,322 - INFO - Diretório base de destino encontrado: I:\Contabilidade\Banco Online
2025-04-11 14:25:16,323 - INFO - Diretório de download configurado: C:\Users\Administrador\Downloads
2025-04-11 14:25:16,323 - INFO - Período calculado: 01/03/2025 a 31/03/2025 (Ano: 2025, Mês: março)
2025-04-11 14:25:16,323 - INFO - Inicializando o driver do Chrome
2025-04-11 14:25:16,324 - INFO - ====== WebDriver manager ======
2025-04-11 14:25:17,309 - INFO - Get LATEST chromedriver version for google-chrome
2025-04-11 14:25:17,421 - INFO - Get LATEST chromedriver version for google-chrome
2025-04-11 14:25:17,478 - INFO - Driver [C:\Users\Administrador\.wdm\drivers\chromedriver\win64\135.0.7049.84\chromedriver-win32/chromedriver.exe] found in cache
2025-04-11 14:25:18,672 - INFO - Driver inicializado com sucesso
2025-04-11 14:25:18,672 - INFO - Iniciando processo de login
2025-04-11 14:25:21,034 - INFO - Acessando URL de login: https://portal.ssparisi.com.br/prime/login.php
2025-04-11 14:25:21,164 - INFO - Usuário preenchido
2025-04-11 14:25:21,277 - INFO - Senha preenchida
2025-04-11 14:25:21,388 - INFO - Login realizado com sucesso
2025-04-11 14:25:21,388 - INFO - Lendo planilha de empresas: empresas.xlsx
2025-04-11 14:25:21,636 - INFO - Total de empresas na planilha: 3
2025-04-11 14:25:21,637 - INFO - 
==================================================
2025-04-11 14:25:21,637 - INFO - EMPRESA 1/3: LUSITANO
2025-04-11 14:25:21,638 - INFO - ==================================================
2025-04-11 14:25:21,638 - INFO - Tentativa 1/2 para empresa LUSITANO
2025-04-11 14:25:21,639 - INFO - Processando empresa: LUSITANO - Período: 01/03/2025 a 31/03/2025
2025-04-11 14:25:21,639 - INFO - Identificando bancos disponíveis para a empresa: LUSITANO
2025-04-11 14:25:29,887 - INFO - Acessando URL de extrato: https://portal.ssparisi.com.br/prime/app/ctrl/GestaoBankExtratoSS.php
2025-04-11 14:25:30,055 - INFO - Empresa 'LUSITANO' selecionada
2025-04-11 14:25:33,157 - INFO - Botão de bancos clicado
2025-04-11 14:25:35,170 - INFO - Banco sicredi (classe button-34) não encontrado para esta empresa
2025-04-11 14:25:35,221 - INFO - Encontrado(s) 1 conta(s) do banco itau
2025-04-11 14:25:35,265 - INFO - Encontrado(s) 1 conta(s) do banco santander
2025-04-11 14:25:35,277 - INFO - Banco bradesco (classe button-15) não encontrado para esta empresa
2025-04-11 14:25:35,278 - INFO - Total de bancos encontrados: 2
2025-04-11 14:25:35,278 - INFO - Processando banco itau com 1 conta(s)...
2025-04-11 14:25:36,794 - INFO - Acessando página de extrato para processar conta 1 do banco itau
2025-04-11 14:25:42,073 - INFO - Processando conta 1 do banco itau (ID: account-8050)
2025-04-11 14:25:52,232 - INFO - Data inicial preenchida: 01/03/2025
2025-04-11 14:25:52,331 - INFO - Data final preenchida: 31/03/2025
2025-04-11 14:26:00,445 - INFO - Botão processar clicado, aguardando processamento...
2025-04-11 14:26:03,459 - WARNING - Sem lançamentos disponíveis para esta conta no período selecionado
2025-04-11 14:26:03,463 - INFO - Erro registrado no arquivo de log: I:\Contabilidade\Banco Online\2025\março\erros_download_20250411.txt
2025-04-11 14:26:03,463 - INFO - Pulando para o próximo banco ou empresa...
2025-04-11 14:26:03,464 - INFO - Processando banco santander com 1 conta(s)...
2025-04-11 14:26:04,997 - INFO - Acessando página de extrato para processar conta 1 do banco santander
2025-04-11 14:26:10,256 - INFO - Processando conta 1 do banco santander (ID: account-8051)
2025-04-11 14:26:20,418 - INFO - Data inicial preenchida: 01/03/2025
2025-04-11 14:26:20,510 - INFO - Data final preenchida: 31/03/2025
2025-04-11 14:26:30,387 - INFO - Botão processar clicado, aguardando processamento...
2025-04-11 14:26:33,398 - WARNING - Sem lançamentos disponíveis para esta conta no período selecionado
2025-04-11 14:26:33,401 - INFO - Erro registrado no arquivo de log: I:\Contabilidade\Banco Online\2025\março\erros_download_20250411.txt
2025-04-11 14:26:33,401 - INFO - Pulando para o próximo banco ou empresa...
2025-04-11 14:26:33,402 - WARNING - Nenhuma conta bancária foi processada para a empresa LUSITANO
2025-04-11 14:26:33,403 - WARNING - Falha ao processar empresa LUSITANO na tentativa 1
2025-04-11 14:26:33,403 - INFO - Aguardando 5 segundos antes da próxima tentativa 2/2...
2025-04-11 14:26:38,404 - INFO - Tentativa 2/2 para empresa LUSITANO
2025-04-11 14:26:38,404 - INFO - Processando empresa: LUSITANO - Período: 01/03/2025 a 31/03/2025
2025-04-11 14:26:38,404 - INFO - Identificando bancos disponíveis para a empresa: LUSITANO
2025-04-11 14:26:41,737 - INFO - Acessando URL de extrato: https://portal.ssparisi.com.br/prime/app/ctrl/GestaoBankExtratoSS.php
2025-04-11 14:26:41,871 - INFO - Empresa 'LUSITANO' selecionada
2025-04-11 14:26:44,944 - INFO - Botão de bancos clicado
2025-04-11 14:26:46,954 - INFO - Banco sicredi (classe button-34) não encontrado para esta empresa
2025-04-11 14:26:46,992 - INFO - Encontrado(s) 1 conta(s) do banco itau
2025-04-11 14:26:47,030 - INFO - Encontrado(s) 1 conta(s) do banco santander
2025-04-11 14:26:47,039 - INFO - Banco bradesco (classe button-15) não encontrado para esta empresa
2025-04-11 14:26:47,039 - INFO - Total de bancos encontrados: 2
2025-04-11 14:26:47,039 - INFO - Processando banco itau com 1 conta(s)...
2025-04-11 14:26:50,077 - INFO - Acessando página de extrato para processar conta 1 do banco itau
2025-04-11 14:26:54,136 - INFO - Fechando o navegador
2025-04-11 14:26:54,138 - WARNING - Retrying (Retry(total=2, connect=None, read=None, redirect=None, status=None)) after connection broken by 'ConnectionResetError(10054, 'Foi forçado o cancelamento de uma conexão existente pelo host remoto', None, 10054, None)': /session/7c68ed88de8b25a740c92994031def4e
2025-04-11 14:26:58,174 - WARNING - Retrying (Retry(total=1, connect=None, read=None, redirect=None, status=None)) after connection broken by 'NewConnectionError('<urllib3.connection.HTTPConnection object at 0x000002581CCE1B90>: Failed to establish a new connection: [WinError 10061] Nenhuma conexão pôde ser feita porque a máquina de destino as recusou ativamente')': /session/7c68ed88de8b25a740c92994031def4e
2025-04-11 14:27:02,260 - WARNING - Retrying (Retry(total=0, connect=None, read=None, redirect=None, status=None)) after connection broken by 'NewConnectionError('<urllib3.connection.HTTPConnection object at 0x000002581E091010>: Failed to establish a new connection: [WinError 10061] Nenhuma conexão pôde ser feita porque a máquina de destino as recusou ativamente')': /session/7c68ed88de8b25a740c92994031def4e
