2025-04-11 09:29:11,800 - INFO - === INICIANDO ROBÔ PARIS ===
2025-04-11 09:29:11,805 - INFO - Diretório base de destino encontrado: I:\Contabilidade\Banco Online
2025-04-11 09:29:11,806 - INFO - Diretório de download configurado: C:\Users\Administrador\Downloads
2025-04-11 09:29:11,806 - INFO - Período calculado: 01/03/2025 a 31/03/2025 (Ano: 2025, Mês: março)
2025-04-11 09:29:11,806 - INFO - Inicializando o driver do Chrome
2025-04-11 09:29:11,806 - INFO - ====== WebDriver manager ======
2025-04-11 09:29:12,688 - INFO - Get LATEST chromedriver version for google-chrome
2025-04-11 09:29:12,755 - INFO - Get LATEST chromedriver version for google-chrome
2025-04-11 09:29:12,832 - INFO - Driver [C:\Users\Administrador\.wdm\drivers\chromedriver\win64\135.0.7049.84\chromedriver-win32/chromedriver.exe] found in cache
2025-04-11 09:29:14,063 - INFO - Driver inicializado com sucesso
2025-04-11 09:29:14,063 - INFO - Iniciando processo de login
2025-04-11 09:29:15,992 - INFO - Acessando URL de login: https://portal.ssparisi.com.br/prime/login.php
2025-04-11 09:29:16,127 - INFO - Usuário preenchido
2025-04-11 09:29:16,219 - INFO - Senha preenchida
2025-04-11 09:29:16,318 - INFO - Login realizado com sucesso
2025-04-11 09:29:16,318 - INFO - Lendo planilha de empresas: empresas.xlsx
2025-04-11 09:29:16,575 - INFO - Total de empresas na planilha: 2
2025-04-11 09:29:16,575 - INFO - 
==================================================
2025-04-11 09:29:16,575 - INFO - EMPRESA 1/2: LACERDA
2025-04-11 09:29:16,575 - INFO - ==================================================
2025-04-11 09:29:16,575 - INFO - Tentativa 1/3 para empresa LACERDA
2025-04-11 09:29:16,575 - INFO - Processando empresa: LACERDA - Período: 01/03/2025 a 31/03/2025
2025-04-11 09:29:24,046 - INFO - Acessando URL de extrato: https://portal.ssparisi.com.br/prime/app/ctrl/GestaoBankExtratoSS.php
2025-04-11 09:29:24,201 - INFO - Empresa 'LACERDA' selecionada
2025-04-11 09:29:27,288 - INFO - Botão de bancos clicado
2025-04-11 09:29:29,338 - INFO - Encontrado(s) 1 conta(s) do banco sicredi
2025-04-11 09:29:29,354 - INFO - Processando conta 1 do banco sicredi (ID: account-7889)
2025-04-11 09:29:38,514 - INFO - Data inicial preenchida: 01/03/2025
2025-04-11 09:29:38,612 - INFO - Data final preenchida: 31/03/2025
2025-04-11 09:29:47,627 - INFO - Botão processar clicado, aguardando processamento...
2025-04-11 09:29:58,093 - INFO - Botão exportar clicado
2025-04-11 09:29:58,129 - INFO - Download iniciado para LACERDA - sicredi - conta 1
2025-04-11 09:30:20,481 - INFO - Procurando arquivo baixado (tentativa 1/15)
2025-04-11 09:30:21,482 - INFO - Procurando arquivo baixado (tentativa 2/15)
2025-04-11 09:30:22,483 - INFO - Procurando arquivo baixado (tentativa 3/15)
2025-04-11 09:30:23,485 - INFO - Procurando arquivo baixado (tentativa 4/15)
2025-04-11 09:30:24,486 - INFO - Procurando arquivo baixado (tentativa 5/15)
2025-04-11 09:30:25,487 - INFO - Procurando arquivo baixado (tentativa 6/15)
2025-04-11 09:30:26,489 - INFO - Procurando arquivo baixado (tentativa 7/15)
2025-04-11 09:30:27,490 - INFO - Procurando arquivo baixado (tentativa 8/15)
2025-04-11 09:30:28,491 - INFO - Procurando arquivo baixado (tentativa 9/15)
2025-04-11 09:30:29,492 - INFO - Procurando arquivo baixado (tentativa 10/15)
2025-04-11 09:30:30,494 - INFO - Procurando arquivo baixado (tentativa 11/15)
2025-04-11 09:30:31,496 - INFO - Procurando arquivo baixado (tentativa 12/15)
2025-04-11 09:30:32,498 - INFO - Procurando arquivo baixado (tentativa 13/15)
2025-04-11 09:30:33,499 - INFO - Procurando arquivo baixado (tentativa 14/15)
2025-04-11 09:30:34,501 - INFO - Procurando arquivo baixado (tentativa 15/15)
2025-04-11 09:30:35,502 - WARNING - Arquivo não encontrado para mover
2025-04-11 09:30:35,502 - WARNING - Não foi possível mover o arquivo para LACERDA - sicredi - conta 1
2025-04-11 09:30:35,513 - INFO - Banco itau (classe button-23) não encontrado para esta empresa
2025-04-11 09:30:35,513 - INFO - Banco santander (classe button-32) não encontrado para esta empresa
2025-04-11 09:30:35,536 - INFO - Banco bradesco (classe button-15) não encontrado para esta empresa
2025-04-11 09:30:35,536 - WARNING - Nenhuma conta bancária foi processada para a empresa LACERDA
2025-04-11 09:30:35,536 - WARNING - Falha ao processar empresa LACERDA na tentativa 1
2025-04-11 09:30:35,536 - INFO - Aguardando 5 segundos antes da próxima tentativa...
2025-04-11 09:30:40,540 - INFO - Tentativa 2/3 para empresa LACERDA
2025-04-11 09:30:40,540 - INFO - Processando empresa: LACERDA - Período: 01/03/2025 a 31/03/2025
2025-04-11 09:30:41,942 - INFO - Acessando URL de extrato: https://portal.ssparisi.com.br/prime/app/ctrl/GestaoBankExtratoSS.php
2025-04-11 09:30:42,077 - INFO - Empresa 'LACERDA' selecionada
2025-04-11 09:30:45,155 - INFO - Botão de bancos clicado
2025-04-11 09:30:47,190 - INFO - Encontrado(s) 1 conta(s) do banco sicredi
2025-04-11 09:30:47,190 - INFO - Processando conta 1 do banco sicredi (ID: account-7889)
2025-04-11 09:30:56,345 - INFO - Data inicial preenchida: 01/03/2025
2025-04-11 09:30:56,427 - INFO - Data final preenchida: 31/03/2025
2025-04-11 09:31:04,494 - INFO - Botão processar clicado, aguardando processamento...
2025-04-11 09:31:14,556 - INFO - Botão exportar clicado
2025-04-11 09:31:14,579 - INFO - Download iniciado para LACERDA - sicredi - conta 1
2025-04-11 09:31:19,586 - INFO - Procurando arquivo baixado (tentativa 1/15)
2025-04-11 09:31:20,587 - INFO - Procurando arquivo baixado (tentativa 2/15)
2025-04-11 09:31:21,589 - INFO - Procurando arquivo baixado (tentativa 3/15)
2025-04-11 09:31:22,590 - INFO - Procurando arquivo baixado (tentativa 4/15)
2025-04-11 09:31:23,592 - INFO - Procurando arquivo baixado (tentativa 5/15)
2025-04-11 09:31:24,592 - INFO - Procurando arquivo baixado (tentativa 6/15)
2025-04-11 09:31:25,593 - INFO - Procurando arquivo baixado (tentativa 7/15)
2025-04-11 09:31:26,594 - INFO - Procurando arquivo baixado (tentativa 8/15)
2025-04-11 09:31:27,596 - INFO - Procurando arquivo baixado (tentativa 9/15)
2025-04-11 09:31:28,597 - INFO - Procurando arquivo baixado (tentativa 10/15)
2025-04-11 09:31:29,599 - INFO - Procurando arquivo baixado (tentativa 11/15)
2025-04-11 09:31:30,600 - INFO - Procurando arquivo baixado (tentativa 12/15)
2025-04-11 09:31:31,601 - INFO - Procurando arquivo baixado (tentativa 13/15)
2025-04-11 09:31:32,602 - INFO - Procurando arquivo baixado (tentativa 14/15)
2025-04-11 09:31:33,603 - INFO - Procurando arquivo baixado (tentativa 15/15)
2025-04-11 09:31:34,604 - WARNING - Arquivo não encontrado para mover
2025-04-11 09:31:34,604 - WARNING - Não foi possível mover o arquivo para LACERDA - sicredi - conta 1
2025-04-11 09:31:34,604 - INFO - Banco itau (classe button-23) não encontrado para esta empresa
2025-04-11 09:31:34,616 - INFO - Banco santander (classe button-32) não encontrado para esta empresa
2025-04-11 09:31:34,616 - INFO - Banco bradesco (classe button-15) não encontrado para esta empresa
2025-04-11 09:31:34,616 - WARNING - Nenhuma conta bancária foi processada para a empresa LACERDA
2025-04-11 09:31:34,632 - WARNING - Falha ao processar empresa LACERDA na tentativa 2
2025-04-11 09:31:34,632 - INFO - Aguardando 5 segundos antes da próxima tentativa...
2025-04-11 09:31:39,634 - INFO - Tentativa 3/3 para empresa LACERDA
2025-04-11 09:31:39,634 - INFO - Processando empresa: LACERDA - Período: 01/03/2025 a 31/03/2025
2025-04-11 09:31:41,150 - INFO - Acessando URL de extrato: https://portal.ssparisi.com.br/prime/app/ctrl/GestaoBankExtratoSS.php
2025-04-11 09:31:41,276 - INFO - Empresa 'LACERDA' selecionada
2025-04-11 09:31:44,355 - INFO - Botão de bancos clicado
2025-04-11 09:31:46,397 - INFO - Encontrado(s) 1 conta(s) do banco sicredi
2025-04-11 09:31:46,397 - INFO - Processando conta 1 do banco sicredi (ID: account-7889)
2025-04-11 09:31:55,578 - INFO - Data inicial preenchida: 01/03/2025
2025-04-11 09:31:55,664 - INFO - Data final preenchida: 31/03/2025
2025-04-11 09:32:04,289 - INFO - Botão processar clicado, aguardando processamento...
2025-04-11 09:32:14,273 - INFO - Botão exportar clicado
2025-04-11 09:32:14,313 - INFO - Download iniciado para LACERDA - sicredi - conta 1
2025-04-11 09:32:19,315 - INFO - Procurando arquivo baixado (tentativa 1/15)
2025-04-11 09:32:20,317 - INFO - Procurando arquivo baixado (tentativa 2/15)
2025-04-11 09:32:21,318 - INFO - Procurando arquivo baixado (tentativa 3/15)
2025-04-11 09:32:22,320 - INFO - Procurando arquivo baixado (tentativa 4/15)
2025-04-11 09:32:23,322 - INFO - Procurando arquivo baixado (tentativa 5/15)
2025-04-11 09:32:24,323 - INFO - Procurando arquivo baixado (tentativa 6/15)
2025-04-11 09:32:25,324 - INFO - Procurando arquivo baixado (tentativa 7/15)
2025-04-11 09:32:26,325 - INFO - Procurando arquivo baixado (tentativa 8/15)
2025-04-11 09:32:27,327 - INFO - Procurando arquivo baixado (tentativa 9/15)
2025-04-11 09:32:28,328 - INFO - Procurando arquivo baixado (tentativa 10/15)
2025-04-11 09:32:29,331 - INFO - Procurando arquivo baixado (tentativa 11/15)
2025-04-11 09:32:30,332 - INFO - Procurando arquivo baixado (tentativa 12/15)
2025-04-11 09:32:31,334 - INFO - Procurando arquivo baixado (tentativa 13/15)
2025-04-11 09:32:32,335 - INFO - Procurando arquivo baixado (tentativa 14/15)
2025-04-11 09:32:33,336 - INFO - Procurando arquivo baixado (tentativa 15/15)
2025-04-11 09:32:34,338 - WARNING - Arquivo não encontrado para mover
2025-04-11 09:32:34,338 - WARNING - Não foi possível mover o arquivo para LACERDA - sicredi - conta 1
2025-04-11 09:32:34,338 - INFO - Banco itau (classe button-23) não encontrado para esta empresa
2025-04-11 09:32:34,354 - INFO - Banco santander (classe button-32) não encontrado para esta empresa
2025-04-11 09:32:34,363 - INFO - Banco bradesco (classe button-15) não encontrado para esta empresa
2025-04-11 09:32:34,363 - WARNING - Nenhuma conta bancária foi processada para a empresa LACERDA
2025-04-11 09:32:34,363 - WARNING - Falha ao processar empresa LACERDA na tentativa 3
2025-04-11 09:32:49,864 - INFO - Erro registrado no arquivo de log: I:\Contabilidade\Banco Online\2025\março\erros_download_20250411.txt
2025-04-11 09:32:49,864 - INFO - Tentativa 3/3 para empresa LACERDA
2025-04-11 09:32:49,865 - INFO - Processando empresa: LACERDA - Período: 01/03/2025 a 31/03/2025
2025-04-11 09:32:51,498 - INFO - Acessando URL de extrato: https://portal.ssparisi.com.br/prime/app/ctrl/GestaoBankExtratoSS.php
2025-04-11 09:32:51,680 - INFO - Empresa 'LACERDA' selecionada
2025-04-11 09:32:54,762 - INFO - Botão de bancos clicado
2025-04-11 09:32:56,794 - INFO - Encontrado(s) 1 conta(s) do banco sicredi
2025-04-11 09:32:56,807 - INFO - Processando conta 1 do banco sicredi (ID: account-7889)
2025-04-11 09:33:05,951 - INFO - Data inicial preenchida: 01/03/2025
2025-04-11 09:33:06,033 - INFO - Data final preenchida: 31/03/2025
2025-04-11 09:33:10,962 - INFO - Fechando o navegador
2025-04-11 09:33:15,037 - WARNING - Retrying (Retry(total=2, connect=None, read=None, redirect=None, status=None)) after connection broken by 'NewConnectionError('<urllib3.connection.HTTPConnection object at 0x000001D1CD1D70D0>: Failed to establish a new connection: [WinError 10061] Nenhuma conexão pôde ser feita porque a máquina de destino as recusou ativamente')': /session/753f8f0e57c5ef3384cc664b7684217f
2025-04-11 09:33:19,131 - WARNING - Retrying (Retry(total=1, connect=None, read=None, redirect=None, status=None)) after connection broken by 'NewConnectionError('<urllib3.connection.HTTPConnection object at 0x000001D1CD47D210>: Failed to establish a new connection: [WinError 10061] Nenhuma conexão pôde ser feita porque a máquina de destino as recusou ativamente')': /session/753f8f0e57c5ef3384cc664b7684217f
2025-04-11 09:33:23,211 - WARNING - Retrying (Retry(total=0, connect=None, read=None, redirect=None, status=None)) after connection broken by 'NewConnectionError('<urllib3.connection.HTTPConnection object at 0x000001D1CD48DDD0>: Failed to establish a new connection: [WinError 10061] Nenhuma conexão pôde ser feita porque a máquina de destino as recusou ativamente')': /session/753f8f0e57c5ef3384cc664b7684217f
