2025-04-11 14:37:33,347 - INFO - === INICIANDO ROBÔ PARIS ===
2025-04-11 14:37:34,759 - INFO - Diretório base de destino criado: I:\Contabilidade\Banco Online
2025-04-11 14:37:34,760 - INFO - Diretório de download configurado: C:\Users\Administrador\Downloads
2025-04-11 14:37:34,760 - INFO - Período calculado: 01/03/2025 a 31/03/2025 (Ano: 2025, Mês: março)
2025-04-11 14:37:34,760 - INFO - Inicializando o driver do Chrome em modo headless
2025-04-11 14:37:34,760 - INFO - ====== WebDriver manager ======
2025-04-11 14:37:35,835 - INFO - Get LATEST chromedriver version for google-chrome
2025-04-11 14:37:35,889 - INFO - Get LATEST chromedriver version for google-chrome
2025-04-11 14:37:35,931 - INFO - Driver [C:\Users\Administrador\.wdm\drivers\chromedriver\win64\135.0.7049.84\chromedriver-win32/chromedriver.exe] found in cache
2025-04-11 14:37:37,133 - INFO - Driver inicializado em modo headless com sucesso
2025-04-11 14:37:37,134 - INFO - Iniciando processo de login
2025-04-11 14:37:39,482 - INFO - Acessando URL de login: https://portal.ssparisi.com.br/prime/login.php
2025-04-11 14:37:39,619 - INFO - Usuário preenchido
2025-04-11 14:37:39,736 - INFO - Senha preenchida
2025-04-11 14:37:46,969 - INFO - Login realizado com sucesso
2025-04-11 14:37:46,970 - INFO - Lendo planilha de empresas: empresas.xlsx
2025-04-11 14:37:47,202 - INFO - Total de empresas na planilha: 3
2025-04-11 14:37:47,203 - INFO - 
==================================================
2025-04-11 14:37:47,203 - INFO - EMPRESA 1/3: LUSITANO
2025-04-11 14:37:47,203 - INFO - ==================================================
2025-04-11 14:37:47,203 - INFO - Tentativa 1/2 para empresa LUSITANO
2025-04-11 14:37:47,204 - INFO - Processando empresa: LUSITANO - Período: 01/03/2025 a 31/03/2025
2025-04-11 14:37:47,204 - INFO - Identificando bancos disponíveis para a empresa: LUSITANO
2025-04-11 14:37:48,653 - INFO - Acessando URL de extrato: https://portal.ssparisi.com.br/prime/app/ctrl/GestaoBankExtratoSS.php
2025-04-11 14:37:48,788 - INFO - Empresa 'LUSITANO' selecionada
2025-04-11 14:37:51,878 - INFO - Botão de bancos clicado
2025-04-11 14:37:53,890 - INFO - Banco sicredi (classe button-34) não encontrado para esta empresa
2025-04-11 14:37:53,942 - INFO - Encontrado(s) 1 conta(s) do banco itau
2025-04-11 14:37:53,982 - INFO - Encontrado(s) 1 conta(s) do banco santander
2025-04-11 14:37:53,994 - INFO - Banco bradesco (classe button-15) não encontrado para esta empresa
2025-04-11 14:37:53,995 - INFO - Total de bancos encontrados: 2
2025-04-11 14:37:53,995 - INFO - Processando banco itau com 1 conta(s)...
2025-04-11 14:37:54,865 - INFO - Acessando página de extrato para processar conta 1 do banco itau
2025-04-11 14:38:01,008 - INFO - Processando conta 1 do banco itau (ID: account-8050)
2025-04-11 14:38:11,147 - INFO - Data inicial preenchida: 01/03/2025
2025-04-11 14:38:11,236 - INFO - Data final preenchida: 31/03/2025
2025-04-11 14:38:19,925 - INFO - Botão processar clicado, aguardando processamento...
2025-04-11 14:38:22,939 - WARNING - Sem lançamentos disponíveis para esta conta no período selecionado
2025-04-11 14:38:24,725 - INFO - Pasta ano/mês criada: I:\Contabilidade\Banco Online\2025\março
2025-04-11 14:38:25,165 - INFO - Erro registrado no arquivo de log: I:\Contabilidade\Banco Online\2025\março\erros_download_20250411.txt
2025-04-11 14:38:25,165 - INFO - Pulando para o próximo banco ou empresa...
2025-04-11 14:38:25,165 - INFO - Processando banco santander com 1 conta(s)...
2025-04-11 14:38:28,303 - INFO - Acessando página de extrato para processar conta 1 do banco santander
2025-04-11 14:38:33,514 - INFO - Processando conta 1 do banco santander (ID: account-8051)
2025-04-11 14:38:34,568 - ERROR - Erro ao processar conta 1 do banco santander: Message: element click intercepted: Element is not clickable at point (838, 563)
  (Session info: chrome=135.0.7049.85)
Stacktrace:
	GetHandleVerifier [0x008780E3+60707]
	GetHandleVerifier [0x00878124+60772]
	(No symbol) [0x006A0683]
	(No symbol) [0x006EE940]
	(No symbol) [0x006ECCE4]
	(No symbol) [0x006EA887]
	(No symbol) [0x006E9B8B]
	(No symbol) [0x006DE215]
	(No symbol) [0x0070D04C]
	(No symbol) [0x006DDCA4]
	(No symbol) [0x0070D2C4]
	(No symbol) [0x0072E824]
	(No symbol) [0x0070CE46]
	(No symbol) [0x006DC5D3]
	(No symbol) [0x006DD424]
	GetHandleVerifier [0x00ABBBC3+2435075]
	GetHandleVerifier [0x00AB7163+2416035]
	GetHandleVerifier [0x00AD350C+2531660]
	GetHandleVerifier [0x0088F1B5+155125]
	GetHandleVerifier [0x00895B5D+182173]
	GetHandleVerifier [0x0087F9B8+91640]
	GetHandleVerifier [0x0087FB60+92064]
	GetHandleVerifier [0x0086A620+4704]
	BaseThreadInitThunk [0x75FE5D49+25]
	RtlInitializeExceptionChain [0x7732CF0B+107]
	RtlGetAppContainerNamedObjectPath [0x7732CE91+561]

2025-04-11 14:38:34,568 - WARNING - Nenhuma conta bancária foi processada para a empresa LUSITANO
2025-04-11 14:38:34,568 - WARNING - Falha ao processar empresa LUSITANO na tentativa 1
2025-04-11 14:38:34,568 - INFO - Aguardando 5 segundos antes da próxima tentativa 2/2...
2025-04-11 14:38:39,570 - INFO - Tentativa 2/2 para empresa LUSITANO
2025-04-11 14:38:39,570 - INFO - Processando empresa: LUSITANO - Período: 01/03/2025 a 31/03/2025
2025-04-11 14:38:39,570 - INFO - Identificando bancos disponíveis para a empresa: LUSITANO
2025-04-11 14:38:42,723 - INFO - Acessando URL de extrato: https://portal.ssparisi.com.br/prime/app/ctrl/GestaoBankExtratoSS.php
2025-04-11 14:38:42,843 - INFO - Empresa 'LUSITANO' selecionada
2025-04-11 14:38:45,919 - INFO - Botão de bancos clicado
2025-04-11 14:38:47,930 - INFO - Banco sicredi (classe button-34) não encontrado para esta empresa
2025-04-11 14:38:47,980 - INFO - Encontrado(s) 1 conta(s) do banco itau
2025-04-11 14:38:48,070 - INFO - Encontrado(s) 1 conta(s) do banco santander
2025-04-11 14:38:48,081 - INFO - Banco bradesco (classe button-15) não encontrado para esta empresa
2025-04-11 14:38:48,081 - INFO - Total de bancos encontrados: 2
2025-04-11 14:38:48,082 - INFO - Processando banco itau com 1 conta(s)...
2025-04-11 14:38:51,026 - INFO - Acessando página de extrato para processar conta 1 do banco itau
2025-04-11 14:38:56,249 - INFO - Processando conta 1 do banco itau (ID: account-8050)
2025-04-11 14:39:06,433 - INFO - Data inicial preenchida: 01/03/2025
2025-04-11 14:39:06,521 - INFO - Data final preenchida: 31/03/2025
2025-04-11 14:39:16,793 - INFO - Botão processar clicado, aguardando processamento...
2025-04-11 14:39:19,803 - WARNING - Sem lançamentos disponíveis para esta conta no período selecionado
2025-04-11 14:39:19,803 - INFO - Pulando para o próximo banco ou empresa...
2025-04-11 14:39:19,804 - INFO - Processando banco santander com 1 conta(s)...
2025-04-11 14:39:22,929 - INFO - Acessando página de extrato para processar conta 1 do banco santander
2025-04-11 14:39:28,143 - INFO - Processando conta 1 do banco santander (ID: account-8051)
2025-04-11 14:39:29,180 - ERROR - Erro ao processar conta 1 do banco santander: Message: element click intercepted: Element is not clickable at point (838, 561)
  (Session info: chrome=135.0.7049.85)
Stacktrace:
	GetHandleVerifier [0x008780E3+60707]
	GetHandleVerifier [0x00878124+60772]
	(No symbol) [0x006A0683]
	(No symbol) [0x006EE940]
	(No symbol) [0x006ECCE4]
	(No symbol) [0x006EA887]
	(No symbol) [0x006E9B8B]
	(No symbol) [0x006DE215]
	(No symbol) [0x0070D04C]
	(No symbol) [0x006DDCA4]
	(No symbol) [0x0070D2C4]
	(No symbol) [0x0072E824]
	(No symbol) [0x0070CE46]
	(No symbol) [0x006DC5D3]
	(No symbol) [0x006DD424]
	GetHandleVerifier [0x00ABBBC3+2435075]
	GetHandleVerifier [0x00AB7163+2416035]
	GetHandleVerifier [0x00AD350C+2531660]
	GetHandleVerifier [0x0088F1B5+155125]
	GetHandleVerifier [0x00895B5D+182173]
	GetHandleVerifier [0x0087F9B8+91640]
	GetHandleVerifier [0x0087FB60+92064]
	GetHandleVerifier [0x0086A620+4704]
	BaseThreadInitThunk [0x75FE5D49+25]
	RtlInitializeExceptionChain [0x7732CF0B+107]
	RtlGetAppContainerNamedObjectPath [0x7732CE91+561]

2025-04-11 14:39:29,181 - WARNING - Nenhuma conta bancária foi processada para a empresa LUSITANO
2025-04-11 14:39:29,182 - WARNING - Falha ao processar empresa LUSITANO na tentativa 2
2025-04-11 14:39:29,182 - ERROR - Falha ao processar empresa LUSITANO após 2 tentativas
2025-04-11 14:39:29,652 - INFO - Erro registrado no arquivo de log: I:\Contabilidade\Banco Online\2025\março\erros_download_20250411.txt
2025-04-11 14:39:29,653 - ERROR - Todas as 2 tentativas falharam para empresa LUSITANO
2025-04-11 14:39:29,654 - INFO - 
==================================================
2025-04-11 14:39:29,654 - INFO - EMPRESA 2/3: NUTRI
2025-04-11 14:39:29,655 - INFO - ==================================================
2025-04-11 14:39:29,655 - INFO - Tentativa 1/2 para empresa NUTRI
2025-04-11 14:39:29,655 - INFO - Processando empresa: NUTRI - Período: 01/03/2025 a 31/03/2025
2025-04-11 14:39:29,655 - INFO - Identificando bancos disponíveis para a empresa: NUTRI
2025-04-11 14:39:32,973 - INFO - Acessando URL de extrato: https://portal.ssparisi.com.br/prime/app/ctrl/GestaoBankExtratoSS.php
2025-04-11 14:39:33,093 - INFO - Empresa 'NUTRI' selecionada
2025-04-11 14:39:36,158 - INFO - Botão de bancos clicado
2025-04-11 14:39:38,168 - INFO - Banco sicredi (classe button-34) não encontrado para esta empresa
2025-04-11 14:39:38,205 - INFO - Encontrado(s) 1 conta(s) do banco itau
2025-04-11 14:39:38,213 - INFO - Banco santander (classe button-32) não encontrado para esta empresa
2025-04-11 14:39:38,220 - INFO - Banco bradesco (classe button-15) não encontrado para esta empresa
2025-04-11 14:39:38,221 - INFO - Total de bancos encontrados: 1
2025-04-11 14:39:38,221 - INFO - Processando banco itau com 1 conta(s)...
2025-04-11 14:39:41,178 - INFO - Acessando página de extrato para processar conta 1 do banco itau
2025-04-11 14:39:46,390 - INFO - Processando conta 1 do banco itau (ID: account-8053)
2025-04-11 14:39:56,548 - INFO - Data inicial preenchida: 01/03/2025
2025-04-11 14:39:56,626 - INFO - Data final preenchida: 31/03/2025
2025-04-11 14:40:08,030 - INFO - Botão processar clicado, aguardando processamento...
2025-04-11 14:40:16,149 - INFO - Processando lançamentos...
2025-04-11 14:40:20,171 - INFO - Informação de lançamentos: NUTRI - ITAU (Conta: 0454990946) - 0/36
2025-04-11 14:40:20,172 - INFO - Lançamentos: 0 de 36
2025-04-11 14:40:20,172 - WARNING - Nem todos os lançamentos foram feitos: 0/36
2025-04-11 14:40:20,602 - INFO - Erro registrado no arquivo de log: I:\Contabilidade\Banco Online\2025\março\erros_download_20250411.txt
2025-04-11 14:40:20,602 - INFO - Pulando para o próximo banco ou empresa...
2025-04-11 14:40:20,602 - WARNING - Nenhuma conta bancária foi processada para a empresa NUTRI
2025-04-11 14:40:20,603 - WARNING - Falha ao processar empresa NUTRI na tentativa 1
2025-04-11 14:40:20,603 - INFO - Aguardando 5 segundos antes da próxima tentativa 2/2...
2025-04-11 14:40:25,605 - INFO - Tentativa 2/2 para empresa NUTRI
2025-04-11 14:40:25,605 - INFO - Processando empresa: NUTRI - Período: 01/03/2025 a 31/03/2025
2025-04-11 14:40:25,605 - INFO - Identificando bancos disponíveis para a empresa: NUTRI
2025-04-11 14:40:27,321 - INFO - Acessando URL de extrato: https://portal.ssparisi.com.br/prime/app/ctrl/GestaoBankExtratoSS.php
2025-04-11 14:40:27,439 - INFO - Empresa 'NUTRI' selecionada
2025-04-11 14:40:30,509 - INFO - Botão de bancos clicado
2025-04-11 14:40:32,519 - INFO - Banco sicredi (classe button-34) não encontrado para esta empresa
2025-04-11 14:40:32,554 - INFO - Encontrado(s) 1 conta(s) do banco itau
2025-04-11 14:40:32,561 - INFO - Banco santander (classe button-32) não encontrado para esta empresa
2025-04-11 14:40:32,571 - INFO - Banco bradesco (classe button-15) não encontrado para esta empresa
2025-04-11 14:40:32,572 - INFO - Total de bancos encontrados: 1
2025-04-11 14:40:32,572 - INFO - Processando banco itau com 1 conta(s)...
2025-04-11 14:40:34,084 - INFO - Acessando página de extrato para processar conta 1 do banco itau
2025-04-11 14:40:39,357 - INFO - Processando conta 1 do banco itau (ID: account-8053)
2025-04-11 14:40:49,489 - INFO - Data inicial preenchida: 01/03/2025
2025-04-11 14:40:49,576 - INFO - Data final preenchida: 31/03/2025
2025-04-11 14:40:58,527 - INFO - Botão processar clicado, aguardando processamento...
2025-04-11 14:41:06,665 - INFO - Processando lançamentos...
2025-04-11 14:41:10,684 - INFO - Informação de lançamentos: NUTRI - ITAU (Conta: 0454990946) - 0/36
2025-04-11 14:41:10,684 - INFO - Lançamentos: 0 de 36
2025-04-11 14:41:10,685 - WARNING - Nem todos os lançamentos foram feitos: 0/36
2025-04-11 14:41:10,685 - INFO - Pulando para o próximo banco ou empresa...
2025-04-11 14:41:10,685 - WARNING - Nenhuma conta bancária foi processada para a empresa NUTRI
2025-04-11 14:41:10,686 - WARNING - Falha ao processar empresa NUTRI na tentativa 2
2025-04-11 14:41:10,686 - ERROR - Falha ao processar empresa NUTRI após 2 tentativas
2025-04-11 14:41:10,689 - INFO - Erro registrado no arquivo de log: I:\Contabilidade\Banco Online\2025\março\erros_download_20250411.txt
2025-04-11 14:41:10,689 - ERROR - Todas as 2 tentativas falharam para empresa NUTRI
2025-04-11 14:41:10,690 - INFO - 
==================================================
2025-04-11 14:41:10,691 - INFO - EMPRESA 3/3: LACERDA
2025-04-11 14:41:10,691 - INFO - ==================================================
2025-04-11 14:41:10,691 - INFO - Tentativa 1/2 para empresa LACERDA
2025-04-11 14:41:10,692 - INFO - Processando empresa: LACERDA - Período: 01/03/2025 a 31/03/2025
2025-04-11 14:41:10,692 - INFO - Identificando bancos disponíveis para a empresa: LACERDA
2025-04-11 14:41:12,423 - INFO - Acessando URL de extrato: https://portal.ssparisi.com.br/prime/app/ctrl/GestaoBankExtratoSS.php
2025-04-11 14:41:12,534 - INFO - Empresa 'LACERDA' selecionada
2025-04-11 14:41:15,604 - INFO - Botão de bancos clicado
2025-04-11 14:41:17,642 - INFO - Encontrado(s) 1 conta(s) do banco sicredi
2025-04-11 14:41:17,649 - INFO - Banco itau (classe button-23) não encontrado para esta empresa
2025-04-11 14:41:17,658 - INFO - Banco santander (classe button-32) não encontrado para esta empresa
2025-04-11 14:41:17,665 - INFO - Banco bradesco (classe button-15) não encontrado para esta empresa
2025-04-11 14:41:17,666 - INFO - Total de bancos encontrados: 1
2025-04-11 14:41:17,666 - INFO - Processando banco sicredi com 1 conta(s)...
2025-04-11 14:41:19,183 - INFO - Acessando página de extrato para processar conta 1 do banco sicredi
2025-04-11 14:41:24,385 - INFO - Processando conta 1 do banco sicredi (ID: account-7889)
2025-04-11 14:41:34,515 - INFO - Data inicial preenchida: 01/03/2025
2025-04-11 14:41:34,592 - INFO - Data final preenchida: 31/03/2025
2025-04-11 14:41:43,431 - INFO - Botão processar clicado, aguardando processamento...
2025-04-11 14:41:51,531 - INFO - Processando lançamentos...
2025-04-11 14:41:55,548 - INFO - Informação de lançamentos: LACERDA REPRESENTACOES S S LTDA ME (Conta: 485121) - 0/28
2025-04-11 14:41:55,548 - INFO - Lançamentos: 0 de 28
2025-04-11 14:41:55,548 - WARNING - Nem todos os lançamentos foram feitos: 0/28
2025-04-11 14:41:55,552 - INFO - Erro registrado no arquivo de log: I:\Contabilidade\Banco Online\2025\março\erros_download_20250411.txt
2025-04-11 14:41:55,552 - INFO - Pulando para o próximo banco ou empresa...
2025-04-11 14:41:55,552 - WARNING - Nenhuma conta bancária foi processada para a empresa LACERDA
2025-04-11 14:41:55,553 - WARNING - Falha ao processar empresa LACERDA na tentativa 1
2025-04-11 14:41:55,553 - INFO - Aguardando 5 segundos antes da próxima tentativa 2/2...
2025-04-11 14:42:00,554 - INFO - Tentativa 2/2 para empresa LACERDA
2025-04-11 14:42:00,554 - INFO - Processando empresa: LACERDA - Período: 01/03/2025 a 31/03/2025
2025-04-11 14:42:00,554 - INFO - Identificando bancos disponíveis para a empresa: LACERDA
2025-04-11 14:42:03,892 - INFO - Acessando URL de extrato: https://portal.ssparisi.com.br/prime/app/ctrl/GestaoBankExtratoSS.php
2025-04-11 14:42:04,017 - INFO - Empresa 'LACERDA' selecionada
2025-04-11 14:42:07,109 - INFO - Botão de bancos clicado
2025-04-11 14:42:09,147 - INFO - Encontrado(s) 1 conta(s) do banco sicredi
2025-04-11 14:42:09,154 - INFO - Banco itau (classe button-23) não encontrado para esta empresa
2025-04-11 14:42:09,162 - INFO - Banco santander (classe button-32) não encontrado para esta empresa
2025-04-11 14:42:09,169 - INFO - Banco bradesco (classe button-15) não encontrado para esta empresa
2025-04-11 14:42:09,169 - INFO - Total de bancos encontrados: 1
2025-04-11 14:42:09,170 - INFO - Processando banco sicredi com 1 conta(s)...
2025-04-11 14:42:12,298 - INFO - Acessando página de extrato para processar conta 1 do banco sicredi
2025-04-11 14:42:17,500 - INFO - Processando conta 1 do banco sicredi (ID: account-7889)
2025-04-11 14:42:27,629 - INFO - Data inicial preenchida: 01/03/2025
2025-04-11 14:42:27,707 - INFO - Data final preenchida: 31/03/2025
2025-04-11 14:42:38,731 - INFO - Botão processar clicado, aguardando processamento...
2025-04-11 14:42:46,853 - INFO - Processando lançamentos...
2025-04-11 14:42:50,874 - INFO - Informação de lançamentos: LACERDA REPRESENTACOES S S LTDA ME (Conta: 485121) - 0/28
2025-04-11 14:42:50,874 - INFO - Lançamentos: 0 de 28
2025-04-11 14:42:50,874 - WARNING - Nem todos os lançamentos foram feitos: 0/28
2025-04-11 14:42:50,875 - INFO - Pulando para o próximo banco ou empresa...
2025-04-11 14:42:50,875 - WARNING - Nenhuma conta bancária foi processada para a empresa LACERDA
2025-04-11 14:42:50,876 - WARNING - Falha ao processar empresa LACERDA na tentativa 2
2025-04-11 14:42:50,876 - ERROR - Falha ao processar empresa LACERDA após 2 tentativas
2025-04-11 14:42:51,321 - INFO - Erro registrado no arquivo de log: I:\Contabilidade\Banco Online\2025\março\erros_download_20250411.txt
2025-04-11 14:42:51,322 - ERROR - Todas as 2 tentativas falharam para empresa LACERDA
2025-04-11 14:42:51,322 - INFO - 

=== RESUMO DA EXECUÇÃO ===
2025-04-11 14:42:51,323 - INFO - Total de empresas: 3
2025-04-11 14:42:51,323 - INFO - Empresas processadas com sucesso: 0
2025-04-11 14:42:51,323 - INFO - Empresas com erro: 3
2025-04-11 14:42:51,324 - INFO - === FIM DA EXECUÇÃO ===

2025-04-11 14:42:51,324 - INFO - Fechando o navegador
