2025-04-10 17:22:03,037 - INFO - === INICIANDO ROBÔ PARIS ===
2025-04-10 17:22:03,038 - INFO - Diretório de destino encontrado: C:\Users\Administrador\Desktop\Projetos\Automações\RoboParis\extratos
2025-04-10 17:22:03,038 - INFO - Diretório de download configurado: C:\Users\Administrador\Downloads
2025-04-10 17:22:03,038 - INFO - Inicializando o driver do Chrome
2025-04-10 17:22:03,038 - INFO - ====== WebDriver manager ======
2025-04-10 17:22:04,407 - INFO - Get LATEST chromedriver version for google-chrome
2025-04-10 17:22:04,470 - INFO - Get LATEST chromedriver version for google-chrome
2025-04-10 17:22:04,536 - INFO - Driver [C:\Users\Administrador\.wdm\drivers\chromedriver\win64\135.0.7049.84\chromedriver-win32/chromedriver.exe] found in cache
2025-04-10 17:22:05,710 - INFO - Driver inicializado com sucesso
2025-04-10 17:22:05,710 - INFO - Iniciando processo de login
2025-04-10 17:22:07,659 - INFO - Acessando URL de login: https://portal.ssparisi.com.br/prime/login.php
2025-04-10 17:22:07,793 - INFO - Usuário preenchido
2025-04-10 17:22:07,908 - INFO - Senha preenchida
2025-04-10 17:22:08,010 - INFO - Login realizado com sucesso
2025-04-10 17:22:08,011 - INFO - Lendo planilha de empresas: empresas.xlsx
2025-04-10 17:22:08,266 - INFO - Total de empresas na planilha: 2
2025-04-10 17:22:08,268 - INFO - 
==================================================
2025-04-10 17:22:08,268 - INFO - EMPRESA 1/2: LACERDA
2025-04-10 17:22:08,269 - INFO - ==================================================
2025-04-10 17:22:08,269 - INFO - Tentativa 1/3 para empresa LACERDA
2025-04-10 17:22:08,269 - INFO - Processando empresa: LACERDA - Período: 01/03/2025 a 31/03/2025
2025-04-10 17:22:15,635 - INFO - Acessando URL de extrato: https://portal.ssparisi.com.br/prime/app/ctrl/GestaoBankExtratoSS.php
2025-04-10 17:22:15,788 - INFO - Empresa 'LACERDA' selecionada
2025-04-10 17:22:18,882 - INFO - Botão de bancos clicado
2025-04-10 17:22:20,935 - INFO - Encontrado(s) 1 conta(s) do banco sicredi
2025-04-10 17:22:20,942 - INFO - Processando conta 1 do banco sicredi (ID: account-7889)
2025-04-10 17:22:29,100 - INFO - Data inicial preenchida: 01/03/2025
2025-04-10 17:22:29,195 - INFO - Data final preenchida: 31/03/2025
2025-04-10 17:22:29,272 - INFO - Checkbox de exportados marcado
2025-04-10 17:22:29,359 - INFO - Botão processar clicado, aguardando processamento...
2025-04-10 17:22:46,446 - INFO - Botão exportar clicado
2025-04-10 17:22:46,480 - INFO - Download iniciado para LACERDA - sicredi - conta 1
2025-04-10 17:22:51,482 - INFO - Pasta criada para empresa: C:\Users\Administrador\Desktop\Projetos\Automações\RoboParis\extratos\LACERDA
2025-04-10 17:22:51,483 - INFO - Procurando arquivo baixado (tentativa 1/15)
2025-04-10 17:22:52,484 - INFO - Procurando arquivo baixado (tentativa 2/15)
2025-04-10 17:22:53,486 - INFO - Procurando arquivo baixado (tentativa 3/15)
2025-04-10 17:22:54,486 - INFO - Procurando arquivo baixado (tentativa 4/15)
2025-04-10 17:22:55,488 - INFO - Procurando arquivo baixado (tentativa 5/15)
2025-04-10 17:22:56,489 - INFO - Procurando arquivo baixado (tentativa 6/15)
2025-04-10 17:22:57,490 - INFO - Procurando arquivo baixado (tentativa 7/15)
2025-04-10 17:22:58,492 - INFO - Procurando arquivo baixado (tentativa 8/15)
2025-04-10 17:22:59,493 - INFO - Procurando arquivo baixado (tentativa 9/15)
2025-04-10 17:23:00,494 - INFO - Procurando arquivo baixado (tentativa 10/15)
2025-04-10 17:23:01,495 - INFO - Procurando arquivo baixado (tentativa 11/15)
2025-04-10 17:23:02,497 - INFO - Procurando arquivo baixado (tentativa 12/15)
2025-04-10 17:23:03,499 - INFO - Procurando arquivo baixado (tentativa 13/15)
2025-04-10 17:23:04,501 - INFO - Procurando arquivo baixado (tentativa 14/15)
2025-04-10 17:23:05,502 - INFO - Procurando arquivo baixado (tentativa 15/15)
2025-04-10 17:23:06,503 - WARNING - Arquivo não encontrado para mover
2025-04-10 17:23:06,503 - WARNING - Não foi possível mover o arquivo para LACERDA - sicredi - conta 1
2025-04-10 17:23:06,516 - INFO - Banco itau (classe button-23) não encontrado para esta empresa
2025-04-10 17:23:06,528 - INFO - Banco santander (classe button-32) não encontrado para esta empresa
2025-04-10 17:23:06,539 - INFO - Banco bradesco (classe button-15) não encontrado para esta empresa
2025-04-10 17:23:06,540 - WARNING - Nenhuma conta bancária foi processada para a empresa LACERDA
2025-04-10 17:23:06,540 - WARNING - Falha ao processar empresa LACERDA na tentativa 1
2025-04-10 17:23:06,541 - INFO - Aguardando 5 segundos antes da próxima tentativa...
2025-04-10 17:23:11,543 - INFO - Tentativa 2/3 para empresa LACERDA
2025-04-10 17:23:11,543 - INFO - Processando empresa: LACERDA - Período: 01/03/2025 a 31/03/2025
2025-04-10 17:23:12,966 - INFO - Acessando URL de extrato: https://portal.ssparisi.com.br/prime/app/ctrl/GestaoBankExtratoSS.php
2025-04-10 17:23:13,088 - INFO - Empresa 'LACERDA' selecionada
2025-04-10 17:23:16,168 - INFO - Botão de bancos clicado
2025-04-10 17:23:18,209 - INFO - Encontrado(s) 1 conta(s) do banco sicredi
2025-04-10 17:23:18,214 - INFO - Processando conta 1 do banco sicredi (ID: account-7889)
2025-04-10 17:23:26,375 - INFO - Data inicial preenchida: 01/03/2025
2025-04-10 17:23:26,470 - INFO - Data final preenchida: 31/03/2025
2025-04-10 17:23:26,536 - INFO - Checkbox de exportados marcado
2025-04-10 17:23:34,717 - INFO - Botão processar clicado, aguardando processamento...
2025-04-10 17:23:44,699 - INFO - Botão exportar clicado
2025-04-10 17:23:44,729 - INFO - Download iniciado para LACERDA - sicredi - conta 1
2025-04-10 17:23:49,730 - INFO - Procurando arquivo baixado (tentativa 1/15)
2025-04-10 17:23:50,731 - INFO - Procurando arquivo baixado (tentativa 2/15)
2025-04-10 17:23:51,732 - INFO - Procurando arquivo baixado (tentativa 3/15)
2025-04-10 17:23:52,734 - INFO - Procurando arquivo baixado (tentativa 4/15)
2025-04-10 17:23:53,735 - INFO - Procurando arquivo baixado (tentativa 5/15)
2025-04-10 17:23:54,736 - INFO - Procurando arquivo baixado (tentativa 6/15)
2025-04-10 17:23:55,737 - INFO - Procurando arquivo baixado (tentativa 7/15)
2025-04-10 17:23:56,738 - INFO - Procurando arquivo baixado (tentativa 8/15)
2025-04-10 17:23:57,740 - INFO - Procurando arquivo baixado (tentativa 9/15)
2025-04-10 17:23:58,742 - INFO - Procurando arquivo baixado (tentativa 10/15)
2025-04-10 17:23:59,742 - INFO - Procurando arquivo baixado (tentativa 11/15)
2025-04-10 17:24:00,744 - INFO - Procurando arquivo baixado (tentativa 12/15)
2025-04-10 17:24:01,746 - INFO - Procurando arquivo baixado (tentativa 13/15)
2025-04-10 17:24:02,747 - INFO - Procurando arquivo baixado (tentativa 14/15)
2025-04-10 17:24:03,748 - INFO - Procurando arquivo baixado (tentativa 15/15)
2025-04-10 17:24:04,749 - WARNING - Arquivo não encontrado para mover
2025-04-10 17:24:04,749 - WARNING - Não foi possível mover o arquivo para LACERDA - sicredi - conta 1
2025-04-10 17:24:04,759 - INFO - Banco itau (classe button-23) não encontrado para esta empresa
2025-04-10 17:24:04,767 - INFO - Banco santander (classe button-32) não encontrado para esta empresa
2025-04-10 17:24:04,776 - INFO - Banco bradesco (classe button-15) não encontrado para esta empresa
2025-04-10 17:24:04,776 - WARNING - Nenhuma conta bancária foi processada para a empresa LACERDA
2025-04-10 17:24:04,777 - WARNING - Falha ao processar empresa LACERDA na tentativa 2
2025-04-10 17:24:04,777 - INFO - Aguardando 5 segundos antes da próxima tentativa...
2025-04-10 17:24:09,779 - INFO - Tentativa 3/3 para empresa LACERDA
2025-04-10 17:24:09,779 - INFO - Processando empresa: LACERDA - Período: 01/03/2025 a 31/03/2025
2025-04-10 17:24:11,190 - INFO - Acessando URL de extrato: https://portal.ssparisi.com.br/prime/app/ctrl/GestaoBankExtratoSS.php
2025-04-10 17:24:11,324 - INFO - Empresa 'LACERDA' selecionada
2025-04-10 17:24:14,404 - INFO - Botão de bancos clicado
2025-04-10 17:24:16,445 - INFO - Encontrado(s) 1 conta(s) do banco sicredi
2025-04-10 17:24:16,453 - INFO - Processando conta 1 do banco sicredi (ID: account-7889)
2025-04-10 17:24:24,600 - INFO - Data inicial preenchida: 01/03/2025
2025-04-10 17:24:24,692 - INFO - Data final preenchida: 31/03/2025
2025-04-10 17:24:24,761 - INFO - Checkbox de exportados marcado
2025-04-10 17:24:32,670 - INFO - Botão processar clicado, aguardando processamento...
2025-04-10 17:24:42,837 - INFO - Botão exportar clicado
2025-04-10 17:24:42,866 - INFO - Download iniciado para LACERDA - sicredi - conta 1
2025-04-10 17:24:47,868 - INFO - Procurando arquivo baixado (tentativa 1/15)
2025-04-10 17:24:48,869 - INFO - Procurando arquivo baixado (tentativa 2/15)
2025-04-10 17:24:49,870 - INFO - Procurando arquivo baixado (tentativa 3/15)
2025-04-10 17:24:50,871 - INFO - Procurando arquivo baixado (tentativa 4/15)
2025-04-10 17:24:51,873 - INFO - Procurando arquivo baixado (tentativa 5/15)
2025-04-10 17:24:52,874 - INFO - Procurando arquivo baixado (tentativa 6/15)
2025-04-10 17:24:53,875 - INFO - Procurando arquivo baixado (tentativa 7/15)
2025-04-10 17:24:54,876 - INFO - Procurando arquivo baixado (tentativa 8/15)
2025-04-10 17:24:55,878 - INFO - Procurando arquivo baixado (tentativa 9/15)
2025-04-10 17:24:56,879 - INFO - Procurando arquivo baixado (tentativa 10/15)
2025-04-10 17:24:57,881 - INFO - Procurando arquivo baixado (tentativa 11/15)
2025-04-10 17:24:58,882 - INFO - Procurando arquivo baixado (tentativa 12/15)
2025-04-10 17:24:59,884 - INFO - Procurando arquivo baixado (tentativa 13/15)
2025-04-10 17:25:00,885 - INFO - Procurando arquivo baixado (tentativa 14/15)
2025-04-10 17:25:01,886 - INFO - Procurando arquivo baixado (tentativa 15/15)
2025-04-10 17:25:02,887 - WARNING - Arquivo não encontrado para mover
2025-04-10 17:25:02,887 - WARNING - Não foi possível mover o arquivo para LACERDA - sicredi - conta 1
2025-04-10 17:25:02,898 - INFO - Banco itau (classe button-23) não encontrado para esta empresa
2025-04-10 17:25:02,906 - INFO - Banco santander (classe button-32) não encontrado para esta empresa
2025-04-10 17:25:02,914 - INFO - Banco bradesco (classe button-15) não encontrado para esta empresa
2025-04-10 17:25:02,915 - WARNING - Nenhuma conta bancária foi processada para a empresa LACERDA
2025-04-10 17:25:02,915 - WARNING - Falha ao processar empresa LACERDA na tentativa 3
2025-04-10 17:25:02,915 - ERROR - Todas as 3 tentativas falharam para empresa LACERDA
2025-04-10 17:25:02,916 - INFO - 
==================================================
2025-04-10 17:25:02,916 - INFO - EMPRESA 2/2: NUTRI
2025-04-10 17:25:02,917 - INFO - ==================================================
2025-04-10 17:25:02,917 - INFO - Tentativa 1/3 para empresa NUTRI
2025-04-10 17:25:02,917 - INFO - Processando empresa: NUTRI - Período: 01/03/2025 a 31/03/2025
2025-04-10 17:25:04,307 - INFO - Acessando URL de extrato: https://portal.ssparisi.com.br/prime/app/ctrl/GestaoBankExtratoSS.php
2025-04-10 17:25:04,443 - INFO - Empresa 'NUTRI' selecionada
2025-04-10 17:25:07,530 - INFO - Botão de bancos clicado
2025-04-10 17:25:09,540 - INFO - Banco sicredi (classe button-34) não encontrado para esta empresa
2025-04-10 17:25:09,578 - INFO - Encontrado(s) 1 conta(s) do banco itau
2025-04-10 17:25:09,585 - INFO - Processando conta 1 do banco itau (ID: account-8053)
2025-04-10 17:25:17,716 - INFO - Data inicial preenchida: 01/03/2025
2025-04-10 17:25:17,803 - INFO - Data final preenchida: 31/03/2025
2025-04-10 17:25:17,869 - INFO - Checkbox de exportados marcado
2025-04-10 17:25:26,626 - INFO - Botão processar clicado, aguardando processamento...
2025-04-10 17:25:36,711 - INFO - Botão exportar clicado
2025-04-10 17:25:36,737 - INFO - Download iniciado para NUTRI - itau - conta 1
2025-04-10 17:25:41,739 - INFO - Pasta criada para empresa: C:\Users\Administrador\Desktop\Projetos\Automações\RoboParis\extratos\NUTRI
2025-04-10 17:25:41,740 - INFO - Procurando arquivo baixado (tentativa 1/15)
2025-04-10 17:25:42,741 - INFO - Procurando arquivo baixado (tentativa 2/15)
2025-04-10 17:25:43,742 - INFO - Procurando arquivo baixado (tentativa 3/15)
2025-04-10 17:25:44,744 - INFO - Procurando arquivo baixado (tentativa 4/15)
2025-04-10 17:25:45,745 - INFO - Procurando arquivo baixado (tentativa 5/15)
2025-04-10 17:25:46,746 - INFO - Procurando arquivo baixado (tentativa 6/15)
2025-04-10 17:25:47,748 - INFO - Procurando arquivo baixado (tentativa 7/15)
2025-04-10 17:25:48,749 - INFO - Procurando arquivo baixado (tentativa 8/15)
2025-04-10 17:25:49,751 - INFO - Procurando arquivo baixado (tentativa 9/15)
2025-04-10 17:25:50,752 - INFO - Procurando arquivo baixado (tentativa 10/15)
2025-04-10 17:25:51,753 - INFO - Procurando arquivo baixado (tentativa 11/15)
2025-04-10 17:25:52,754 - INFO - Procurando arquivo baixado (tentativa 12/15)
2025-04-10 17:25:53,756 - INFO - Procurando arquivo baixado (tentativa 13/15)
2025-04-10 17:25:54,757 - INFO - Procurando arquivo baixado (tentativa 14/15)
2025-04-10 17:25:55,758 - INFO - Procurando arquivo baixado (tentativa 15/15)
2025-04-10 17:25:56,760 - WARNING - Arquivo não encontrado para mover
2025-04-10 17:25:56,760 - WARNING - Não foi possível mover o arquivo para NUTRI - itau - conta 1
2025-04-10 17:25:56,770 - INFO - Banco santander (classe button-32) não encontrado para esta empresa
2025-04-10 17:25:56,778 - INFO - Banco bradesco (classe button-15) não encontrado para esta empresa
2025-04-10 17:25:56,779 - WARNING - Nenhuma conta bancária foi processada para a empresa NUTRI
2025-04-10 17:25:56,779 - WARNING - Falha ao processar empresa NUTRI na tentativa 1
2025-04-10 17:25:56,779 - INFO - Aguardando 5 segundos antes da próxima tentativa...
2025-04-10 17:26:01,781 - INFO - Tentativa 2/3 para empresa NUTRI
2025-04-10 17:26:01,781 - INFO - Processando empresa: NUTRI - Período: 01/03/2025 a 31/03/2025
2025-04-10 17:26:03,259 - INFO - Acessando URL de extrato: https://portal.ssparisi.com.br/prime/app/ctrl/GestaoBankExtratoSS.php
2025-04-10 17:26:03,393 - INFO - Empresa 'NUTRI' selecionada
2025-04-10 17:26:06,466 - INFO - Botão de bancos clicado
2025-04-10 17:26:08,476 - INFO - Banco sicredi (classe button-34) não encontrado para esta empresa
2025-04-10 17:26:08,514 - INFO - Encontrado(s) 1 conta(s) do banco itau
2025-04-10 17:26:08,521 - INFO - Processando conta 1 do banco itau (ID: account-8053)
2025-04-10 17:26:16,653 - INFO - Data inicial preenchida: 01/03/2025
2025-04-10 17:26:16,734 - INFO - Data final preenchida: 31/03/2025
2025-04-10 17:26:16,792 - INFO - Checkbox de exportados marcado
2025-04-10 17:26:25,599 - INFO - Botão processar clicado, aguardando processamento...
2025-04-10 17:26:35,895 - INFO - Botão exportar clicado
2025-04-10 17:26:35,921 - INFO - Download iniciado para NUTRI - itau - conta 1
2025-04-10 17:26:40,922 - INFO - Procurando arquivo baixado (tentativa 1/15)
2025-04-10 17:26:41,923 - INFO - Procurando arquivo baixado (tentativa 2/15)
2025-04-10 17:26:42,924 - INFO - Procurando arquivo baixado (tentativa 3/15)
2025-04-10 17:26:43,925 - INFO - Procurando arquivo baixado (tentativa 4/15)
2025-04-10 17:26:44,926 - INFO - Procurando arquivo baixado (tentativa 5/15)
2025-04-10 17:26:45,927 - INFO - Procurando arquivo baixado (tentativa 6/15)
2025-04-10 17:26:46,928 - INFO - Procurando arquivo baixado (tentativa 7/15)
2025-04-10 17:26:47,930 - INFO - Procurando arquivo baixado (tentativa 8/15)
2025-04-10 17:26:48,932 - INFO - Procurando arquivo baixado (tentativa 9/15)
2025-04-10 17:26:49,933 - INFO - Procurando arquivo baixado (tentativa 10/15)
2025-04-10 17:26:50,934 - INFO - Procurando arquivo baixado (tentativa 11/15)
2025-04-10 17:26:51,935 - INFO - Procurando arquivo baixado (tentativa 12/15)
2025-04-10 17:26:52,936 - INFO - Procurando arquivo baixado (tentativa 13/15)
2025-04-10 17:26:53,938 - INFO - Procurando arquivo baixado (tentativa 14/15)
2025-04-10 17:26:54,940 - INFO - Procurando arquivo baixado (tentativa 15/15)
2025-04-10 17:26:55,941 - WARNING - Arquivo não encontrado para mover
2025-04-10 17:26:55,942 - WARNING - Não foi possível mover o arquivo para NUTRI - itau - conta 1
2025-04-10 17:26:55,951 - INFO - Banco santander (classe button-32) não encontrado para esta empresa
2025-04-10 17:26:55,958 - INFO - Banco bradesco (classe button-15) não encontrado para esta empresa
2025-04-10 17:26:55,958 - WARNING - Nenhuma conta bancária foi processada para a empresa NUTRI
2025-04-10 17:26:55,959 - WARNING - Falha ao processar empresa NUTRI na tentativa 2
2025-04-10 17:26:55,959 - INFO - Aguardando 5 segundos antes da próxima tentativa...
2025-04-10 17:27:00,961 - INFO - Tentativa 3/3 para empresa NUTRI
2025-04-10 17:27:00,962 - INFO - Processando empresa: NUTRI - Período: 01/03/2025 a 31/03/2025
2025-04-10 17:27:02,636 - INFO - Acessando URL de extrato: https://portal.ssparisi.com.br/prime/app/ctrl/GestaoBankExtratoSS.php
2025-04-10 17:27:02,756 - INFO - Empresa 'NUTRI' selecionada
2025-04-10 17:27:05,840 - INFO - Botão de bancos clicado
2025-04-10 17:27:07,850 - INFO - Banco sicredi (classe button-34) não encontrado para esta empresa
2025-04-10 17:27:07,892 - INFO - Encontrado(s) 1 conta(s) do banco itau
2025-04-10 17:27:07,900 - INFO - Processando conta 1 do banco itau (ID: account-8053)
2025-04-10 17:27:16,052 - INFO - Data inicial preenchida: 01/03/2025
2025-04-10 17:27:16,142 - INFO - Data final preenchida: 31/03/2025
2025-04-10 17:27:16,208 - INFO - Checkbox de exportados marcado
2025-04-10 17:27:24,484 - INFO - Botão processar clicado, aguardando processamento...
2025-04-10 17:27:34,772 - INFO - Botão exportar clicado
2025-04-10 17:27:34,800 - INFO - Download iniciado para NUTRI - itau - conta 1
2025-04-10 17:27:39,802 - INFO - Procurando arquivo baixado (tentativa 1/15)
2025-04-10 17:27:40,803 - INFO - Procurando arquivo baixado (tentativa 2/15)
2025-04-10 17:27:41,804 - INFO - Procurando arquivo baixado (tentativa 3/15)
2025-04-10 17:27:42,805 - INFO - Procurando arquivo baixado (tentativa 4/15)
2025-04-10 17:27:43,807 - INFO - Procurando arquivo baixado (tentativa 5/15)
2025-04-10 17:27:44,808 - INFO - Procurando arquivo baixado (tentativa 6/15)
2025-04-10 17:27:45,810 - INFO - Procurando arquivo baixado (tentativa 7/15)
2025-04-10 17:27:46,811 - INFO - Procurando arquivo baixado (tentativa 8/15)
2025-04-10 17:27:47,813 - INFO - Procurando arquivo baixado (tentativa 9/15)
2025-04-10 17:27:48,814 - INFO - Procurando arquivo baixado (tentativa 10/15)
2025-04-10 17:27:49,816 - INFO - Procurando arquivo baixado (tentativa 11/15)
2025-04-10 17:27:50,817 - INFO - Procurando arquivo baixado (tentativa 12/15)
2025-04-10 17:27:51,818 - INFO - Procurando arquivo baixado (tentativa 13/15)
2025-04-10 17:27:52,820 - INFO - Procurando arquivo baixado (tentativa 14/15)
2025-04-10 17:27:53,821 - INFO - Procurando arquivo baixado (tentativa 15/15)
2025-04-10 17:27:54,823 - WARNING - Arquivo não encontrado para mover
2025-04-10 17:27:54,823 - WARNING - Não foi possível mover o arquivo para NUTRI - itau - conta 1
2025-04-10 17:27:54,832 - INFO - Banco santander (classe button-32) não encontrado para esta empresa
2025-04-10 17:27:54,842 - INFO - Banco bradesco (classe button-15) não encontrado para esta empresa
2025-04-10 17:27:54,842 - WARNING - Nenhuma conta bancária foi processada para a empresa NUTRI
2025-04-10 17:27:54,843 - WARNING - Falha ao processar empresa NUTRI na tentativa 3
2025-04-10 17:27:54,843 - ERROR - Todas as 3 tentativas falharam para empresa NUTRI
2025-04-10 17:27:54,843 - INFO - 

=== RESUMO DA EXECUÇÃO ===
2025-04-10 17:27:54,844 - INFO - Total de empresas: 2
2025-04-10 17:27:54,844 - INFO - Empresas processadas com sucesso: 0
2025-04-10 17:27:54,844 - INFO - Empresas com erro: 2
2025-04-10 17:27:54,845 - INFO - === FIM DA EXECUÇÃO ===

2025-04-10 17:27:54,845 - INFO - Fechando o navegador
