2025-04-11 09:43:00,663 - INFO - === INICIANDO ROBÔ PARIS ===
2025-04-11 09:43:00,667 - INFO - Diretório base de destino encontrado: I:\Contabilidade\Banco Online
2025-04-11 09:43:00,667 - INFO - Diretório de download configurado: C:\Users\Administrador\Downloads
2025-04-11 09:43:00,667 - INFO - Período calculado: 01/03/2025 a 31/03/2025 (Ano: 2025, Mês: março)
2025-04-11 09:43:00,667 - INFO - Inicializando o driver do Chrome
2025-04-11 09:43:00,668 - INFO - ====== WebDriver manager ======
2025-04-11 09:43:01,561 - INFO - Get LATEST chromedriver version for google-chrome
2025-04-11 09:43:01,639 - INFO - Get LATEST chromedriver version for google-chrome
2025-04-11 09:43:01,667 - INFO - Driver [C:\Users\Administrador\.wdm\drivers\chromedriver\win64\135.0.7049.84\chromedriver-win32/chromedriver.exe] found in cache
2025-04-11 09:43:02,910 - INFO - Driver inicializado com sucesso
2025-04-11 09:43:02,912 - INFO - Iniciando processo de login
2025-04-11 09:43:04,907 - INFO - Acessando URL de login: https://portal.ssparisi.com.br/prime/login.php
2025-04-11 09:43:05,058 - INFO - Usuário preenchido
2025-04-11 09:43:05,162 - INFO - Senha preenchida
2025-04-11 09:43:12,864 - INFO - Login realizado com sucesso
2025-04-11 09:43:12,865 - INFO - Lendo planilha de empresas: empresas.xlsx
2025-04-11 09:43:13,099 - INFO - Total de empresas na planilha: 2
2025-04-11 09:43:13,114 - INFO - 
==================================================
2025-04-11 09:43:13,114 - INFO - EMPRESA 1/2: LACERDA
2025-04-11 09:43:13,114 - INFO - ==================================================
2025-04-11 09:43:13,114 - INFO - Tentativa 1/3 para empresa LACERDA
2025-04-11 09:43:13,115 - INFO - Processando empresa: LACERDA - Período: 01/03/2025 a 31/03/2025
2025-04-11 09:43:14,609 - INFO - Acessando URL de extrato: https://portal.ssparisi.com.br/prime/app/ctrl/GestaoBankExtratoSS.php
2025-04-11 09:43:14,756 - INFO - Empresa 'LACERDA' selecionada
2025-04-11 09:43:17,853 - INFO - Botão de bancos clicado
2025-04-11 09:43:19,904 - INFO - Encontrado(s) 1 conta(s) do banco sicredi
2025-04-11 09:43:19,904 - INFO - Processando conta 1 do banco sicredi (ID: account-7889)
2025-04-11 09:43:29,073 - INFO - Data inicial preenchida: 01/03/2025
2025-04-11 09:43:29,173 - INFO - Data final preenchida: 31/03/2025
2025-04-11 09:43:39,098 - INFO - Botão processar clicado, aguardando processamento...
2025-04-11 09:43:49,562 - INFO - Botão exportar clicado
2025-04-11 09:43:49,645 - INFO - Download iniciado para LACERDA - sicredi - conta 1
2025-04-11 09:43:54,648 - INFO - Procurando arquivo baixado (tentativa 1/15)
2025-04-11 09:43:55,650 - INFO - Procurando arquivo baixado (tentativa 2/15)
2025-04-11 09:43:56,651 - INFO - Procurando arquivo baixado (tentativa 3/15)
2025-04-11 09:43:57,652 - INFO - Procurando arquivo baixado (tentativa 4/15)
2025-04-11 09:43:58,654 - INFO - Procurando arquivo baixado (tentativa 5/15)
2025-04-11 09:43:59,655 - INFO - Procurando arquivo baixado (tentativa 6/15)
2025-04-11 09:44:00,657 - INFO - Procurando arquivo baixado (tentativa 7/15)
2025-04-11 09:44:01,658 - INFO - Procurando arquivo baixado (tentativa 8/15)
2025-04-11 09:44:02,660 - INFO - Procurando arquivo baixado (tentativa 9/15)
2025-04-11 09:44:03,662 - INFO - Procurando arquivo baixado (tentativa 10/15)
2025-04-11 09:44:04,664 - INFO - Procurando arquivo baixado (tentativa 11/15)
2025-04-11 09:44:05,665 - INFO - Procurando arquivo baixado (tentativa 12/15)
2025-04-11 09:44:06,667 - INFO - Procurando arquivo baixado (tentativa 13/15)
2025-04-11 09:44:07,669 - INFO - Procurando arquivo baixado (tentativa 14/15)
2025-04-11 09:44:08,670 - INFO - Procurando arquivo baixado (tentativa 15/15)
2025-04-11 09:44:09,672 - WARNING - Arquivo não encontrado para mover
2025-04-11 09:44:09,672 - WARNING - Não foi possível mover o arquivo para LACERDA - sicredi - conta 1
2025-04-11 09:44:09,682 - INFO - Banco itau (classe button-23) não encontrado para esta empresa
2025-04-11 09:44:09,695 - INFO - Banco santander (classe button-32) não encontrado para esta empresa
2025-04-11 09:44:09,705 - INFO - Banco bradesco (classe button-15) não encontrado para esta empresa
2025-04-11 09:44:09,706 - WARNING - Nenhuma conta bancária foi processada para a empresa LACERDA
2025-04-11 09:44:09,707 - WARNING - Falha ao processar empresa LACERDA na tentativa 1
2025-04-11 09:44:09,707 - INFO - Aguardando 5 segundos antes da próxima tentativa 2/3...
2025-04-11 09:44:14,709 - INFO - Tentativa 2/3 para empresa LACERDA
2025-04-11 09:44:14,709 - INFO - Processando empresa: LACERDA - Período: 01/03/2025 a 31/03/2025
2025-04-11 09:44:16,330 - INFO - Acessando URL de extrato: https://portal.ssparisi.com.br/prime/app/ctrl/GestaoBankExtratoSS.php
2025-04-11 09:44:16,446 - INFO - Empresa 'LACERDA' selecionada
2025-04-11 09:44:19,530 - INFO - Botão de bancos clicado
2025-04-11 09:44:21,568 - INFO - Encontrado(s) 1 conta(s) do banco sicredi
2025-04-11 09:44:21,577 - INFO - Processando conta 1 do banco sicredi (ID: account-7889)
2025-04-11 09:44:30,712 - INFO - Data inicial preenchida: 01/03/2025
2025-04-11 09:44:30,801 - INFO - Data final preenchida: 31/03/2025
2025-04-11 09:44:39,233 - INFO - Botão processar clicado, aguardando processamento...
2025-04-11 09:44:49,572 - INFO - Botão exportar clicado
2025-04-11 09:44:49,607 - INFO - Download iniciado para LACERDA - sicredi - conta 1
2025-04-11 09:44:54,609 - INFO - Procurando arquivo baixado (tentativa 1/15)
2025-04-11 09:44:55,610 - INFO - Procurando arquivo baixado (tentativa 2/15)
2025-04-11 09:44:56,611 - INFO - Procurando arquivo baixado (tentativa 3/15)
2025-04-11 09:44:57,612 - INFO - Procurando arquivo baixado (tentativa 4/15)
2025-04-11 09:44:58,612 - INFO - Procurando arquivo baixado (tentativa 5/15)
2025-04-11 09:44:59,614 - INFO - Procurando arquivo baixado (tentativa 6/15)
2025-04-11 09:45:00,615 - INFO - Procurando arquivo baixado (tentativa 7/15)
2025-04-11 09:45:01,616 - INFO - Procurando arquivo baixado (tentativa 8/15)
2025-04-11 09:45:02,617 - INFO - Procurando arquivo baixado (tentativa 9/15)
2025-04-11 09:45:03,618 - INFO - Procurando arquivo baixado (tentativa 10/15)
2025-04-11 09:45:04,619 - INFO - Procurando arquivo baixado (tentativa 11/15)
2025-04-11 09:45:05,620 - INFO - Procurando arquivo baixado (tentativa 12/15)
2025-04-11 09:45:06,621 - INFO - Procurando arquivo baixado (tentativa 13/15)
2025-04-11 09:45:07,622 - INFO - Procurando arquivo baixado (tentativa 14/15)
2025-04-11 09:45:08,623 - INFO - Procurando arquivo baixado (tentativa 15/15)
2025-04-11 09:45:09,624 - WARNING - Arquivo não encontrado para mover
2025-04-11 09:45:09,624 - WARNING - Não foi possível mover o arquivo para LACERDA - sicredi - conta 1
2025-04-11 09:45:09,631 - INFO - Banco itau (classe button-23) não encontrado para esta empresa
2025-04-11 09:45:09,639 - INFO - Banco santander (classe button-32) não encontrado para esta empresa
2025-04-11 09:45:09,648 - INFO - Banco bradesco (classe button-15) não encontrado para esta empresa
2025-04-11 09:45:09,648 - WARNING - Nenhuma conta bancária foi processada para a empresa LACERDA
2025-04-11 09:45:09,649 - WARNING - Falha ao processar empresa LACERDA na tentativa 2
2025-04-11 09:45:09,649 - INFO - Aguardando 5 segundos antes da próxima tentativa 3/3...
2025-04-11 09:45:14,650 - INFO - Tentativa 3/3 para empresa LACERDA
2025-04-11 09:45:14,650 - INFO - Processando empresa: LACERDA - Período: 01/03/2025 a 31/03/2025
2025-04-11 09:45:16,475 - INFO - Acessando URL de extrato: https://portal.ssparisi.com.br/prime/app/ctrl/GestaoBankExtratoSS.php
2025-04-11 09:45:16,605 - INFO - Empresa 'LACERDA' selecionada
2025-04-11 09:45:19,683 - INFO - Botão de bancos clicado
2025-04-11 09:45:21,720 - INFO - Encontrado(s) 1 conta(s) do banco sicredi
2025-04-11 09:45:21,726 - INFO - Processando conta 1 do banco sicredi (ID: account-7889)
2025-04-11 09:45:30,867 - INFO - Data inicial preenchida: 01/03/2025
2025-04-11 09:45:30,950 - INFO - Data final preenchida: 31/03/2025
2025-04-11 09:45:39,851 - INFO - Botão processar clicado, aguardando processamento...
2025-04-11 09:45:50,272 - INFO - Botão exportar clicado
2025-04-11 09:45:50,300 - INFO - Download iniciado para LACERDA - sicredi - conta 1
2025-04-11 09:45:55,302 - INFO - Procurando arquivo baixado (tentativa 1/15)
2025-04-11 09:45:56,303 - INFO - Procurando arquivo baixado (tentativa 2/15)
2025-04-11 09:45:57,304 - INFO - Procurando arquivo baixado (tentativa 3/15)
2025-04-11 09:45:58,305 - INFO - Procurando arquivo baixado (tentativa 4/15)
2025-04-11 09:45:59,307 - INFO - Procurando arquivo baixado (tentativa 5/15)
2025-04-11 09:46:00,308 - INFO - Procurando arquivo baixado (tentativa 6/15)
2025-04-11 09:46:01,310 - INFO - Procurando arquivo baixado (tentativa 7/15)
2025-04-11 09:46:02,311 - INFO - Procurando arquivo baixado (tentativa 8/15)
2025-04-11 09:46:03,312 - INFO - Procurando arquivo baixado (tentativa 9/15)
2025-04-11 09:46:04,313 - INFO - Procurando arquivo baixado (tentativa 10/15)
2025-04-11 09:46:05,314 - INFO - Procurando arquivo baixado (tentativa 11/15)
2025-04-11 09:46:06,315 - INFO - Procurando arquivo baixado (tentativa 12/15)
2025-04-11 09:46:07,316 - INFO - Procurando arquivo baixado (tentativa 13/15)
2025-04-11 09:46:08,317 - INFO - Procurando arquivo baixado (tentativa 14/15)
2025-04-11 09:46:09,318 - INFO - Procurando arquivo baixado (tentativa 15/15)
2025-04-11 09:46:10,319 - WARNING - Arquivo não encontrado para mover
2025-04-11 09:46:10,319 - WARNING - Não foi possível mover o arquivo para LACERDA - sicredi - conta 1
2025-04-11 09:46:10,329 - INFO - Banco itau (classe button-23) não encontrado para esta empresa
2025-04-11 09:46:10,336 - INFO - Banco santander (classe button-32) não encontrado para esta empresa
2025-04-11 09:46:10,346 - INFO - Banco bradesco (classe button-15) não encontrado para esta empresa
2025-04-11 09:46:10,346 - WARNING - Nenhuma conta bancária foi processada para a empresa LACERDA
2025-04-11 09:46:10,346 - WARNING - Falha ao processar empresa LACERDA na tentativa 3
2025-04-11 09:46:10,346 - ERROR - Falha ao processar empresa LACERDA após 3 tentativas
2025-04-11 09:46:26,284 - INFO - Erro registrado no arquivo de log: I:\Contabilidade\Banco Online\2025\março\erros_download_20250411.txt
2025-04-11 09:46:26,285 - ERROR - Todas as 3 tentativas falharam para empresa LACERDA
2025-04-11 09:46:26,285 - INFO - 
==================================================
2025-04-11 09:46:26,286 - INFO - EMPRESA 2/2: NUTRI
2025-04-11 09:46:26,286 - INFO - ==================================================
2025-04-11 09:46:26,286 - INFO - Tentativa 1/3 para empresa NUTRI
2025-04-11 09:46:26,287 - INFO - Processando empresa: NUTRI - Período: 01/03/2025 a 31/03/2025
2025-04-11 09:46:27,793 - INFO - Acessando URL de extrato: https://portal.ssparisi.com.br/prime/app/ctrl/GestaoBankExtratoSS.php
2025-04-11 09:46:27,930 - INFO - Empresa 'NUTRI' selecionada
2025-04-11 09:46:31,008 - INFO - Botão de bancos clicado
2025-04-11 09:46:33,019 - INFO - Banco sicredi (classe button-34) não encontrado para esta empresa
2025-04-11 09:46:33,057 - INFO - Encontrado(s) 1 conta(s) do banco itau
2025-04-11 09:46:33,064 - INFO - Processando conta 1 do banco itau (ID: account-8053)
2025-04-11 09:46:42,213 - INFO - Data inicial preenchida: 01/03/2025
2025-04-11 09:46:42,296 - INFO - Data final preenchida: 31/03/2025
2025-04-11 09:46:51,176 - INFO - Botão processar clicado, aguardando processamento...
2025-04-11 09:47:04,477 - INFO - Botão exportar clicado
2025-04-11 09:47:04,501 - INFO - Download iniciado para NUTRI - itau - conta 1
2025-04-11 09:47:10,826 - INFO - Procurando arquivo baixado (tentativa 1/15)
2025-04-11 09:47:11,828 - INFO - Procurando arquivo baixado (tentativa 2/15)
2025-04-11 09:47:12,829 - INFO - Procurando arquivo baixado (tentativa 3/15)
2025-04-11 09:47:13,830 - INFO - Procurando arquivo baixado (tentativa 4/15)
2025-04-11 09:47:14,832 - INFO - Procurando arquivo baixado (tentativa 5/15)
2025-04-11 09:47:15,833 - INFO - Procurando arquivo baixado (tentativa 6/15)
2025-04-11 09:47:16,834 - INFO - Procurando arquivo baixado (tentativa 7/15)
2025-04-11 09:47:17,836 - INFO - Procurando arquivo baixado (tentativa 8/15)
2025-04-11 09:47:18,837 - INFO - Procurando arquivo baixado (tentativa 9/15)
2025-04-11 09:47:19,839 - INFO - Procurando arquivo baixado (tentativa 10/15)
2025-04-11 09:47:20,841 - INFO - Procurando arquivo baixado (tentativa 11/15)
2025-04-11 09:47:21,842 - INFO - Procurando arquivo baixado (tentativa 12/15)
2025-04-11 09:47:22,843 - INFO - Procurando arquivo baixado (tentativa 13/15)
2025-04-11 09:47:23,844 - INFO - Procurando arquivo baixado (tentativa 14/15)
2025-04-11 09:47:24,845 - INFO - Procurando arquivo baixado (tentativa 15/15)
2025-04-11 09:47:25,846 - WARNING - Arquivo não encontrado para mover
2025-04-11 09:47:25,846 - WARNING - Não foi possível mover o arquivo para NUTRI - itau - conta 1
2025-04-11 09:47:25,854 - INFO - Banco santander (classe button-32) não encontrado para esta empresa
2025-04-11 09:47:25,862 - INFO - Banco bradesco (classe button-15) não encontrado para esta empresa
2025-04-11 09:47:25,863 - WARNING - Nenhuma conta bancária foi processada para a empresa NUTRI
2025-04-11 09:47:25,863 - WARNING - Falha ao processar empresa NUTRI na tentativa 1
2025-04-11 09:47:25,863 - INFO - Aguardando 5 segundos antes da próxima tentativa 2/3...
2025-04-11 09:47:30,865 - INFO - Tentativa 2/3 para empresa NUTRI
2025-04-11 09:47:30,865 - INFO - Processando empresa: NUTRI - Período: 01/03/2025 a 31/03/2025
2025-04-11 09:47:35,319 - INFO - Acessando URL de extrato: https://portal.ssparisi.com.br/prime/app/ctrl/GestaoBankExtratoSS.php
2025-04-11 09:47:35,452 - INFO - Empresa 'NUTRI' selecionada
2025-04-11 09:47:38,544 - INFO - Botão de bancos clicado
2025-04-11 09:47:40,553 - INFO - Banco sicredi (classe button-34) não encontrado para esta empresa
2025-04-11 09:47:40,561 - INFO - Banco itau (classe button-23) não encontrado para esta empresa
2025-04-11 09:47:40,570 - INFO - Banco santander (classe button-32) não encontrado para esta empresa
2025-04-11 09:47:40,579 - INFO - Banco bradesco (classe button-15) não encontrado para esta empresa
2025-04-11 09:47:40,580 - WARNING - Nenhuma conta bancária foi processada para a empresa NUTRI
2025-04-11 09:47:40,580 - WARNING - Falha ao processar empresa NUTRI na tentativa 2
2025-04-11 09:47:40,580 - INFO - Aguardando 5 segundos antes da próxima tentativa 3/3...
2025-04-11 09:47:45,582 - INFO - Tentativa 3/3 para empresa NUTRI
2025-04-11 09:47:45,582 - INFO - Processando empresa: NUTRI - Período: 01/03/2025 a 31/03/2025
2025-04-11 09:47:50,447 - INFO - Acessando URL de extrato: https://portal.ssparisi.com.br/prime/app/ctrl/GestaoBankExtratoSS.php
2025-04-11 09:47:50,566 - INFO - Empresa 'NUTRI' selecionada
2025-04-11 09:47:53,648 - INFO - Botão de bancos clicado
2025-04-11 09:47:55,657 - INFO - Banco sicredi (classe button-34) não encontrado para esta empresa
2025-04-11 09:47:55,664 - INFO - Banco itau (classe button-23) não encontrado para esta empresa
2025-04-11 09:47:55,673 - INFO - Banco santander (classe button-32) não encontrado para esta empresa
2025-04-11 09:47:55,682 - INFO - Banco bradesco (classe button-15) não encontrado para esta empresa
2025-04-11 09:47:55,682 - WARNING - Nenhuma conta bancária foi processada para a empresa NUTRI
2025-04-11 09:47:55,683 - WARNING - Falha ao processar empresa NUTRI na tentativa 3
2025-04-11 09:47:55,683 - ERROR - Falha ao processar empresa NUTRI após 3 tentativas
2025-04-11 09:47:56,134 - INFO - Erro registrado no arquivo de log: I:\Contabilidade\Banco Online\2025\março\erros_download_20250411.txt
2025-04-11 09:47:56,134 - ERROR - Todas as 3 tentativas falharam para empresa NUTRI
2025-04-11 09:47:56,135 - INFO - 

=== RESUMO DA EXECUÇÃO ===
2025-04-11 09:47:56,135 - INFO - Total de empresas: 2
2025-04-11 09:47:56,136 - INFO - Empresas processadas com sucesso: 0
2025-04-11 09:47:56,136 - INFO - Empresas com erro: 2
2025-04-11 09:47:56,136 - INFO - === FIM DA EXECUÇÃO ===

2025-04-11 09:47:56,137 - INFO - Fechando o navegador
