2025-04-11 14:46:20,962 - INFO - === INICIANDO ROBÔ PARIS ===
2025-04-11 14:46:21,392 - INFO - Diretório base de destino encontrado: I:\Contabilidade\Banco Online
2025-04-11 14:46:21,393 - INFO - Diretório de download configurado: C:\Users\Administrador\Downloads
2025-04-11 14:46:21,393 - INFO - Período calculado: 01/03/2025 a 31/03/2025 (Ano: 2025, Mês: março)
2025-04-11 14:46:21,394 - INFO - Inicializando o driver do Chrome
2025-04-11 14:46:21,394 - INFO - ====== WebDriver manager ======
2025-04-11 14:46:22,277 - INFO - Get LATEST chromedriver version for google-chrome
2025-04-11 14:46:22,325 - INFO - Get LATEST chromedriver version for google-chrome
2025-04-11 14:46:22,368 - INFO - Driver [C:\Users\Administrador\.wdm\drivers\chromedriver\win64\135.0.7049.84\chromedriver-win32/chromedriver.exe] found in cache
2025-04-11 14:46:23,535 - INFO - Driver inicializado com sucesso
2025-04-11 14:46:23,535 - INFO - Iniciando processo de login
2025-04-11 14:46:25,893 - INFO - Acessando URL de login: https://portal.ssparisi.com.br/prime/login.php
2025-04-11 14:46:26,036 - INFO - Usuário preenchido
2025-04-11 14:46:26,149 - INFO - Senha preenchida
2025-04-11 14:46:35,588 - INFO - Login realizado com sucesso
2025-04-11 14:46:35,588 - INFO - Lendo planilha de empresas: empresas.xlsx
2025-04-11 14:46:35,820 - INFO - Total de empresas na planilha: 3
2025-04-11 14:46:35,820 - INFO - 
==================================================
2025-04-11 14:46:35,820 - INFO - EMPRESA 1/3: LUSITANO
2025-04-11 14:46:35,821 - INFO - ==================================================
2025-04-11 14:46:35,821 - INFO - Tentativa 1/2 para empresa LUSITANO
2025-04-11 14:46:35,821 - INFO - Processando empresa: LUSITANO - Período: 01/03/2025 a 31/03/2025
2025-04-11 14:46:35,821 - INFO - Identificando bancos disponíveis para a empresa: LUSITANO
2025-04-11 14:46:37,240 - INFO - Acessando URL de extrato: https://portal.ssparisi.com.br/prime/app/ctrl/GestaoBankExtratoSS.php
2025-04-11 14:46:37,401 - INFO - Empresa 'LUSITANO' selecionada
2025-04-11 14:46:40,498 - INFO - Botão de bancos clicado
2025-04-11 14:46:42,510 - INFO - Banco sicredi (classe button-34) não encontrado para esta empresa
2025-04-11 14:46:42,562 - INFO - Encontrado(s) 1 conta(s) do banco itau
2025-04-11 14:46:42,606 - INFO - Encontrado(s) 1 conta(s) do banco santander
2025-04-11 14:46:42,617 - INFO - Banco bradesco (classe button-15) não encontrado para esta empresa
2025-04-11 14:46:42,617 - WARNING - Nenhum banco encontrado para a empresa LUSITANO
2025-04-11 14:46:42,618 - WARNING - Falha ao processar empresa LUSITANO na tentativa 1
2025-04-11 14:46:42,618 - INFO - Aguardando 5 segundos antes da próxima tentativa 2/2...
2025-04-11 14:46:47,619 - INFO - Tentativa 2/2 para empresa LUSITANO
2025-04-11 14:46:47,619 - INFO - Processando empresa: LUSITANO - Período: 01/03/2025 a 31/03/2025
2025-04-11 14:46:47,620 - INFO - Identificando bancos disponíveis para a empresa: LUSITANO
2025-04-11 14:46:49,148 - INFO - Acessando URL de extrato: https://portal.ssparisi.com.br/prime/app/ctrl/GestaoBankExtratoSS.php
2025-04-11 14:46:49,293 - INFO - Empresa 'LUSITANO' selecionada
2025-04-11 14:46:52,376 - INFO - Botão de bancos clicado
2025-04-11 14:46:54,386 - INFO - Banco sicredi (classe button-34) não encontrado para esta empresa
2025-04-11 14:46:54,427 - INFO - Encontrado(s) 1 conta(s) do banco itau
2025-04-11 14:46:54,464 - INFO - Encontrado(s) 1 conta(s) do banco santander
2025-04-11 14:46:54,473 - INFO - Banco bradesco (classe button-15) não encontrado para esta empresa
2025-04-11 14:46:54,473 - WARNING - Nenhum banco encontrado para a empresa LUSITANO
2025-04-11 14:46:54,474 - WARNING - Falha ao processar empresa LUSITANO na tentativa 2
2025-04-11 14:46:54,474 - ERROR - Falha ao processar empresa LUSITANO após 2 tentativas
2025-04-11 14:46:54,477 - INFO - Erro registrado no arquivo de log: I:\Contabilidade\Banco Online\2025\março\erros_download_20250411.txt
2025-04-11 14:46:54,477 - ERROR - Todas as 2 tentativas falharam para empresa LUSITANO
2025-04-11 14:46:54,478 - INFO - 
==================================================
2025-04-11 14:46:54,478 - INFO - EMPRESA 2/3: NUTRI
2025-04-11 14:46:54,479 - INFO - ==================================================
2025-04-11 14:46:54,480 - INFO - Tentativa 1/2 para empresa NUTRI
2025-04-11 14:46:54,480 - INFO - Processando empresa: NUTRI - Período: 01/03/2025 a 31/03/2025
2025-04-11 14:46:54,480 - INFO - Identificando bancos disponíveis para a empresa: NUTRI
2025-04-11 14:46:56,199 - INFO - Acessando URL de extrato: https://portal.ssparisi.com.br/prime/app/ctrl/GestaoBankExtratoSS.php
2025-04-11 14:46:56,327 - INFO - Empresa 'NUTRI' selecionada
2025-04-11 14:46:59,412 - INFO - Botão de bancos clicado
2025-04-11 14:46:59,747 - INFO - Fechando o navegador
2025-04-11 14:46:59,750 - WARNING - Retrying (Retry(total=2, connect=None, read=None, redirect=None, status=None)) after connection broken by 'ConnectionResetError(10054, 'Foi forçado o cancelamento de uma conexão existente pelo host remoto', None, 10054, None)': /session/73a8c4996064637f20046bfa897c940c
2025-04-11 14:47:03,812 - WARNING - Retrying (Retry(total=1, connect=None, read=None, redirect=None, status=None)) after connection broken by 'NewConnectionError('<urllib3.connection.HTTPConnection object at 0x000001CB152F10D0>: Failed to establish a new connection: [WinError 10061] Nenhuma conexão pôde ser feita porque a máquina de destino as recusou ativamente')': /session/73a8c4996064637f20046bfa897c940c
2025-04-11 14:47:07,900 - WARNING - Retrying (Retry(total=0, connect=None, read=None, redirect=None, status=None)) after connection broken by 'NewConnectionError('<urllib3.connection.HTTPConnection object at 0x000001CB15401A50>: Failed to establish a new connection: [WinError 10061] Nenhuma conexão pôde ser feita porque a máquina de destino as recusou ativamente')': /session/73a8c4996064637f20046bfa897c940c
