2025-04-11 10:11:18,836 - INFO - === INICIANDO ROBÔ PARIS ===
2025-04-11 10:11:18,837 - INFO - Diretório base de destino encontrado: I:\Contabilidade\Banco Online
2025-04-11 10:11:18,837 - INFO - Diretório de download configurado: C:\Users\Administrador\Downloads
2025-04-11 10:11:18,837 - INFO - Período calculado: 01/03/2025 a 31/03/2025 (Ano: 2025, Mês: março)
2025-04-11 10:11:18,838 - INFO - Inicializando o driver do Chrome
2025-04-11 10:11:18,838 - INFO - ====== WebDriver manager ======
2025-04-11 10:11:19,802 - INFO - Get LATEST chromedriver version for google-chrome
2025-04-11 10:11:19,860 - INFO - Get LATEST chromedriver version for google-chrome
2025-04-11 10:11:19,891 - INFO - Driver [C:\Users\Administrador\.wdm\drivers\chromedriver\win64\135.0.7049.84\chromedriver-win32/chromedriver.exe] found in cache
2025-04-11 10:11:21,171 - INFO - Driver inicializado com sucesso
2025-04-11 10:11:21,171 - INFO - Iniciando processo de login
2025-04-11 10:11:23,185 - INFO - Acessando URL de login: https://portal.ssparisi.com.br/prime/login.php
2025-04-11 10:11:23,346 - INFO - Usuário preenchido
2025-04-11 10:11:23,492 - INFO - Senha preenchida
2025-04-11 10:11:23,615 - INFO - Login realizado com sucesso
2025-04-11 10:11:23,616 - INFO - Lendo planilha de empresas: empresas.xlsx
2025-04-11 10:11:23,896 - INFO - Total de empresas na planilha: 3
2025-04-11 10:11:23,897 - INFO - 
==================================================
2025-04-11 10:11:23,897 - INFO - EMPRESA 1/3: LUSITANO
2025-04-11 10:11:23,898 - INFO - ==================================================
2025-04-11 10:11:23,898 - INFO - Tentativa 1/3 para empresa LUSITANO
2025-04-11 10:11:23,898 - INFO - Processando empresa: LUSITANO - Período: 01/03/2025 a 31/03/2025
2025-04-11 10:11:23,899 - INFO - Identificando bancos disponíveis para a empresa: LUSITANO
2025-04-11 10:11:31,947 - INFO - Acessando URL de extrato: https://portal.ssparisi.com.br/prime/app/ctrl/GestaoBankExtratoSS.php
2025-04-11 10:11:32,286 - INFO - Empresa 'LUSITANO' selecionada
2025-04-11 10:11:35,389 - INFO - Botão de bancos clicado
2025-04-11 10:11:38,511 - INFO - Banco sicredi (classe button-34) não encontrado para esta empresa
2025-04-11 10:11:38,647 - INFO - Encontrado(s) 1 conta(s) do banco itau
2025-04-11 10:11:38,698 - INFO - Encontrado(s) 1 conta(s) do banco santander
2025-04-11 10:11:38,708 - INFO - Banco bradesco (classe button-15) não encontrado para esta empresa
2025-04-11 10:11:38,709 - INFO - Total de bancos encontrados: 2
2025-04-11 10:11:38,709 - INFO - Processando banco itau com 1 conta(s)...
2025-04-11 10:11:40,345 - INFO - Acessando página de extrato para processar conta 1 do banco itau
2025-04-11 10:11:45,577 - INFO - Processando conta 1 do banco itau (ID: account-8050)
2025-04-11 10:11:53,744 - INFO - Data inicial preenchida: 01/03/2025
2025-04-11 10:11:53,863 - INFO - Data final preenchida: 31/03/2025
2025-04-11 10:11:53,951 - INFO - Checkbox de exportados marcado
2025-04-11 10:11:54,056 - INFO - Botão processar clicado, aguardando processamento...
2025-04-11 10:12:16,267 - INFO - Botão exportar clicado
2025-04-11 10:12:16,299 - INFO - Download iniciado para LUSITANO - itau - conta 1
2025-04-11 10:12:23,562 - INFO - Procurando arquivo baixado (tentativa 1/15)
2025-04-11 10:12:24,564 - INFO - Procurando arquivo baixado (tentativa 2/15)
2025-04-11 10:12:25,565 - INFO - Procurando arquivo baixado (tentativa 3/15)
2025-04-11 10:12:26,567 - INFO - Procurando arquivo baixado (tentativa 4/15)
2025-04-11 10:12:27,567 - INFO - Procurando arquivo baixado (tentativa 5/15)
2025-04-11 10:12:28,568 - INFO - Procurando arquivo baixado (tentativa 6/15)
2025-04-11 10:12:29,569 - INFO - Procurando arquivo baixado (tentativa 7/15)
2025-04-11 10:12:30,570 - INFO - Procurando arquivo baixado (tentativa 8/15)
2025-04-11 10:12:31,571 - INFO - Procurando arquivo baixado (tentativa 9/15)
2025-04-11 10:12:32,573 - INFO - Procurando arquivo baixado (tentativa 10/15)
2025-04-11 10:12:33,575 - INFO - Procurando arquivo baixado (tentativa 11/15)
2025-04-11 10:12:34,576 - INFO - Procurando arquivo baixado (tentativa 12/15)
2025-04-11 10:12:35,578 - INFO - Procurando arquivo baixado (tentativa 13/15)
2025-04-11 10:12:36,579 - INFO - Procurando arquivo baixado (tentativa 14/15)
2025-04-11 10:12:37,580 - INFO - Procurando arquivo baixado (tentativa 15/15)
2025-04-11 10:12:38,582 - WARNING - Arquivo não encontrado para mover
2025-04-11 10:12:38,582 - WARNING - Não foi possível mover o arquivo para LUSITANO - itau - conta 1
2025-04-11 10:12:38,582 - INFO - Processando banco santander com 1 conta(s)...
2025-04-11 10:12:40,369 - INFO - Acessando página de extrato para processar conta 1 do banco santander
2025-04-11 10:12:45,591 - INFO - Processando conta 1 do banco santander (ID: account-8051)
2025-04-11 10:12:53,732 - INFO - Data inicial preenchida: 01/03/2025
2025-04-11 10:12:53,823 - INFO - Data final preenchida: 31/03/2025
2025-04-11 10:12:53,891 - INFO - Checkbox de exportados marcado
2025-04-11 10:12:53,966 - INFO - Botão processar clicado, aguardando processamento...
2025-04-11 10:13:11,647 - INFO - Botão exportar clicado
2025-04-11 10:13:11,673 - INFO - Download iniciado para LUSITANO - santander - conta 1
2025-04-11 10:13:16,675 - INFO - Procurando arquivo baixado (tentativa 1/15)
2025-04-11 10:13:17,677 - INFO - Procurando arquivo baixado (tentativa 2/15)
2025-04-11 10:13:18,678 - INFO - Procurando arquivo baixado (tentativa 3/15)
2025-04-11 10:13:19,679 - INFO - Procurando arquivo baixado (tentativa 4/15)
2025-04-11 10:13:20,680 - INFO - Procurando arquivo baixado (tentativa 5/15)
2025-04-11 10:13:21,682 - INFO - Procurando arquivo baixado (tentativa 6/15)
2025-04-11 10:13:22,684 - INFO - Procurando arquivo baixado (tentativa 7/15)
2025-04-11 10:13:23,685 - INFO - Procurando arquivo baixado (tentativa 8/15)
2025-04-11 10:13:24,686 - INFO - Procurando arquivo baixado (tentativa 9/15)
2025-04-11 10:13:25,687 - INFO - Procurando arquivo baixado (tentativa 10/15)
2025-04-11 10:13:26,688 - INFO - Procurando arquivo baixado (tentativa 11/15)
2025-04-11 10:13:27,689 - INFO - Procurando arquivo baixado (tentativa 12/15)
2025-04-11 10:13:28,691 - INFO - Procurando arquivo baixado (tentativa 13/15)
2025-04-11 10:13:29,692 - INFO - Procurando arquivo baixado (tentativa 14/15)
2025-04-11 10:13:30,693 - INFO - Procurando arquivo baixado (tentativa 15/15)
2025-04-11 10:13:31,694 - WARNING - Arquivo não encontrado para mover
2025-04-11 10:13:31,694 - WARNING - Não foi possível mover o arquivo para LUSITANO - santander - conta 1
2025-04-11 10:13:31,695 - WARNING - Nenhuma conta bancária foi processada para a empresa LUSITANO
2025-04-11 10:13:31,695 - WARNING - Falha ao processar empresa LUSITANO na tentativa 1
2025-04-11 10:13:31,695 - INFO - Aguardando 5 segundos antes da próxima tentativa 2/3...
2025-04-11 10:13:36,697 - INFO - Tentativa 2/3 para empresa LUSITANO
2025-04-11 10:13:36,697 - INFO - Processando empresa: LUSITANO - Período: 01/03/2025 a 31/03/2025
2025-04-11 10:13:36,697 - INFO - Identificando bancos disponíveis para a empresa: LUSITANO
2025-04-11 10:13:38,594 - INFO - Acessando URL de extrato: https://portal.ssparisi.com.br/prime/app/ctrl/GestaoBankExtratoSS.php
2025-04-11 10:13:38,707 - INFO - Empresa 'LUSITANO' selecionada
2025-04-11 10:13:41,782 - INFO - Botão de bancos clicado
2025-04-11 10:13:43,794 - INFO - Banco sicredi (classe button-34) não encontrado para esta empresa
2025-04-11 10:13:43,841 - INFO - Encontrado(s) 1 conta(s) do banco itau
2025-04-11 10:13:43,876 - INFO - Encontrado(s) 1 conta(s) do banco santander
2025-04-11 10:13:43,887 - INFO - Banco bradesco (classe button-15) não encontrado para esta empresa
2025-04-11 10:13:43,888 - INFO - Total de bancos encontrados: 2
2025-04-11 10:13:43,888 - INFO - Processando banco itau com 1 conta(s)...
2025-04-11 10:13:45,385 - INFO - Acessando página de extrato para processar conta 1 do banco itau
2025-04-11 10:13:50,598 - INFO - Processando conta 1 do banco itau (ID: account-8050)
2025-04-11 10:13:58,749 - INFO - Data inicial preenchida: 01/03/2025
2025-04-11 10:13:58,835 - INFO - Data final preenchida: 31/03/2025
2025-04-11 10:13:58,899 - INFO - Checkbox de exportados marcado
2025-04-11 10:14:08,696 - INFO - Botão processar clicado, aguardando processamento...
2025-04-11 10:14:20,044 - INFO - Botão exportar clicado
2025-04-11 10:14:20,074 - INFO - Download iniciado para LUSITANO - itau - conta 1
2025-04-11 10:14:25,076 - INFO - Procurando arquivo baixado (tentativa 1/15)
2025-04-11 10:14:26,077 - INFO - Procurando arquivo baixado (tentativa 2/15)
2025-04-11 10:14:27,078 - INFO - Procurando arquivo baixado (tentativa 3/15)
2025-04-11 10:14:28,079 - INFO - Procurando arquivo baixado (tentativa 4/15)
2025-04-11 10:14:29,081 - INFO - Procurando arquivo baixado (tentativa 5/15)
2025-04-11 10:14:30,082 - INFO - Procurando arquivo baixado (tentativa 6/15)
2025-04-11 10:14:31,084 - INFO - Procurando arquivo baixado (tentativa 7/15)
2025-04-11 10:14:32,085 - INFO - Procurando arquivo baixado (tentativa 8/15)
2025-04-11 10:14:33,086 - INFO - Procurando arquivo baixado (tentativa 9/15)
2025-04-11 10:14:34,087 - INFO - Procurando arquivo baixado (tentativa 10/15)
2025-04-11 10:14:35,088 - INFO - Procurando arquivo baixado (tentativa 11/15)
2025-04-11 10:14:36,090 - INFO - Procurando arquivo baixado (tentativa 12/15)
2025-04-11 10:14:37,091 - INFO - Procurando arquivo baixado (tentativa 13/15)
2025-04-11 10:14:38,092 - INFO - Procurando arquivo baixado (tentativa 14/15)
2025-04-11 10:14:39,094 - INFO - Procurando arquivo baixado (tentativa 15/15)
2025-04-11 10:14:40,095 - WARNING - Arquivo não encontrado para mover
2025-04-11 10:14:40,095 - WARNING - Não foi possível mover o arquivo para LUSITANO - itau - conta 1
2025-04-11 10:14:40,095 - INFO - Processando banco santander com 1 conta(s)...
2025-04-11 10:14:41,796 - INFO - Acessando página de extrato para processar conta 1 do banco santander
2025-04-11 10:14:47,018 - INFO - Processando conta 1 do banco santander (ID: account-8051)
2025-04-11 10:14:55,169 - INFO - Data inicial preenchida: 01/03/2025
2025-04-11 10:14:55,253 - INFO - Data final preenchida: 31/03/2025
2025-04-11 10:14:55,319 - INFO - Checkbox de exportados marcado
2025-04-11 10:14:55,398 - INFO - Botão processar clicado, aguardando processamento...
2025-04-11 10:15:15,387 - ERROR - Erro ao processar conta 1 do banco santander: Message: element click intercepted: Element <button type="button" id="export-data" name="processa" class="btn btn-success" style="float: right;">...</button> is not clickable at point (1273, 63). Other element would receive the click: <div class="js-loading-overlay" style=""></div>
  (Session info: chrome=135.0.7049.85)
Stacktrace:
	GetHandleVerifier [0x008780E3+60707]
	GetHandleVerifier [0x00878124+60772]
	(No symbol) [0x006A0683]
	(No symbol) [0x006EE940]
	(No symbol) [0x006ECCE4]
	(No symbol) [0x006EA887]
	(No symbol) [0x006E9B8B]
	(No symbol) [0x006DE215]
	(No symbol) [0x0070D04C]
	(No symbol) [0x006DDCA4]
	(No symbol) [0x0070D2C4]
	(No symbol) [0x0072E824]
	(No symbol) [0x0070CE46]
	(No symbol) [0x006DC5D3]
	(No symbol) [0x006DD424]
	GetHandleVerifier [0x00ABBBC3+2435075]
	GetHandleVerifier [0x00AB7163+2416035]
	GetHandleVerifier [0x00AD350C+2531660]
	GetHandleVerifier [0x0088F1B5+155125]
	GetHandleVerifier [0x00895B5D+182173]
	GetHandleVerifier [0x0087F9B8+91640]
	GetHandleVerifier [0x0087FB60+92064]
	GetHandleVerifier [0x0086A620+4704]
	BaseThreadInitThunk [0x75FE5D49+25]
	RtlInitializeExceptionChain [0x7732CF0B+107]
	RtlGetAppContainerNamedObjectPath [0x7732CE91+561]

2025-04-11 10:15:15,387 - WARNING - Nenhuma conta bancária foi processada para a empresa LUSITANO
2025-04-11 10:15:15,388 - WARNING - Falha ao processar empresa LUSITANO na tentativa 2
2025-04-11 10:15:15,388 - INFO - Aguardando 5 segundos antes da próxima tentativa 3/3...
2025-04-11 10:15:20,390 - INFO - Tentativa 3/3 para empresa LUSITANO
2025-04-11 10:15:20,390 - INFO - Processando empresa: LUSITANO - Período: 01/03/2025 a 31/03/2025
2025-04-11 10:15:20,390 - INFO - Identificando bancos disponíveis para a empresa: LUSITANO
2025-04-11 10:15:21,840 - INFO - Acessando URL de extrato: https://portal.ssparisi.com.br/prime/app/ctrl/GestaoBankExtratoSS.php
2025-04-11 10:15:21,970 - INFO - Empresa 'LUSITANO' selecionada
2025-04-11 10:15:25,044 - INFO - Botão de bancos clicado
2025-04-11 10:15:27,057 - INFO - Banco sicredi (classe button-34) não encontrado para esta empresa
2025-04-11 10:15:27,103 - INFO - Encontrado(s) 1 conta(s) do banco itau
2025-04-11 10:15:27,137 - INFO - Encontrado(s) 1 conta(s) do banco santander
2025-04-11 10:15:27,148 - INFO - Banco bradesco (classe button-15) não encontrado para esta empresa
2025-04-11 10:15:27,148 - INFO - Total de bancos encontrados: 2
2025-04-11 10:15:27,149 - INFO - Processando banco itau com 1 conta(s)...
2025-04-11 10:15:28,416 - INFO - Acessando página de extrato para processar conta 1 do banco itau
2025-04-11 10:15:33,641 - INFO - Processando conta 1 do banco itau (ID: account-8050)
2025-04-11 10:15:41,785 - INFO - Data inicial preenchida: 01/03/2025
2025-04-11 10:15:41,872 - INFO - Data final preenchida: 31/03/2025
2025-04-11 10:15:41,936 - INFO - Checkbox de exportados marcado
2025-04-11 10:15:42,014 - INFO - Botão processar clicado, aguardando processamento...
2025-04-11 10:16:00,523 - INFO - Botão exportar clicado
2025-04-11 10:16:00,549 - INFO - Download iniciado para LUSITANO - itau - conta 1
2025-04-11 10:16:05,551 - INFO - Procurando arquivo baixado (tentativa 1/15)
2025-04-11 10:16:06,553 - INFO - Procurando arquivo baixado (tentativa 2/15)
2025-04-11 10:16:07,554 - INFO - Procurando arquivo baixado (tentativa 3/15)
2025-04-11 10:16:08,556 - INFO - Procurando arquivo baixado (tentativa 4/15)
2025-04-11 10:16:09,557 - INFO - Procurando arquivo baixado (tentativa 5/15)
2025-04-11 10:16:10,558 - INFO - Procurando arquivo baixado (tentativa 6/15)
2025-04-11 10:16:11,560 - INFO - Procurando arquivo baixado (tentativa 7/15)
2025-04-11 10:16:12,561 - INFO - Procurando arquivo baixado (tentativa 8/15)
2025-04-11 10:16:13,563 - INFO - Procurando arquivo baixado (tentativa 9/15)
2025-04-11 10:16:14,564 - INFO - Procurando arquivo baixado (tentativa 10/15)
2025-04-11 10:16:15,565 - INFO - Procurando arquivo baixado (tentativa 11/15)
2025-04-11 10:16:16,567 - INFO - Procurando arquivo baixado (tentativa 12/15)
2025-04-11 10:16:17,568 - INFO - Procurando arquivo baixado (tentativa 13/15)
2025-04-11 10:16:18,569 - INFO - Procurando arquivo baixado (tentativa 14/15)
2025-04-11 10:16:19,571 - INFO - Procurando arquivo baixado (tentativa 15/15)
2025-04-11 10:16:20,572 - WARNING - Arquivo não encontrado para mover
2025-04-11 10:16:20,572 - WARNING - Não foi possível mover o arquivo para LUSITANO - itau - conta 1
2025-04-11 10:16:20,573 - INFO - Processando banco santander com 1 conta(s)...
2025-04-11 10:16:22,193 - INFO - Acessando página de extrato para processar conta 1 do banco santander
2025-04-11 10:16:27,437 - INFO - Processando conta 1 do banco santander (ID: account-8051)
2025-04-11 10:16:35,580 - INFO - Data inicial preenchida: 01/03/2025
2025-04-11 10:16:35,670 - INFO - Data final preenchida: 31/03/2025
2025-04-11 10:16:35,738 - INFO - Checkbox de exportados marcado
2025-04-11 10:16:45,089 - INFO - Botão processar clicado, aguardando processamento...
2025-04-11 10:16:55,444 - INFO - Botão exportar clicado
2025-04-11 10:16:55,473 - INFO - Download iniciado para LUSITANO - santander - conta 1
2025-04-11 10:17:00,475 - INFO - Procurando arquivo baixado (tentativa 1/15)
2025-04-11 10:17:01,476 - INFO - Procurando arquivo baixado (tentativa 2/15)
2025-04-11 10:17:02,478 - INFO - Procurando arquivo baixado (tentativa 3/15)
2025-04-11 10:17:03,479 - INFO - Procurando arquivo baixado (tentativa 4/15)
2025-04-11 10:17:04,480 - INFO - Procurando arquivo baixado (tentativa 5/15)
2025-04-11 10:17:05,481 - INFO - Procurando arquivo baixado (tentativa 6/15)
2025-04-11 10:17:06,482 - INFO - Procurando arquivo baixado (tentativa 7/15)
2025-04-11 10:17:07,484 - INFO - Procurando arquivo baixado (tentativa 8/15)
2025-04-11 10:17:08,485 - INFO - Procurando arquivo baixado (tentativa 9/15)
2025-04-11 10:17:09,487 - INFO - Procurando arquivo baixado (tentativa 10/15)
2025-04-11 10:17:10,489 - INFO - Procurando arquivo baixado (tentativa 11/15)
2025-04-11 10:17:11,490 - INFO - Procurando arquivo baixado (tentativa 12/15)
2025-04-11 10:17:12,491 - INFO - Procurando arquivo baixado (tentativa 13/15)
2025-04-11 10:17:13,493 - INFO - Procurando arquivo baixado (tentativa 14/15)
2025-04-11 10:17:14,494 - INFO - Procurando arquivo baixado (tentativa 15/15)
2025-04-11 10:17:15,496 - WARNING - Arquivo não encontrado para mover
2025-04-11 10:17:15,496 - WARNING - Não foi possível mover o arquivo para LUSITANO - santander - conta 1
2025-04-11 10:17:15,496 - WARNING - Nenhuma conta bancária foi processada para a empresa LUSITANO
2025-04-11 10:17:15,497 - WARNING - Falha ao processar empresa LUSITANO na tentativa 3
2025-04-11 10:17:15,497 - ERROR - Falha ao processar empresa LUSITANO após 3 tentativas
2025-04-11 10:17:32,818 - INFO - Erro registrado no arquivo de log: I:\Contabilidade\Banco Online\2025\março\erros_download_20250411.txt
2025-04-11 10:17:32,818 - ERROR - Todas as 3 tentativas falharam para empresa LUSITANO
2025-04-11 10:17:32,819 - INFO - 
==================================================
2025-04-11 10:17:32,820 - INFO - EMPRESA 2/3: NUTRI
2025-04-11 10:17:32,820 - INFO - ==================================================
2025-04-11 10:17:32,820 - INFO - Tentativa 1/3 para empresa NUTRI
2025-04-11 10:17:32,820 - INFO - Processando empresa: NUTRI - Período: 01/03/2025 a 31/03/2025
2025-04-11 10:17:32,821 - INFO - Identificando bancos disponíveis para a empresa: NUTRI
2025-04-11 10:17:34,455 - INFO - Acessando URL de extrato: https://portal.ssparisi.com.br/prime/app/ctrl/GestaoBankExtratoSS.php
2025-04-11 10:17:34,571 - INFO - Empresa 'NUTRI' selecionada
2025-04-11 10:17:37,650 - INFO - Botão de bancos clicado
2025-04-11 10:17:39,662 - INFO - Banco sicredi (classe button-34) não encontrado para esta empresa
2025-04-11 10:17:39,707 - INFO - Encontrado(s) 1 conta(s) do banco itau
2025-04-11 10:17:39,714 - INFO - Banco santander (classe button-32) não encontrado para esta empresa
2025-04-11 10:17:39,725 - INFO - Banco bradesco (classe button-15) não encontrado para esta empresa
2025-04-11 10:17:39,725 - INFO - Total de bancos encontrados: 1
2025-04-11 10:17:39,726 - INFO - Processando banco itau com 1 conta(s)...
2025-04-11 10:17:41,179 - INFO - Acessando página de extrato para processar conta 1 do banco itau
2025-04-11 10:17:46,403 - INFO - Processando conta 1 do banco itau (ID: account-8053)
2025-04-11 10:17:54,548 - INFO - Data inicial preenchida: 01/03/2025
2025-04-11 10:17:54,633 - INFO - Data final preenchida: 31/03/2025
2025-04-11 10:17:54,698 - INFO - Checkbox de exportados marcado
2025-04-11 10:17:54,774 - INFO - Botão processar clicado, aguardando processamento...
2025-04-11 10:18:11,929 - INFO - Fechando o navegador
2025-04-11 10:18:15,969 - WARNING - Retrying (Retry(total=2, connect=None, read=None, redirect=None, status=None)) after connection broken by 'NewConnectionError('<urllib3.connection.HTTPConnection object at 0x00000208A9FECD90>: Failed to establish a new connection: [WinError 10061] Nenhuma conexão pôde ser feita porque a máquina de destino as recusou ativamente')': /session/d41f758488c1b0233204aea78d1e1bf2
2025-04-11 10:18:20,079 - WARNING - Retrying (Retry(total=1, connect=None, read=None, redirect=None, status=None)) after connection broken by 'NewConnectionError('<urllib3.connection.HTTPConnection object at 0x00000208AC029B90>: Failed to establish a new connection: [WinError 10061] Nenhuma conexão pôde ser feita porque a máquina de destino as recusou ativamente')': /session/d41f758488c1b0233204aea78d1e1bf2
2025-04-11 10:18:24,148 - WARNING - Retrying (Retry(total=0, connect=None, read=None, redirect=None, status=None)) after connection broken by 'NewConnectionError('<urllib3.connection.HTTPConnection object at 0x00000208AC2BC9D0>: Failed to establish a new connection: [WinError 10061] Nenhuma conexão pôde ser feita porque a máquina de destino as recusou ativamente')': /session/d41f758488c1b0233204aea78d1e1bf2
