2025-04-11 10:39:07,793 - INFO - === INICIANDO ROBÔ PARIS ===
2025-04-11 10:39:07,807 - INFO - Diretório base de destino encontrado: I:\Contabilidade\Banco Online
2025-04-11 10:39:07,808 - INFO - Diretório de download configurado: C:\Users\Administrador\Downloads
2025-04-11 10:39:07,808 - INFO - Período calculado: 01/03/2025 a 31/03/2025 (Ano: 2025, Mês: março)
2025-04-11 10:39:07,808 - INFO - Inicializando o driver do Chrome
2025-04-11 10:39:07,808 - INFO - ====== WebDriver manager ======
2025-04-11 10:39:08,777 - INFO - Get LATEST chromedriver version for google-chrome
2025-04-11 10:39:09,055 - INFO - Get LATEST chromedriver version for google-chrome
2025-04-11 10:39:09,108 - INFO - Driver [C:\Users\Administrador\.wdm\drivers\chromedriver\win64\135.0.7049.84\chromedriver-win32/chromedriver.exe] found in cache
2025-04-11 10:39:10,280 - INFO - Driver inicializado com sucesso
2025-04-11 10:39:10,280 - INFO - Iniciando processo de login
2025-04-11 10:39:12,308 - INFO - Acessando URL de login: https://portal.ssparisi.com.br/prime/login.php
2025-04-11 10:39:12,441 - INFO - Usuário preenchido
2025-04-11 10:39:12,539 - INFO - Senha preenchida
2025-04-11 10:39:19,396 - INFO - Login realizado com sucesso
2025-04-11 10:39:19,398 - INFO - Lendo planilha de empresas: empresas.xlsx
2025-04-11 10:39:19,630 - INFO - Total de empresas na planilha: 3
2025-04-11 10:39:19,630 - INFO - 
==================================================
2025-04-11 10:39:19,630 - INFO - EMPRESA 1/3: LUSITANO
2025-04-11 10:39:19,630 - INFO - ==================================================
2025-04-11 10:39:19,630 - INFO - Tentativa 1/3 para empresa LUSITANO
2025-04-11 10:39:19,630 - INFO - Processando empresa: LUSITANO - Período: 01/03/2025 a 31/03/2025
2025-04-11 10:39:19,630 - INFO - Identificando bancos disponíveis para a empresa: LUSITANO
2025-04-11 10:39:21,131 - INFO - Acessando URL de extrato: https://portal.ssparisi.com.br/prime/app/ctrl/GestaoBankExtratoSS.php
2025-04-11 10:39:21,286 - INFO - Empresa 'LUSITANO' selecionada
2025-04-11 10:39:24,391 - INFO - Botão de bancos clicado
2025-04-11 10:39:26,395 - INFO - Banco sicredi (classe button-34) não encontrado para esta empresa
2025-04-11 10:39:26,442 - INFO - Encontrado(s) 1 conta(s) do banco itau
2025-04-11 10:39:26,490 - INFO - Encontrado(s) 1 conta(s) do banco santander
2025-04-11 10:39:26,505 - INFO - Banco bradesco (classe button-15) não encontrado para esta empresa
2025-04-11 10:39:26,505 - INFO - Total de bancos encontrados: 2
2025-04-11 10:39:26,505 - INFO - Processando banco itau com 1 conta(s)...
2025-04-11 10:39:27,955 - INFO - Acessando página de extrato para processar conta 1 do banco itau
2025-04-11 10:39:33,196 - INFO - Processando conta 1 do banco itau (ID: account-8050)
2025-04-11 10:39:43,355 - INFO - Data inicial preenchida: 01/03/2025
2025-04-11 10:39:43,471 - INFO - Data final preenchida: 31/03/2025
2025-04-11 10:39:51,948 - INFO - Botão processar clicado, aguardando processamento...
2025-04-11 10:40:29,262 - WARNING - Não foi possível verificar os lançamentos: Message: 
Stacktrace:
	GetHandleVerifier [0x008780E3+60707]
	GetHandleVerifier [0x00878124+60772]
	(No symbol) [0x006A0683]
	(No symbol) [0x006E8660]
	(No symbol) [0x006E89FB]
	(No symbol) [0x00731022]
	(No symbol) [0x0070D094]
	(No symbol) [0x0072E824]
	(No symbol) [0x0070CE46]
	(No symbol) [0x006DC5D3]
	(No symbol) [0x006DD424]
	GetHandleVerifier [0x00ABBBC3+2435075]
	GetHandleVerifier [0x00AB7163+2416035]
	GetHandleVerifier [0x00AD350C+2531660]
	GetHandleVerifier [0x0088F1B5+155125]
	GetHandleVerifier [0x00895B5D+182173]
	GetHandleVerifier [0x0087F9B8+91640]
	GetHandleVerifier [0x0087FB60+92064]
	GetHandleVerifier [0x0086A620+4704]
	BaseThreadInitThunk [0x75FE5D49+25]
	RtlInitializeExceptionChain [0x7732CF0B+107]
	RtlGetAppContainerNamedObjectPath [0x7732CE91+561]

2025-04-11 10:40:59,344 - ERROR - Erro ao processar conta 1 do banco itau: Message: 
Stacktrace:
	GetHandleVerifier [0x008780E3+60707]
	GetHandleVerifier [0x00878124+60772]
	(No symbol) [0x006A0683]
	(No symbol) [0x006E8660]
	(No symbol) [0x006E89FB]
	(No symbol) [0x00731022]
	(No symbol) [0x0070D094]
	(No symbol) [0x0072E824]
	(No symbol) [0x0070CE46]
	(No symbol) [0x006DC5D3]
	(No symbol) [0x006DD424]
	GetHandleVerifier [0x00ABBBC3+2435075]
	GetHandleVerifier [0x00AB7163+2416035]
	GetHandleVerifier [0x00AD350C+2531660]
	GetHandleVerifier [0x0088F1B5+155125]
	GetHandleVerifier [0x00895B5D+182173]
	GetHandleVerifier [0x0087F9B8+91640]
	GetHandleVerifier [0x0087FB60+92064]
	GetHandleVerifier [0x0086A620+4704]
	BaseThreadInitThunk [0x75FE5D49+25]
	RtlInitializeExceptionChain [0x7732CF0B+107]
	RtlGetAppContainerNamedObjectPath [0x7732CE91+561]

2025-04-11 10:40:59,344 - INFO - Processando banco santander com 1 conta(s)...
2025-04-11 10:41:00,783 - INFO - Acessando página de extrato para processar conta 1 do banco santander
2025-04-11 10:41:06,036 - INFO - Processando conta 1 do banco santander (ID: account-8051)
2025-04-11 10:41:16,253 - INFO - Data inicial preenchida: 01/03/2025
2025-04-11 10:41:16,350 - INFO - Data final preenchida: 31/03/2025
2025-04-11 10:41:24,327 - INFO - Botão processar clicado, aguardando processamento...
2025-04-11 10:42:01,658 - WARNING - Não foi possível verificar os lançamentos: Message: 
Stacktrace:
	GetHandleVerifier [0x008780E3+60707]
	GetHandleVerifier [0x00878124+60772]
	(No symbol) [0x006A0683]
	(No symbol) [0x006E8660]
	(No symbol) [0x006E89FB]
	(No symbol) [0x00731022]
	(No symbol) [0x0070D094]
	(No symbol) [0x0072E824]
	(No symbol) [0x0070CE46]
	(No symbol) [0x006DC5D3]
	(No symbol) [0x006DD424]
	GetHandleVerifier [0x00ABBBC3+2435075]
	GetHandleVerifier [0x00AB7163+2416035]
	GetHandleVerifier [0x00AD350C+2531660]
	GetHandleVerifier [0x0088F1B5+155125]
	GetHandleVerifier [0x00895B5D+182173]
	GetHandleVerifier [0x0087F9B8+91640]
	GetHandleVerifier [0x0087FB60+92064]
	GetHandleVerifier [0x0086A620+4704]
	BaseThreadInitThunk [0x75FE5D49+25]
	RtlInitializeExceptionChain [0x7732CF0B+107]
	RtlGetAppContainerNamedObjectPath [0x7732CE91+561]

2025-04-11 10:42:31,757 - ERROR - Erro ao processar conta 1 do banco santander: Message: 
Stacktrace:
	GetHandleVerifier [0x008780E3+60707]
	GetHandleVerifier [0x00878124+60772]
	(No symbol) [0x006A0683]
	(No symbol) [0x006E8660]
	(No symbol) [0x006E89FB]
	(No symbol) [0x00731022]
	(No symbol) [0x0070D094]
	(No symbol) [0x0072E824]
	(No symbol) [0x0070CE46]
	(No symbol) [0x006DC5D3]
	(No symbol) [0x006DD424]
	GetHandleVerifier [0x00ABBBC3+2435075]
	GetHandleVerifier [0x00AB7163+2416035]
	GetHandleVerifier [0x00AD350C+2531660]
	GetHandleVerifier [0x0088F1B5+155125]
	GetHandleVerifier [0x00895B5D+182173]
	GetHandleVerifier [0x0087F9B8+91640]
	GetHandleVerifier [0x0087FB60+92064]
	GetHandleVerifier [0x0086A620+4704]
	BaseThreadInitThunk [0x75FE5D49+25]
	RtlInitializeExceptionChain [0x7732CF0B+107]
	RtlGetAppContainerNamedObjectPath [0x7732CE91+561]

2025-04-11 10:42:31,757 - WARNING - Nenhuma conta bancária foi processada para a empresa LUSITANO
2025-04-11 10:42:31,758 - WARNING - Falha ao processar empresa LUSITANO na tentativa 1
2025-04-11 10:42:31,758 - INFO - Aguardando 5 segundos antes da próxima tentativa 2/3...
2025-04-11 10:42:36,760 - INFO - Tentativa 2/3 para empresa LUSITANO
2025-04-11 10:42:36,760 - INFO - Processando empresa: LUSITANO - Período: 01/03/2025 a 31/03/2025
2025-04-11 10:42:36,760 - INFO - Identificando bancos disponíveis para a empresa: LUSITANO
2025-04-11 10:42:38,372 - INFO - Acessando URL de extrato: https://portal.ssparisi.com.br/prime/app/ctrl/GestaoBankExtratoSS.php
2025-04-11 10:42:38,495 - INFO - Empresa 'LUSITANO' selecionada
2025-04-11 10:42:41,575 - INFO - Botão de bancos clicado
2025-04-11 10:42:43,585 - INFO - Banco sicredi (classe button-34) não encontrado para esta empresa
2025-04-11 10:42:43,643 - INFO - Encontrado(s) 1 conta(s) do banco itau
2025-04-11 10:42:43,678 - INFO - Encontrado(s) 1 conta(s) do banco santander
2025-04-11 10:42:43,678 - INFO - Banco bradesco (classe button-15) não encontrado para esta empresa
2025-04-11 10:42:43,678 - INFO - Total de bancos encontrados: 2
2025-04-11 10:42:43,694 - INFO - Processando banco itau com 1 conta(s)...
2025-04-11 10:42:45,108 - INFO - Acessando página de extrato para processar conta 1 do banco itau
2025-04-11 10:42:50,341 - INFO - Processando conta 1 do banco itau (ID: account-8050)
2025-04-11 10:43:00,487 - INFO - Data inicial preenchida: 01/03/2025
2025-04-11 10:43:00,586 - INFO - Data final preenchida: 31/03/2025
2025-04-11 10:43:10,782 - INFO - Botão processar clicado, aguardando processamento...
2025-04-11 10:43:17,795 - INFO - Informação de lançamentos: LUSITANO INDUSTRIA E COMERCIO DE EMBALAGENS PLASTICAS LTDA (Conta: 0011554003) - 13/13
2025-04-11 10:43:17,795 - INFO - Lançamentos: 13 de 13
2025-04-11 10:43:17,795 - INFO - Todos os lançamentos foram feitos corretamente: 13/13
2025-04-11 10:43:21,477 - INFO - Botão exportar clicado
2025-04-11 10:43:21,515 - INFO - Download iniciado para LUSITANO - itau - conta 1
2025-04-11 10:43:28,769 - INFO - Procurando arquivo baixado (tentativa 1/15)
2025-04-11 10:43:29,772 - INFO - Procurando arquivo baixado (tentativa 2/15)
2025-04-11 10:43:30,773 - INFO - Procurando arquivo baixado (tentativa 3/15)
2025-04-11 10:43:31,774 - INFO - Procurando arquivo baixado (tentativa 4/15)
2025-04-11 10:43:32,776 - INFO - Procurando arquivo baixado (tentativa 5/15)
2025-04-11 10:43:33,778 - INFO - Procurando arquivo baixado (tentativa 6/15)
2025-04-11 10:43:34,780 - INFO - Procurando arquivo baixado (tentativa 7/15)
2025-04-11 10:43:35,781 - INFO - Procurando arquivo baixado (tentativa 8/15)
2025-04-11 10:43:36,783 - INFO - Procurando arquivo baixado (tentativa 9/15)
2025-04-11 10:43:37,784 - INFO - Procurando arquivo baixado (tentativa 10/15)
2025-04-11 10:43:38,786 - INFO - Procurando arquivo baixado (tentativa 11/15)
2025-04-11 10:43:39,788 - INFO - Procurando arquivo baixado (tentativa 12/15)
2025-04-11 10:43:40,790 - INFO - Procurando arquivo baixado (tentativa 13/15)
2025-04-11 10:43:41,791 - INFO - Procurando arquivo baixado (tentativa 14/15)
2025-04-11 10:43:42,793 - INFO - Procurando arquivo baixado (tentativa 15/15)
2025-04-11 10:43:43,794 - WARNING - Arquivo não encontrado para mover
2025-04-11 10:43:43,794 - WARNING - Não foi possível mover o arquivo para LUSITANO - itau - conta 1
2025-04-11 10:43:43,794 - INFO - Processando banco santander com 1 conta(s)...
2025-04-11 10:43:45,441 - INFO - Acessando página de extrato para processar conta 1 do banco santander
2025-04-11 10:43:50,663 - INFO - Processando conta 1 do banco santander (ID: account-8051)
2025-04-11 10:44:00,804 - INFO - Data inicial preenchida: 01/03/2025
2025-04-11 10:44:00,905 - INFO - Data final preenchida: 31/03/2025
2025-04-11 10:44:10,789 - INFO - Botão processar clicado, aguardando processamento...
2025-04-11 10:44:17,822 - INFO - Informação de lançamentos: LUSITANO INDUSTRIA E COMERCIO DE EMBALAGENS PLASTICAS LTDA (Conta: 130064824) - 228/228
2025-04-11 10:44:17,822 - INFO - Lançamentos: 228 de 228
2025-04-11 10:44:17,823 - INFO - Todos os lançamentos foram feitos corretamente: 228/228
2025-04-11 10:44:21,067 - INFO - Botão exportar clicado
2025-04-11 10:44:21,096 - INFO - Download iniciado para LUSITANO - santander - conta 1
2025-04-11 10:44:26,098 - INFO - Procurando arquivo baixado (tentativa 1/15)
2025-04-11 10:44:27,100 - INFO - Procurando arquivo baixado (tentativa 2/15)
2025-04-11 10:44:28,102 - INFO - Procurando arquivo baixado (tentativa 3/15)
2025-04-11 10:44:29,103 - INFO - Procurando arquivo baixado (tentativa 4/15)
2025-04-11 10:44:30,105 - INFO - Procurando arquivo baixado (tentativa 5/15)
2025-04-11 10:44:31,106 - INFO - Procurando arquivo baixado (tentativa 6/15)
2025-04-11 10:44:32,108 - INFO - Procurando arquivo baixado (tentativa 7/15)
2025-04-11 10:44:33,109 - INFO - Procurando arquivo baixado (tentativa 8/15)
2025-04-11 10:44:34,111 - INFO - Procurando arquivo baixado (tentativa 9/15)
2025-04-11 10:44:35,113 - INFO - Procurando arquivo baixado (tentativa 10/15)
2025-04-11 10:44:36,114 - INFO - Procurando arquivo baixado (tentativa 11/15)
2025-04-11 10:44:37,116 - INFO - Procurando arquivo baixado (tentativa 12/15)
2025-04-11 10:44:38,118 - INFO - Procurando arquivo baixado (tentativa 13/15)
2025-04-11 10:44:39,120 - INFO - Procurando arquivo baixado (tentativa 14/15)
2025-04-11 10:44:40,121 - INFO - Procurando arquivo baixado (tentativa 15/15)
2025-04-11 10:44:41,123 - WARNING - Arquivo não encontrado para mover
2025-04-11 10:44:41,123 - WARNING - Não foi possível mover o arquivo para LUSITANO - santander - conta 1
2025-04-11 10:44:41,123 - WARNING - Nenhuma conta bancária foi processada para a empresa LUSITANO
2025-04-11 10:44:41,123 - WARNING - Falha ao processar empresa LUSITANO na tentativa 2
2025-04-11 10:44:41,123 - INFO - Aguardando 5 segundos antes da próxima tentativa 3/3...
2025-04-11 10:44:46,126 - INFO - Tentativa 3/3 para empresa LUSITANO
2025-04-11 10:44:46,126 - INFO - Processando empresa: LUSITANO - Período: 01/03/2025 a 31/03/2025
2025-04-11 10:44:46,126 - INFO - Identificando bancos disponíveis para a empresa: LUSITANO
2025-04-11 10:44:47,588 - INFO - Acessando URL de extrato: https://portal.ssparisi.com.br/prime/app/ctrl/GestaoBankExtratoSS.php
2025-04-11 10:44:47,703 - INFO - Empresa 'LUSITANO' selecionada
2025-04-11 10:44:50,789 - INFO - Botão de bancos clicado
2025-04-11 10:44:52,795 - INFO - Banco sicredi (classe button-34) não encontrado para esta empresa
2025-04-11 10:44:52,831 - INFO - Encontrado(s) 1 conta(s) do banco itau
2025-04-11 10:44:52,870 - INFO - Encontrado(s) 1 conta(s) do banco santander
2025-04-11 10:44:52,881 - INFO - Banco bradesco (classe button-15) não encontrado para esta empresa
2025-04-11 10:44:52,881 - INFO - Total de bancos encontrados: 2
2025-04-11 10:44:52,881 - INFO - Processando banco itau com 1 conta(s)...
2025-04-11 10:44:54,369 - INFO - Acessando página de extrato para processar conta 1 do banco itau
2025-04-11 10:44:59,588 - INFO - Processando conta 1 do banco itau (ID: account-8050)
2025-04-11 10:45:09,736 - INFO - Data inicial preenchida: 01/03/2025
2025-04-11 10:45:09,820 - INFO - Data final preenchida: 31/03/2025
2025-04-11 10:45:18,828 - INFO - Botão processar clicado, aguardando processamento...
2025-04-11 10:45:55,849 - WARNING - Não foi possível verificar os lançamentos: Message: 
Stacktrace:
	GetHandleVerifier [0x008780E3+60707]
	GetHandleVerifier [0x00878124+60772]
	(No symbol) [0x006A0683]
	(No symbol) [0x006E8660]
	(No symbol) [0x006E89FB]
	(No symbol) [0x00731022]
	(No symbol) [0x0070D094]
	(No symbol) [0x0072E824]
	(No symbol) [0x0070CE46]
	(No symbol) [0x006DC5D3]
	(No symbol) [0x006DD424]
	GetHandleVerifier [0x00ABBBC3+2435075]
	GetHandleVerifier [0x00AB7163+2416035]
	GetHandleVerifier [0x00AD350C+2531660]
	GetHandleVerifier [0x0088F1B5+155125]
	GetHandleVerifier [0x00895B5D+182173]
	GetHandleVerifier [0x0087F9B8+91640]
	GetHandleVerifier [0x0087FB60+92064]
	GetHandleVerifier [0x0086A620+4704]
	BaseThreadInitThunk [0x75FE5D49+25]
	RtlInitializeExceptionChain [0x7732CF0B+107]
	RtlGetAppContainerNamedObjectPath [0x7732CE91+561]

2025-04-11 10:46:25,863 - ERROR - Erro ao processar conta 1 do banco itau: Message: 
Stacktrace:
	GetHandleVerifier [0x008780E3+60707]
	GetHandleVerifier [0x00878124+60772]
	(No symbol) [0x006A0683]
	(No symbol) [0x006E8660]
	(No symbol) [0x006E89FB]
	(No symbol) [0x00731022]
	(No symbol) [0x0070D094]
	(No symbol) [0x0072E824]
	(No symbol) [0x0070CE46]
	(No symbol) [0x006DC5D3]
	(No symbol) [0x006DD424]
	GetHandleVerifier [0x00ABBBC3+2435075]
	GetHandleVerifier [0x00AB7163+2416035]
	GetHandleVerifier [0x00AD350C+2531660]
	GetHandleVerifier [0x0088F1B5+155125]
	GetHandleVerifier [0x00895B5D+182173]
	GetHandleVerifier [0x0087F9B8+91640]
	GetHandleVerifier [0x0087FB60+92064]
	GetHandleVerifier [0x0086A620+4704]
	BaseThreadInitThunk [0x75FE5D49+25]
	RtlInitializeExceptionChain [0x7732CF0B+107]
	RtlGetAppContainerNamedObjectPath [0x7732CE91+561]

2025-04-11 10:46:25,863 - INFO - Processando banco santander com 1 conta(s)...
2025-04-11 10:46:27,677 - INFO - Acessando página de extrato para processar conta 1 do banco santander
2025-04-11 10:46:32,933 - INFO - Processando conta 1 do banco santander (ID: account-8051)
2025-04-11 10:46:43,092 - INFO - Data inicial preenchida: 01/03/2025
2025-04-11 10:46:43,177 - INFO - Data final preenchida: 31/03/2025
2025-04-11 10:46:52,920 - INFO - Botão processar clicado, aguardando processamento...
2025-04-11 10:47:30,424 - WARNING - Não foi possível verificar os lançamentos: Message: 
Stacktrace:
	GetHandleVerifier [0x008780E3+60707]
	GetHandleVerifier [0x00878124+60772]
	(No symbol) [0x006A0683]
	(No symbol) [0x006E8660]
	(No symbol) [0x006E89FB]
	(No symbol) [0x00731022]
	(No symbol) [0x0070D094]
	(No symbol) [0x0072E824]
	(No symbol) [0x0070CE46]
	(No symbol) [0x006DC5D3]
	(No symbol) [0x006DD424]
	GetHandleVerifier [0x00ABBBC3+2435075]
	GetHandleVerifier [0x00AB7163+2416035]
	GetHandleVerifier [0x00AD350C+2531660]
	GetHandleVerifier [0x0088F1B5+155125]
	GetHandleVerifier [0x00895B5D+182173]
	GetHandleVerifier [0x0087F9B8+91640]
	GetHandleVerifier [0x0087FB60+92064]
	GetHandleVerifier [0x0086A620+4704]
	BaseThreadInitThunk [0x75FE5D49+25]
	RtlInitializeExceptionChain [0x7732CF0B+107]
	RtlGetAppContainerNamedObjectPath [0x7732CE91+561]

2025-04-11 10:48:00,937 - ERROR - Erro ao processar conta 1 do banco santander: Message: 
Stacktrace:
	GetHandleVerifier [0x008780E3+60707]
	GetHandleVerifier [0x00878124+60772]
	(No symbol) [0x006A0683]
	(No symbol) [0x006E8660]
	(No symbol) [0x006E89FB]
	(No symbol) [0x00731022]
	(No symbol) [0x0070D094]
	(No symbol) [0x0072E824]
	(No symbol) [0x0070CE46]
	(No symbol) [0x006DC5D3]
	(No symbol) [0x006DD424]
	GetHandleVerifier [0x00ABBBC3+2435075]
	GetHandleVerifier [0x00AB7163+2416035]
	GetHandleVerifier [0x00AD350C+2531660]
	GetHandleVerifier [0x0088F1B5+155125]
	GetHandleVerifier [0x00895B5D+182173]
	GetHandleVerifier [0x0087F9B8+91640]
	GetHandleVerifier [0x0087FB60+92064]
	GetHandleVerifier [0x0086A620+4704]
	BaseThreadInitThunk [0x75FE5D49+25]
	RtlInitializeExceptionChain [0x7732CF0B+107]
	RtlGetAppContainerNamedObjectPath [0x7732CE91+561]

2025-04-11 10:48:00,937 - WARNING - Nenhuma conta bancária foi processada para a empresa LUSITANO
2025-04-11 10:48:00,937 - WARNING - Falha ao processar empresa LUSITANO na tentativa 3
2025-04-11 10:48:00,937 - ERROR - Falha ao processar empresa LUSITANO após 3 tentativas
2025-04-11 10:48:01,431 - INFO - Erro registrado no arquivo de log: I:\Contabilidade\Banco Online\2025\março\erros_download_20250411.txt
2025-04-11 10:48:01,432 - ERROR - Todas as 3 tentativas falharam para empresa LUSITANO
2025-04-11 10:48:01,432 - INFO - 
==================================================
2025-04-11 10:48:01,433 - INFO - EMPRESA 2/3: NUTRI
2025-04-11 10:48:01,433 - INFO - ==================================================
2025-04-11 10:48:01,433 - INFO - Tentativa 1/3 para empresa NUTRI
2025-04-11 10:48:01,433 - INFO - Processando empresa: NUTRI - Período: 01/03/2025 a 31/03/2025
2025-04-11 10:48:01,434 - INFO - Identificando bancos disponíveis para a empresa: NUTRI
2025-04-11 10:48:03,273 - INFO - Acessando URL de extrato: https://portal.ssparisi.com.br/prime/app/ctrl/GestaoBankExtratoSS.php
2025-04-11 10:48:03,391 - INFO - Empresa 'NUTRI' selecionada
2025-04-11 10:48:06,452 - INFO - Botão de bancos clicado
2025-04-11 10:48:08,478 - INFO - Banco sicredi (classe button-34) não encontrado para esta empresa
2025-04-11 10:48:08,523 - INFO - Encontrado(s) 1 conta(s) do banco itau
2025-04-11 10:48:08,531 - INFO - Banco santander (classe button-32) não encontrado para esta empresa
2025-04-11 10:48:08,537 - INFO - Banco bradesco (classe button-15) não encontrado para esta empresa
2025-04-11 10:48:08,537 - INFO - Total de bancos encontrados: 1
2025-04-11 10:48:08,537 - INFO - Processando banco itau com 1 conta(s)...
2025-04-11 10:48:09,852 - INFO - Acessando página de extrato para processar conta 1 do banco itau
2025-04-11 10:48:15,060 - INFO - Processando conta 1 do banco itau (ID: account-8053)
2025-04-11 10:48:25,208 - INFO - Data inicial preenchida: 01/03/2025
2025-04-11 10:48:25,291 - INFO - Data final preenchida: 31/03/2025
2025-04-11 10:48:33,632 - INFO - Botão processar clicado, aguardando processamento...
2025-04-11 10:48:40,642 - INFO - Informação de lançamentos: NUTRI - ITAU (Conta: 0454990946) - 0/36
2025-04-11 10:48:40,642 - INFO - Lançamentos: 0 de 36
2025-04-11 10:48:40,642 - WARNING - Nem todos os lançamentos foram feitos: 0/36
2025-04-11 10:48:42,928 - INFO - Erro registrado no arquivo de log: I:\Contabilidade\Banco Online\2025\março\erros_download_20250411.txt
2025-04-11 10:48:42,928 - INFO - Pulando para o próximo banco ou empresa...
2025-04-11 10:48:42,929 - WARNING - Nenhuma conta bancária foi processada para a empresa NUTRI
2025-04-11 10:48:42,929 - WARNING - Falha ao processar empresa NUTRI na tentativa 1
2025-04-11 10:48:42,929 - INFO - Aguardando 5 segundos antes da próxima tentativa 2/3...
2025-04-11 10:48:47,931 - INFO - Tentativa 2/3 para empresa NUTRI
2025-04-11 10:48:47,931 - INFO - Processando empresa: NUTRI - Período: 01/03/2025 a 31/03/2025
2025-04-11 10:48:47,931 - INFO - Identificando bancos disponíveis para a empresa: NUTRI
2025-04-11 10:48:49,363 - INFO - Acessando URL de extrato: https://portal.ssparisi.com.br/prime/app/ctrl/GestaoBankExtratoSS.php
2025-04-11 10:48:49,478 - INFO - Empresa 'NUTRI' selecionada
2025-04-11 10:48:52,560 - INFO - Botão de bancos clicado
2025-04-11 10:48:54,563 - INFO - Banco sicredi (classe button-34) não encontrado para esta empresa
2025-04-11 10:48:54,598 - INFO - Encontrado(s) 1 conta(s) do banco itau
2025-04-11 10:48:54,617 - INFO - Banco santander (classe button-32) não encontrado para esta empresa
2025-04-11 10:48:54,621 - INFO - Banco bradesco (classe button-15) não encontrado para esta empresa
2025-04-11 10:48:54,621 - INFO - Total de bancos encontrados: 1
2025-04-11 10:48:54,621 - INFO - Processando banco itau com 1 conta(s)...
2025-04-11 10:48:56,081 - INFO - Acessando página de extrato para processar conta 1 do banco itau
2025-04-11 10:49:01,297 - INFO - Processando conta 1 do banco itau (ID: account-8053)
2025-04-11 10:49:11,445 - INFO - Data inicial preenchida: 01/03/2025
2025-04-11 10:49:11,535 - INFO - Data final preenchida: 31/03/2025
2025-04-11 10:49:19,688 - INFO - Botão processar clicado, aguardando processamento...
2025-04-11 10:49:26,702 - INFO - Informação de lançamentos: NUTRI - ITAU (Conta: 0454990946) - 0/36
2025-04-11 10:49:26,702 - INFO - Lançamentos: 0 de 36
2025-04-11 10:49:26,702 - WARNING - Nem todos os lançamentos foram feitos: 0/36
2025-04-11 10:49:26,713 - INFO - Erro registrado no arquivo de log: I:\Contabilidade\Banco Online\2025\março\erros_download_20250411.txt
2025-04-11 10:49:26,714 - INFO - Pulando para o próximo banco ou empresa...
2025-04-11 10:49:26,714 - WARNING - Nenhuma conta bancária foi processada para a empresa NUTRI
2025-04-11 10:49:26,714 - WARNING - Falha ao processar empresa NUTRI na tentativa 2
2025-04-11 10:49:26,715 - INFO - Aguardando 5 segundos antes da próxima tentativa 3/3...
2025-04-11 10:49:31,716 - INFO - Tentativa 3/3 para empresa NUTRI
2025-04-11 10:49:31,716 - INFO - Processando empresa: NUTRI - Período: 01/03/2025 a 31/03/2025
2025-04-11 10:49:31,716 - INFO - Identificando bancos disponíveis para a empresa: NUTRI
2025-04-11 10:49:33,357 - INFO - Acessando URL de extrato: https://portal.ssparisi.com.br/prime/app/ctrl/GestaoBankExtratoSS.php
2025-04-11 10:49:33,492 - INFO - Empresa 'NUTRI' selecionada
2025-04-11 10:49:36,571 - INFO - Botão de bancos clicado
2025-04-11 10:49:38,580 - INFO - Banco sicredi (classe button-34) não encontrado para esta empresa
2025-04-11 10:49:38,616 - INFO - Encontrado(s) 1 conta(s) do banco itau
2025-04-11 10:49:38,618 - INFO - Banco santander (classe button-32) não encontrado para esta empresa
2025-04-11 10:49:38,630 - INFO - Banco bradesco (classe button-15) não encontrado para esta empresa
2025-04-11 10:49:38,630 - INFO - Total de bancos encontrados: 1
2025-04-11 10:49:38,630 - INFO - Processando banco itau com 1 conta(s)...
2025-04-11 10:49:40,299 - INFO - Acessando página de extrato para processar conta 1 do banco itau
2025-04-11 10:49:45,542 - INFO - Processando conta 1 do banco itau (ID: account-8053)
2025-04-11 10:49:55,708 - INFO - Data inicial preenchida: 01/03/2025
2025-04-11 10:49:55,794 - INFO - Data final preenchida: 31/03/2025
2025-04-11 10:50:04,751 - INFO - Botão processar clicado, aguardando processamento...
2025-04-11 10:50:11,763 - INFO - Informação de lançamentos: NUTRI - ITAU (Conta: 0454990946) - 0/36
2025-04-11 10:50:11,763 - INFO - Lançamentos: 0 de 36
2025-04-11 10:50:11,763 - WARNING - Nem todos os lançamentos foram feitos: 0/36
2025-04-11 10:50:11,771 - INFO - Erro registrado no arquivo de log: I:\Contabilidade\Banco Online\2025\março\erros_download_20250411.txt
2025-04-11 10:50:11,772 - INFO - Pulando para o próximo banco ou empresa...
2025-04-11 10:50:11,772 - WARNING - Nenhuma conta bancária foi processada para a empresa NUTRI
2025-04-11 10:50:11,772 - WARNING - Falha ao processar empresa NUTRI na tentativa 3
2025-04-11 10:50:11,773 - ERROR - Falha ao processar empresa NUTRI após 3 tentativas
2025-04-11 10:50:11,784 - INFO - Erro registrado no arquivo de log: I:\Contabilidade\Banco Online\2025\março\erros_download_20250411.txt
2025-04-11 10:50:11,784 - ERROR - Todas as 3 tentativas falharam para empresa NUTRI
2025-04-11 10:50:11,785 - INFO - 
==================================================
2025-04-11 10:50:11,785 - INFO - EMPRESA 3/3: LACERDA
2025-04-11 10:50:11,786 - INFO - ==================================================
2025-04-11 10:50:11,786 - INFO - Tentativa 1/3 para empresa LACERDA
2025-04-11 10:50:11,787 - INFO - Processando empresa: LACERDA - Período: 01/03/2025 a 31/03/2025
2025-04-11 10:50:11,787 - INFO - Identificando bancos disponíveis para a empresa: LACERDA
2025-04-11 10:50:13,064 - INFO - Acessando URL de extrato: https://portal.ssparisi.com.br/prime/app/ctrl/GestaoBankExtratoSS.php
2025-04-11 10:50:13,179 - INFO - Empresa 'LACERDA' selecionada
2025-04-11 10:50:16,257 - INFO - Botão de bancos clicado
2025-04-11 10:50:18,283 - INFO - Encontrado(s) 1 conta(s) do banco sicredi
2025-04-11 10:50:18,300 - INFO - Banco itau (classe button-23) não encontrado para esta empresa
2025-04-11 10:50:18,311 - INFO - Banco santander (classe button-32) não encontrado para esta empresa
2025-04-11 10:50:18,321 - INFO - Banco bradesco (classe button-15) não encontrado para esta empresa
2025-04-11 10:50:18,321 - INFO - Total de bancos encontrados: 1
2025-04-11 10:50:18,321 - INFO - Processando banco sicredi com 1 conta(s)...
2025-04-11 10:50:19,590 - INFO - Acessando página de extrato para processar conta 1 do banco sicredi
2025-04-11 10:50:24,797 - INFO - Processando conta 1 do banco sicredi (ID: account-7889)
2025-04-11 10:50:34,934 - INFO - Data inicial preenchida: 01/03/2025
2025-04-11 10:50:35,024 - INFO - Data final preenchida: 31/03/2025
2025-04-11 10:50:44,716 - INFO - Botão processar clicado, aguardando processamento...
2025-04-11 10:50:51,719 - INFO - Informação de lançamentos: LACERDA REPRESENTACOES S S LTDA ME (Conta: 485121) - 0/28
2025-04-11 10:50:51,733 - INFO - Lançamentos: 0 de 28
2025-04-11 10:50:51,733 - WARNING - Nem todos os lançamentos foram feitos: 0/28
2025-04-11 10:50:51,736 - INFO - Erro registrado no arquivo de log: I:\Contabilidade\Banco Online\2025\março\erros_download_20250411.txt
2025-04-11 10:50:51,737 - INFO - Pulando para o próximo banco ou empresa...
2025-04-11 10:50:51,737 - WARNING - Nenhuma conta bancária foi processada para a empresa LACERDA
2025-04-11 10:50:51,737 - WARNING - Falha ao processar empresa LACERDA na tentativa 1
2025-04-11 10:50:51,737 - INFO - Aguardando 5 segundos antes da próxima tentativa 2/3...
2025-04-11 10:50:56,738 - INFO - Tentativa 2/3 para empresa LACERDA
2025-04-11 10:50:56,738 - INFO - Processando empresa: LACERDA - Período: 01/03/2025 a 31/03/2025
2025-04-11 10:50:56,738 - INFO - Identificando bancos disponíveis para a empresa: LACERDA
2025-04-11 10:50:58,199 - INFO - Acessando URL de extrato: https://portal.ssparisi.com.br/prime/app/ctrl/GestaoBankExtratoSS.php
2025-04-11 10:50:58,361 - INFO - Empresa 'LACERDA' selecionada
2025-04-11 10:51:01,425 - INFO - Botão de bancos clicado
2025-04-11 10:51:03,470 - INFO - Encontrado(s) 1 conta(s) do banco sicredi
2025-04-11 10:51:03,470 - INFO - Banco itau (classe button-23) não encontrado para esta empresa
2025-04-11 10:51:03,487 - INFO - Banco santander (classe button-32) não encontrado para esta empresa
2025-04-11 10:51:03,495 - INFO - Banco bradesco (classe button-15) não encontrado para esta empresa
2025-04-11 10:51:03,495 - INFO - Total de bancos encontrados: 1
2025-04-11 10:51:03,495 - INFO - Processando banco sicredi com 1 conta(s)...
2025-04-11 10:51:07,152 - INFO - Acessando página de extrato para processar conta 1 do banco sicredi
2025-04-11 10:51:12,380 - INFO - Processando conta 1 do banco sicredi (ID: account-7889)
2025-04-11 10:51:22,543 - INFO - Data inicial preenchida: 01/03/2025
2025-04-11 10:51:22,638 - INFO - Data final preenchida: 31/03/2025
2025-04-11 10:51:31,936 - INFO - Botão processar clicado, aguardando processamento...
2025-04-11 10:51:38,954 - INFO - Informação de lançamentos: LACERDA REPRESENTACOES S S LTDA ME (Conta: 485121) - 0/28
2025-04-11 10:51:38,954 - INFO - Lançamentos: 0 de 28
2025-04-11 10:51:38,954 - WARNING - Nem todos os lançamentos foram feitos: 0/28
2025-04-11 10:51:38,958 - INFO - Erro registrado no arquivo de log: I:\Contabilidade\Banco Online\2025\março\erros_download_20250411.txt
2025-04-11 10:51:38,958 - INFO - Pulando para o próximo banco ou empresa...
2025-04-11 10:51:38,958 - WARNING - Nenhuma conta bancária foi processada para a empresa LACERDA
2025-04-11 10:51:38,959 - WARNING - Falha ao processar empresa LACERDA na tentativa 2
2025-04-11 10:51:38,959 - INFO - Aguardando 5 segundos antes da próxima tentativa 3/3...
2025-04-11 10:51:43,960 - INFO - Tentativa 3/3 para empresa LACERDA
2025-04-11 10:51:43,961 - INFO - Processando empresa: LACERDA - Período: 01/03/2025 a 31/03/2025
2025-04-11 10:51:43,961 - INFO - Identificando bancos disponíveis para a empresa: LACERDA
2025-04-11 10:51:49,935 - INFO - Acessando URL de extrato: https://portal.ssparisi.com.br/prime/app/ctrl/GestaoBankExtratoSS.php
2025-04-11 10:51:50,073 - INFO - Empresa 'LACERDA' selecionada
2025-04-11 10:52:23,467 - ERROR - Timeout ao processar empresa LACERDA: Message: 

2025-04-11 10:52:23,468 - WARNING - Falha ao processar empresa LACERDA na tentativa 3
2025-04-11 10:52:23,468 - ERROR - Falha ao processar empresa LACERDA após 3 tentativas
2025-04-11 10:52:23,475 - INFO - Erro registrado no arquivo de log: I:\Contabilidade\Banco Online\2025\março\erros_download_20250411.txt
2025-04-11 10:52:23,475 - ERROR - Todas as 3 tentativas falharam para empresa LACERDA
2025-04-11 10:52:23,476 - INFO - 

=== RESUMO DA EXECUÇÃO ===
2025-04-11 10:52:23,476 - INFO - Total de empresas: 3
2025-04-11 10:52:23,476 - INFO - Empresas processadas com sucesso: 0
2025-04-11 10:52:23,477 - INFO - Empresas com erro: 3
2025-04-11 10:52:23,477 - INFO - === FIM DA EXECUÇÃO ===

2025-04-11 10:52:23,477 - INFO - Fechando o navegador
