2025-04-11 15:01:56,267 - INFO - === INICIANDO ROBÔ PARIS ===
2025-04-11 15:01:56,734 - INFO - Diretório base de destino criado: I:\Contabilidade\Banco Online
2025-04-11 15:01:56,735 - INFO - Diretório de download configurado: C:\Users\Administrador\Downloads
2025-04-11 15:01:56,735 - INFO - Período calculado: 01/03/2025 a 31/03/2025 (Ano: 2025, Mês: março)
2025-04-11 15:01:56,736 - INFO - Inicializando o driver do Chrome
2025-04-11 15:01:56,736 - INFO - ====== WebDriver manager ======
2025-04-11 15:01:57,651 - INFO - Get LATEST chromedriver version for google-chrome
2025-04-11 15:01:57,702 - INFO - Get LATEST chromedriver version for google-chrome
2025-04-11 15:01:57,756 - INFO - Driver [C:\Users\Administrador\.wdm\drivers\chromedriver\win64\135.0.7049.84\chromedriver-win32/chromedriver.exe] found in cache
2025-04-11 15:01:57,762 - INFO - Modo headless ativado
2025-04-11 15:01:58,850 - INFO - Driver inicializado com sucesso
2025-04-11 15:01:58,850 - INFO - Iniciando processo de login
2025-04-11 15:02:01,220 - INFO - Acessando URL de login: https://portal.ssparisi.com.br/prime/login.php
2025-04-11 15:02:01,326 - INFO - Usuário preenchido
2025-04-11 15:02:01,410 - INFO - Senha preenchida
2025-04-11 15:02:01,501 - INFO - Login realizado com sucesso
2025-04-11 15:02:01,501 - INFO - Lendo planilha de empresas: empresas.xlsx
2025-04-11 15:02:01,732 - INFO - Total de empresas na planilha: 3
2025-04-11 15:02:01,733 - INFO - 
==================================================
2025-04-11 15:02:01,734 - INFO - EMPRESA 1/3: LUSITANO
2025-04-11 15:02:01,734 - INFO - ==================================================
2025-04-11 15:02:01,734 - INFO - Tentativa 1/2 para empresa LUSITANO
2025-04-11 15:02:01,735 - INFO - Processando empresa: LUSITANO - Período: 01/03/2025 a 31/03/2025
2025-04-11 15:02:01,736 - INFO - Identificando bancos disponíveis para a empresa: LUSITANO
2025-04-11 15:02:11,812 - INFO - Acessando URL de extrato: https://portal.ssparisi.com.br/prime/app/ctrl/GestaoBankExtratoSS.php
2025-04-11 15:02:11,957 - INFO - Empresa 'LUSITANO' selecionada
2025-04-11 15:02:15,056 - INFO - Botão de bancos clicado
2025-04-11 15:02:17,069 - INFO - Banco sicredi (classe button-34) não encontrado para esta empresa
2025-04-11 15:02:17,133 - INFO - Encontrado(s) 1 conta(s) do banco itau
2025-04-11 15:02:17,196 - INFO - Encontrado(s) 1 conta(s) do banco santander
2025-04-11 15:02:17,208 - INFO - Banco bradesco (classe button-15) não encontrado para esta empresa
2025-04-11 15:02:17,209 - INFO - Total de bancos encontrados: 2
2025-04-11 15:02:17,209 - INFO - Processando banco itau com 1 conta(s)...
2025-04-11 15:02:18,770 - INFO - Acessando página de extrato para processar conta 1 do banco itau
2025-04-11 15:02:24,022 - INFO - Processando conta 1 do banco itau (ID: account-8050)
2025-04-11 15:02:34,183 - INFO - Data inicial preenchida: 01/03/2025
2025-04-11 15:02:34,271 - INFO - Data final preenchida: 31/03/2025
2025-04-11 15:02:42,435 - INFO - Botão processar clicado, aguardando processamento...
2025-04-11 15:02:45,447 - WARNING - Sem lançamentos disponíveis para esta conta no período selecionado
2025-04-11 15:02:47,281 - INFO - Pasta ano/mês criada: I:\Contabilidade\Banco Online\2025\março
2025-04-11 15:02:47,744 - INFO - Erro registrado no arquivo de log: I:\Contabilidade\Banco Online\2025\março\erros_download_20250411.txt
2025-04-11 15:02:47,745 - INFO - Pulando para o próximo banco ou empresa...
2025-04-11 15:02:47,745 - INFO - Processando banco santander com 1 conta(s)...
2025-04-11 15:02:49,259 - INFO - Acessando página de extrato para processar conta 1 do banco santander
2025-04-11 15:02:54,469 - INFO - Processando conta 1 do banco santander (ID: account-8051)
2025-04-11 15:03:04,610 - INFO - Data inicial preenchida: 01/03/2025
2025-04-11 15:03:04,697 - INFO - Data final preenchida: 31/03/2025
2025-04-11 15:03:13,267 - INFO - Botão processar clicado, aguardando processamento...
2025-04-11 15:03:16,281 - WARNING - Sem lançamentos disponíveis para esta conta no período selecionado
2025-04-11 15:03:16,717 - INFO - Erro registrado no arquivo de log: I:\Contabilidade\Banco Online\2025\março\erros_download_20250411.txt
2025-04-11 15:03:16,718 - INFO - Pulando para o próximo banco ou empresa...
2025-04-11 15:03:16,718 - WARNING - Nenhuma conta bancária foi processada para a empresa LUSITANO
2025-04-11 15:03:16,719 - WARNING - Falha ao processar empresa LUSITANO na tentativa 1
2025-04-11 15:03:16,719 - INFO - Aguardando 5 segundos antes da próxima tentativa 2/2...
2025-04-11 15:03:21,721 - INFO - Tentativa 2/2 para empresa LUSITANO
2025-04-11 15:03:21,721 - INFO - Processando empresa: LUSITANO - Período: 01/03/2025 a 31/03/2025
2025-04-11 15:03:21,721 - INFO - Identificando bancos disponíveis para a empresa: LUSITANO
2025-04-11 15:03:23,236 - INFO - Acessando URL de extrato: https://portal.ssparisi.com.br/prime/app/ctrl/GestaoBankExtratoSS.php
2025-04-11 15:03:23,345 - INFO - Empresa 'LUSITANO' selecionada
2025-04-11 15:03:26,412 - INFO - Botão de bancos clicado
2025-04-11 15:03:28,417 - INFO - Banco sicredi (classe button-34) não encontrado para esta empresa
2025-04-11 15:03:28,451 - INFO - Encontrado(s) 1 conta(s) do banco itau
2025-04-11 15:03:28,492 - INFO - Encontrado(s) 1 conta(s) do banco santander
2025-04-11 15:03:28,501 - INFO - Banco bradesco (classe button-15) não encontrado para esta empresa
2025-04-11 15:03:28,501 - INFO - Total de bancos encontrados: 2
2025-04-11 15:03:28,501 - INFO - Processando banco itau com 1 conta(s)...
2025-04-11 15:03:29,997 - INFO - Acessando página de extrato para processar conta 1 do banco itau
2025-04-11 15:03:35,193 - INFO - Processando conta 1 do banco itau (ID: account-8050)
2025-04-11 15:03:45,325 - INFO - Data inicial preenchida: 01/03/2025
2025-04-11 15:03:45,401 - INFO - Data final preenchida: 31/03/2025
2025-04-11 15:03:55,789 - INFO - Botão processar clicado, aguardando processamento...
2025-04-11 15:03:58,799 - WARNING - Sem lançamentos disponíveis para esta conta no período selecionado
2025-04-11 15:03:58,799 - INFO - Pulando para o próximo banco ou empresa...
2025-04-11 15:03:58,799 - INFO - Processando banco santander com 1 conta(s)...
2025-04-11 15:04:01,944 - INFO - Acessando página de extrato para processar conta 1 do banco santander
2025-04-11 15:04:07,146 - INFO - Processando conta 1 do banco santander (ID: account-8051)
2025-04-11 15:04:17,276 - INFO - Data inicial preenchida: 01/03/2025
2025-04-11 15:04:17,404 - INFO - Data final preenchida: 31/03/2025
2025-04-11 15:04:27,842 - INFO - Botão processar clicado, aguardando processamento...
2025-04-11 15:04:30,854 - WARNING - Sem lançamentos disponíveis para esta conta no período selecionado
2025-04-11 15:04:30,855 - INFO - Pulando para o próximo banco ou empresa...
2025-04-11 15:04:30,855 - WARNING - Nenhuma conta bancária foi processada para a empresa LUSITANO
2025-04-11 15:04:30,855 - WARNING - Falha ao processar empresa LUSITANO na tentativa 2
2025-04-11 15:04:30,856 - ERROR - Falha ao processar empresa LUSITANO após 2 tentativas
2025-04-11 15:04:30,859 - INFO - Erro registrado no arquivo de log: I:\Contabilidade\Banco Online\2025\março\erros_download_20250411.txt
2025-04-11 15:04:30,860 - ERROR - Todas as 2 tentativas falharam para empresa LUSITANO
2025-04-11 15:04:30,860 - INFO - 
==================================================
2025-04-11 15:04:30,861 - INFO - EMPRESA 2/3: NUTRI
2025-04-11 15:04:30,862 - INFO - ==================================================
2025-04-11 15:04:30,862 - INFO - Tentativa 1/2 para empresa NUTRI
2025-04-11 15:04:30,862 - INFO - Processando empresa: NUTRI - Período: 01/03/2025 a 31/03/2025
2025-04-11 15:04:30,862 - INFO - Identificando bancos disponíveis para a empresa: NUTRI
2025-04-11 15:04:34,012 - INFO - Acessando URL de extrato: https://portal.ssparisi.com.br/prime/app/ctrl/GestaoBankExtratoSS.php
2025-04-11 15:04:34,125 - INFO - Empresa 'NUTRI' selecionada
2025-04-11 15:04:37,195 - INFO - Botão de bancos clicado
2025-04-11 15:04:39,206 - INFO - Banco sicredi (classe button-34) não encontrado para esta empresa
2025-04-11 15:04:39,246 - INFO - Encontrado(s) 1 conta(s) do banco itau
2025-04-11 15:04:39,262 - INFO - Banco santander (classe button-32) não encontrado para esta empresa
2025-04-11 15:04:39,265 - INFO - Banco bradesco (classe button-15) não encontrado para esta empresa
2025-04-11 15:04:39,272 - INFO - Total de bancos encontrados: 1
2025-04-11 15:04:39,272 - INFO - Processando banco itau com 1 conta(s)...
2025-04-11 15:04:42,436 - INFO - Acessando página de extrato para processar conta 1 do banco itau
2025-04-11 15:04:47,648 - INFO - Processando conta 1 do banco itau (ID: account-8053)
2025-04-11 15:04:57,818 - INFO - Data inicial preenchida: 01/03/2025
2025-04-11 15:04:57,910 - INFO - Data final preenchida: 31/03/2025
2025-04-11 15:05:08,675 - INFO - Botão processar clicado, aguardando processamento...
2025-04-11 15:05:16,813 - INFO - Processando lançamentos...
2025-04-11 15:05:20,832 - INFO - Informação de lançamentos: NUTRI - ITAU (Conta: 0454990946) - 0/36
2025-04-11 15:05:20,832 - INFO - Lançamentos: 0 de 36
2025-04-11 15:05:20,832 - WARNING - Nem todos os lançamentos foram feitos: 0/36
2025-04-11 15:05:21,759 - INFO - Erro registrado no arquivo de log: I:\Contabilidade\Banco Online\2025\março\erros_download_20250411.txt
2025-04-11 15:05:21,760 - INFO - Pulando para o próximo banco ou empresa...
2025-04-11 15:05:21,760 - WARNING - Nenhuma conta bancária foi processada para a empresa NUTRI
2025-04-11 15:05:21,761 - WARNING - Falha ao processar empresa NUTRI na tentativa 1
2025-04-11 15:05:21,761 - INFO - Aguardando 5 segundos antes da próxima tentativa 2/2...
2025-04-11 15:05:26,762 - INFO - Tentativa 2/2 para empresa NUTRI
2025-04-11 15:05:26,763 - INFO - Processando empresa: NUTRI - Período: 01/03/2025 a 31/03/2025
2025-04-11 15:05:26,764 - INFO - Identificando bancos disponíveis para a empresa: NUTRI
2025-04-11 15:05:28,471 - INFO - Acessando URL de extrato: https://portal.ssparisi.com.br/prime/app/ctrl/GestaoBankExtratoSS.php
2025-04-11 15:05:28,587 - INFO - Empresa 'NUTRI' selecionada
2025-04-11 15:05:31,662 - INFO - Botão de bancos clicado
2025-04-11 15:05:33,665 - INFO - Banco sicredi (classe button-34) não encontrado para esta empresa
2025-04-11 15:05:33,697 - INFO - Encontrado(s) 1 conta(s) do banco itau
2025-04-11 15:05:33,716 - INFO - Banco santander (classe button-32) não encontrado para esta empresa
2025-04-11 15:05:33,721 - INFO - Banco bradesco (classe button-15) não encontrado para esta empresa
2025-04-11 15:05:33,721 - INFO - Total de bancos encontrados: 1
2025-04-11 15:05:33,721 - INFO - Processando banco itau com 1 conta(s)...
2025-04-11 15:05:35,234 - INFO - Acessando página de extrato para processar conta 1 do banco itau
2025-04-11 15:05:40,424 - INFO - Processando conta 1 do banco itau (ID: account-8053)
2025-04-11 15:05:50,573 - INFO - Data inicial preenchida: 01/03/2025
2025-04-11 15:05:50,656 - INFO - Data final preenchida: 31/03/2025
2025-04-11 15:05:58,853 - INFO - Botão processar clicado, aguardando processamento...
2025-04-11 15:06:06,955 - INFO - Processando lançamentos...
2025-04-11 15:06:10,972 - INFO - Informação de lançamentos: NUTRI - ITAU (Conta: 0454990946) - 0/36
2025-04-11 15:06:10,972 - INFO - Lançamentos: 0 de 36
2025-04-11 15:06:10,972 - WARNING - Nem todos os lançamentos foram feitos: 0/36
2025-04-11 15:06:10,972 - INFO - Pulando para o próximo banco ou empresa...
2025-04-11 15:06:10,972 - WARNING - Nenhuma conta bancária foi processada para a empresa NUTRI
2025-04-11 15:06:10,972 - WARNING - Falha ao processar empresa NUTRI na tentativa 2
2025-04-11 15:06:10,972 - ERROR - Falha ao processar empresa NUTRI após 2 tentativas
2025-04-11 15:06:10,977 - INFO - Erro registrado no arquivo de log: I:\Contabilidade\Banco Online\2025\março\erros_download_20250411.txt
2025-04-11 15:06:10,978 - ERROR - Todas as 2 tentativas falharam para empresa NUTRI
2025-04-11 15:06:10,978 - INFO - 
==================================================
2025-04-11 15:06:10,979 - INFO - EMPRESA 3/3: LACERDA
2025-04-11 15:06:10,979 - INFO - ==================================================
2025-04-11 15:06:10,979 - INFO - Tentativa 1/2 para empresa LACERDA
2025-04-11 15:06:10,980 - INFO - Processando empresa: LACERDA - Período: 01/03/2025 a 31/03/2025
2025-04-11 15:06:10,980 - INFO - Identificando bancos disponíveis para a empresa: LACERDA
2025-04-11 15:06:15,509 - INFO - Acessando URL de extrato: https://portal.ssparisi.com.br/prime/app/ctrl/GestaoBankExtratoSS.php
2025-04-11 15:06:15,635 - INFO - Empresa 'LACERDA' selecionada
2025-04-11 15:06:18,705 - INFO - Botão de bancos clicado
2025-04-11 15:06:20,741 - INFO - Encontrado(s) 1 conta(s) do banco sicredi
2025-04-11 15:06:20,741 - INFO - Banco itau (classe button-23) não encontrado para esta empresa
2025-04-11 15:06:20,763 - INFO - Banco santander (classe button-32) não encontrado para esta empresa
2025-04-11 15:06:20,769 - INFO - Banco bradesco (classe button-15) não encontrado para esta empresa
2025-04-11 15:06:20,769 - INFO - Total de bancos encontrados: 1
2025-04-11 15:06:20,769 - INFO - Processando banco sicredi com 1 conta(s)...
2025-04-11 15:06:22,095 - INFO - Acessando página de extrato para processar conta 1 do banco sicredi
2025-04-11 15:06:27,288 - INFO - Processando conta 1 do banco sicredi (ID: account-7889)
2025-04-11 15:06:37,420 - INFO - Data inicial preenchida: 01/03/2025
2025-04-11 15:06:37,496 - INFO - Data final preenchida: 31/03/2025
2025-04-11 15:06:47,273 - INFO - Botão processar clicado, aguardando processamento...
2025-04-11 15:06:55,389 - INFO - Processando lançamentos...
2025-04-11 15:06:59,415 - INFO - Informação de lançamentos: LACERDA REPRESENTACOES S S LTDA ME (Conta: 485121) - 0/28
2025-04-11 15:06:59,415 - INFO - Lançamentos: 0 de 28
2025-04-11 15:06:59,415 - WARNING - Nem todos os lançamentos foram feitos: 0/28
2025-04-11 15:06:59,421 - INFO - Erro registrado no arquivo de log: I:\Contabilidade\Banco Online\2025\março\erros_download_20250411.txt
2025-04-11 15:06:59,422 - INFO - Pulando para o próximo banco ou empresa...
2025-04-11 15:06:59,422 - WARNING - Nenhuma conta bancária foi processada para a empresa LACERDA
2025-04-11 15:06:59,422 - WARNING - Falha ao processar empresa LACERDA na tentativa 1
2025-04-11 15:06:59,423 - INFO - Aguardando 5 segundos antes da próxima tentativa 2/2...
2025-04-11 15:07:04,424 - INFO - Tentativa 2/2 para empresa LACERDA
2025-04-11 15:07:04,424 - INFO - Processando empresa: LACERDA - Período: 01/03/2025 a 31/03/2025
2025-04-11 15:07:04,424 - INFO - Identificando bancos disponíveis para a empresa: LACERDA
2025-04-11 15:07:07,595 - INFO - Acessando URL de extrato: https://portal.ssparisi.com.br/prime/app/ctrl/GestaoBankExtratoSS.php
2025-04-11 15:07:07,710 - INFO - Empresa 'LACERDA' selecionada
2025-04-11 15:07:10,782 - INFO - Botão de bancos clicado
2025-04-11 15:07:12,819 - INFO - Encontrado(s) 1 conta(s) do banco sicredi
2025-04-11 15:07:12,819 - INFO - Banco itau (classe button-23) não encontrado para esta empresa
2025-04-11 15:07:12,838 - INFO - Banco santander (classe button-32) não encontrado para esta empresa
2025-04-11 15:07:12,847 - INFO - Banco bradesco (classe button-15) não encontrado para esta empresa
2025-04-11 15:07:12,847 - INFO - Total de bancos encontrados: 1
2025-04-11 15:07:12,847 - INFO - Processando banco sicredi com 1 conta(s)...
2025-04-11 15:07:15,822 - INFO - Acessando página de extrato para processar conta 1 do banco sicredi
2025-04-11 15:07:21,012 - INFO - Processando conta 1 do banco sicredi (ID: account-7889)
2025-04-11 15:07:31,154 - INFO - Data inicial preenchida: 01/03/2025
2025-04-11 15:07:31,228 - INFO - Data final preenchida: 31/03/2025
2025-04-11 15:07:40,749 - INFO - Botão processar clicado, aguardando processamento...
2025-04-11 15:07:48,864 - INFO - Processando lançamentos...
2025-04-11 15:07:52,875 - INFO - Informação de lançamentos: LACERDA REPRESENTACOES S S LTDA ME (Conta: 485121) - 0/28
2025-04-11 15:07:52,891 - INFO - Lançamentos: 0 de 28
2025-04-11 15:07:52,891 - WARNING - Nem todos os lançamentos foram feitos: 0/28
2025-04-11 15:07:52,891 - INFO - Pulando para o próximo banco ou empresa...
2025-04-11 15:07:52,891 - WARNING - Nenhuma conta bancária foi processada para a empresa LACERDA
2025-04-11 15:07:52,891 - WARNING - Falha ao processar empresa LACERDA na tentativa 2
2025-04-11 15:07:52,891 - ERROR - Falha ao processar empresa LACERDA após 2 tentativas
2025-04-11 15:07:54,226 - INFO - Erro registrado no arquivo de log: I:\Contabilidade\Banco Online\2025\março\erros_download_20250411.txt
2025-04-11 15:07:54,227 - ERROR - Todas as 2 tentativas falharam para empresa LACERDA
2025-04-11 15:07:54,227 - INFO - 

=== RESUMO DA EXECUÇÃO ===
2025-04-11 15:07:54,227 - INFO - Total de empresas: 3
2025-04-11 15:07:54,228 - INFO - Empresas processadas com sucesso: 0
2025-04-11 15:07:54,228 - INFO - Empresas com erro: 3
2025-04-11 15:07:54,228 - INFO - === FIM DA EXECUÇÃO ===

2025-04-11 15:07:54,229 - INFO - Fechando o navegador
